<?xml version="1.0" encoding="UTF-8"?>
<!-- Generated by org.testng.reporters.JUnitXMLReporter -->
<testsuite ignored="0" hostname="DESKTOP-A2R1E8A" failures="1" tests="1" name="CostofSales8FA775_DefaultProfile" time="107.761" errors="0" timestamp="2021-08-12T01:03:00 IST">
  <testcase classname="tests.CostofSales8FA775_DefaultProfile" name="GoToUrlAssertUrl" time="95.653">
    <failure type="java.lang.AssertionError" message="Unable to locate object: By.xpath: //A[contains(text(),&amp;apos;(5,533)&amp;apos;)]">
      <![CDATA[java.lang.AssertionError: Unable to locate object: By.xpath: //A[contains(text(),'(5,533)')]
at pages.CostofSales8FA775.Click__5533_(CostofSales8FA775.java:529)
at tests.CostofSales8FA775_DefaultProfile.GoToUrlAssertUrl(CostofSales8FA775_DefaultProfile.java:98)
at java.base/java.util.ArrayList.forEach(ArrayList.java:1540)
... Removed 28 stack frames]]>
    </failure>
  </testcase> <!-- GoToUrlAssertUrl -->
</testsuite> <!-- CostofSales8FA775_DefaultProfile -->
