<?xml version="1.0" encoding="UTF-8"?>
<!-- Generated by org.testng.reporters.JUnitXMLReporter -->
<testsuite ignored="0" hostname="DESKTOP-A2R1E8A" failures="1" tests="1" name="CostofSales4FA775_DefaultProfile" time="90.119" errors="0" timestamp="2021-08-12T00:56:30 IST">
  <testcase classname="tests.CostofSales4FA775_DefaultProfile" name="GoToUrlAssertUrl" time="87.131">
    <failure type="java.lang.AssertionError" message="Unable to locate object: By.xpath: //A[contains(text(),&amp;apos;(5,533)&amp;apos;)]">
      <![CDATA[java.lang.AssertionError: Unable to locate object: By.xpath: //A[contains(text(),'(5,533)')]
at pages.CostofSales4FA775.Click__5533_(CostofSales4FA775.java:523)
at tests.CostofSales4FA775_DefaultProfile.GoToUrlAssertUrl(CostofSales4FA775_DefaultProfile.java:98)
at java.base/java.util.ArrayList.forEach(ArrayList.java:1540)
... Removed 28 stack frames]]>
    </failure>
  </testcase> <!-- GoToUrlAssertUrl -->
</testsuite> <!-- CostofSales4FA775_DefaultProfile -->
