<?xml version="1.0" encoding="UTF-8"?>
<!-- Generated by org.testng.reporters.JUnitXMLReporter -->
<testsuite ignored="0" hostname="DESKTOP-A2R1E8A" failures="1" tests="1" name="CostofSales3FA775_DefaultProfile" time="112.247" errors="0" timestamp="2021-08-12T00:55:00 IST">
  <testcase classname="tests.CostofSales3FA775_DefaultProfile" name="GoToUrlAssertUrlClick5533" time="109.846">
    <failure type="java.lang.AssertionError" message="Unable to locate object: By.xpath: //A[contains(text(),&amp;apos;(5,533)&amp;apos;)]">
      <![CDATA[java.lang.AssertionError: Unable to locate object: By.xpath: //A[contains(text(),'(5,533)')]
at pages.CostofSales3FA775.Click__5533_(CostofSales3FA775.java:526)
at tests.CostofSales3FA775_DefaultProfile.GoToUrlAssertUrlClick5533(CostofSales3FA775_DefaultProfile.java:98)
at java.base/java.util.ArrayList.forEach(ArrayList.java:1540)
... Removed 28 stack frames]]>
    </failure>
  </testcase> <!-- GoToUrlAssertUrlClick5533 -->
</testsuite> <!-- CostofSales3FA775_DefaultProfile -->
