<?xml version="1.0" encoding="UTF-8"?>
<!-- Generated by org.testng.reporters.JUnitXMLReporter -->
<testsuite ignored="0" hostname="DESKTOP-A2R1E8A" failures="1" tests="1" name="CostofrawmaterialsandconsumablesFA775_DefaultProfile" time="128.351" errors="0" timestamp="2021-08-12T01:13:09 IST">
  <testcase classname="tests.CostofrawmaterialsandconsumablesFA775_DefaultProfile" name="GoToUrlAssertUrlClickCostofrawmaterialandconsumables" time="125.339">
    <failure type="java.lang.AssertionError" message="Unable to locate object: By.xpath: //A[contains(text(),&amp;apos;(5,038)&amp;apos;)]">
      <![CDATA[java.lang.AssertionError: Unable to locate object: By.xpath: //A[contains(text(),'(5,038)')]
at pages.Cost_of_raw_materials_and_consumablesFA775.Click_Cost_of_raw_material_and_consumables(Cost_of_raw_materials_and_consumablesFA775.java:542)
at tests.CostofrawmaterialsandconsumablesFA775_DefaultProfile.GoToUrlAssertUrlClickCostofrawmaterialandconsumables(CostofrawmaterialsandconsumablesFA775_DefaultProfile.java:98)
at java.base/java.util.ArrayList.forEach(ArrayList.java:1540)
... Removed 28 stack frames]]>
    </failure>
  </testcase> <!-- GoToUrlAssertUrlClickCostofrawmaterialandconsumables -->
</testsuite> <!-- CostofrawmaterialsandconsumablesFA775_DefaultProfile -->
