<?xml version="1.0" encoding="UTF-8"?>
<!-- Generated by org.testng.reporters.JUnitXMLReporter -->
<testsuite ignored="0" hostname="DESKTOP-A2R1E8A" failures="1" tests="1" name="Costofrawmaterialsandconsumables3FA775_DefaultProfile" time="136.73" errors="0" timestamp="2021-08-12T01:18:58 IST">
  <testcase classname="tests.Costofrawmaterialsandconsumables3FA775_DefaultProfile" name="GoToUrlAssertUrl" time="134.126">
    <failure type="java.lang.AssertionError" message="Unable to locate object: By.xpath: //A[contains(text(),&amp;apos;(5,038)&amp;apos;)]">
      <![CDATA[java.lang.AssertionError: Unable to locate object: By.xpath: //A[contains(text(),'(5,038)')]
at pages.Cost_of_raw_materials_and_consumables3FA775.Click_Cost_of_raw_material_and_consumables(Cost_of_raw_materials_and_consumables3FA775.java:575)
at tests.Costofrawmaterialsandconsumables3FA775_DefaultProfile.GoToUrlAssertUrl(Costofrawmaterialsandconsumables3FA775_DefaultProfile.java:98)
at java.base/java.util.ArrayList.forEach(ArrayList.java:1540)
... Removed 28 stack frames]]>
    </failure>
  </testcase> <!-- GoToUrlAssertUrl -->
</testsuite> <!-- Costofrawmaterialsandconsumables3FA775_DefaultProfile -->
