<?xml version="1.0" encoding="UTF-8"?>
<!-- Generated by org.testng.reporters.JUnitXMLReporter -->
<testsuite ignored="0" hostname="DESKTOP-A2R1E8A" failures="1" tests="1" name="CostofSales2FA775_DefaultProfile" time="102.828" errors="0" timestamp="2021-08-12T00:53:07 IST">
  <testcase classname="tests.CostofSales2FA775_DefaultProfile" name="GoToUrlAssertUrlClick5533" time="100.431">
    <failure type="java.lang.AssertionError" message="Unable to locate object: By.xpath: //A[contains(text(),&amp;apos;(5,533)&amp;apos;)]">
      <![CDATA[java.lang.AssertionError: Unable to locate object: By.xpath: //A[contains(text(),'(5,533)')]
at pages.CostofSales2FA775.Click__5533_(CostofSales2FA775.java:526)
at tests.CostofSales2FA775_DefaultProfile.GoToUrlAssertUrlClick5533(CostofSales2FA775_DefaultProfile.java:100)
at java.base/java.util.ArrayList.forEach(ArrayList.java:1540)
... Removed 28 stack frames]]>
    </failure>
  </testcase> <!-- GoToUrlAssertUrlClick5533 -->
</testsuite> <!-- CostofSales2FA775_DefaultProfile -->
