<?xml version="1.0" encoding="UTF-8"?>
<!-- Generated by org.testng.reporters.JUnitXMLReporter -->
<testsuite ignored="0" hostname="DESKTOP-A2R1E8A" failures="1" tests="1" name="DetailedIncomeStatementCostofrawmaterials4_DefaultProfile" time="125.131" errors="0" timestamp="2021-08-12T04:30:59 IST">
  <testcase classname="tests.DetailedIncomeStatementCostofrawmaterials4_DefaultProfile" name="GoToUrlAssertUrlClickDetailedIncomeStatementClickClosingStock" time="122.197">
    <failure type="java.lang.AssertionError" message="Unable to locate object: By.xpath: /html/body/form/main/div/div[3]/div/div[3]/a[7]">
      <![CDATA[java.lang.AssertionError: Unable to locate object: By.xpath: /html/body/form/main/div/div[3]/div/div[3]/a[7]
at pages.DetailedIncomeStatementCostofrawmaterials4.Click_Detailed_Income_Statement(DetailedIncomeStatementCostofrawmaterials4.java:654)
at tests.DetailedIncomeStatementCostofrawmaterials4_DefaultProfile.GoToUrlAssertUrlClickDetailedIncomeStatementClickClosingStock(DetailedIncomeStatementCostofrawmaterials4_DefaultProfile.java:107)
at java.base/java.util.ArrayList.forEach(ArrayList.java:1540)
... Removed 28 stack frames]]>
    </failure>
  </testcase> <!-- GoToUrlAssertUrlClickDetailedIncomeStatementClickClosingStock -->
</testsuite> <!-- DetailedIncomeStatementCostofrawmaterials4_DefaultProfile -->
