<?xml version="1.0" encoding="UTF-8"?>
<!-- Generated by org.testng.reporters.JUnitXMLReporter -->
<testsuite ignored="0" hostname="DESKTOP-A2R1E8A" failures="1" tests="1" name="DetailedIncomeStatementSellinganddistributionexpenses8_DefaultProfile" time="122.9" errors="0" timestamp="2021-08-12T05:03:18 IST">
  <testcase classname="tests.DetailedIncomeStatementSellinganddistributionexpenses8_DefaultProfile" name="GoToUrlAssertUrlClickDetailedIncomeStatementClickRentalIncome" time="116.975">
    <failure type="org.openqa.selenium.ElementClickInterceptedException" message="element click intercepted: Element &amp;lt;a href=&amp;quot;#DetailedIncomeStatement&amp;quot; class=&amp;quot;border-btm-dotted js-anchor-link&amp;quot;&amp;gt;...&amp;lt;/a&amp;gt; is not clickable at point (365, 10). Other element would receive the click: &amp;lt;button class=&amp;quot;dropdown-toggle darkgreen_btn manually_add_btn_acc white_text&amp;quot; type=&amp;quot;button&amp;quot; data-toggle=&amp;quot;dropdown&amp;quot;&amp;gt;...&amp;lt;/button&amp;gt;
  (Session info: chrome=92.0.4515.131)
Build info: version: &amp;apos;3.11.0&amp;apos;, revision: &amp;apos;e59cfb3&amp;apos;, time: &amp;apos;2018-03-11T20:26:55.152Z&amp;apos;
System info: host: &amp;apos;DESKTOP-A2R1E8A&amp;apos;, ip: &amp;apos;192.168.1.49&amp;apos;, os.name: &amp;apos;Windows 10&amp;apos;, os.arch: &amp;apos;amd64&amp;apos;, os.version: &amp;apos;10.0&amp;apos;, java.version: &amp;apos;11.0.6&amp;apos;
Driver info: org.openqa.selenium.chrome.ChromeDriver
Capabilities {acceptInsecureCerts: false, browserName: chrome, browserVersion: 92.0.4515.131, chrome: {chromedriverVersion: 91.0.4472.101 (af52a90bf870..., userDataDir: C:\Users\ADMINI~1\AppData\L...}, goog:chromeOptions: {debuggerAddress: localhost:57280}, javascriptEnabled: true, networkConnectionEnabled: false, pageLoadStrategy: normal, platform: WINDOWS, platformName: WINDOWS, proxy: Proxy(), setWindowRect: true, strictFileInteractability: false, timeouts: {implicit: 0, pageLoad: 300000, script: 30000}, unhandledPromptBehavior: dismiss and notify, webauthn:extension:largeBlob: true, webauthn:virtualAuthenticators: true}
Session ID: 5e2b8c8c2fe74737a4b9e68c56643dd4">
      <![CDATA[org.openqa.selenium.ElementClickInterceptedException: element click intercepted: Element <a href="#DetailedIncomeStatement" class="border-btm-dotted js-anchor-link">...</a> is not clickable at point (365, 10). Other element would receive the click: <button class="dropdown-toggle darkgreen_btn manually_add_btn_acc white_text" type="button" data-toggle="dropdown">...</button>
  (Session info: chrome=92.0.4515.131)
Build info: version: '3.11.0', revision: 'e59cfb3', time: '2018-03-11T20:26:55.152Z'
System info: host: 'DESKTOP-A2R1E8A', ip: '192.168.1.49', os.name: 'Windows 10', os.arch: 'amd64', os.version: '10.0', java.version: '11.0.6'
Driver info: org.openqa.selenium.chrome.ChromeDriver
Capabilities {acceptInsecureCerts: false, browserName: chrome, browserVersion: 92.0.4515.131, chrome: {chromedriverVersion: 91.0.4472.101 (af52a90bf870..., userDataDir: C:\Users\ADMINI~1\AppData\L...}, goog:chromeOptions: {debuggerAddress: localhost:57280}, javascriptEnabled: true, networkConnectionEnabled: false, pageLoadStrategy: normal, platform: WINDOWS, platformName: WINDOWS, proxy: Proxy(), setWindowRect: true, strictFileInteractability: false, timeouts: {implicit: 0, pageLoad: 300000, script: 30000}, unhandledPromptBehavior: dismiss and notify, webauthn:extension:largeBlob: true, webauthn:virtualAuthenticators: true}
Session ID: 5e2b8c8c2fe74737a4b9e68c56643dd4
at org.openqa.selenium.remote.http.W3CHttpResponseCodec.createException(W3CHttpResponseCodec.java:187)
at org.openqa.selenium.remote.http.W3CHttpResponseCodec.decode(W3CHttpResponseCodec.java:122)
at org.openqa.selenium.remote.http.W3CHttpResponseCodec.decode(W3CHttpResponseCodec.java:49)
at org.openqa.selenium.remote.HttpCommandExecutor.execute(HttpCommandExecutor.java:158)
at org.openqa.selenium.remote.service.DriverCommandExecutor.execute(DriverCommandExecutor.java:83)
at org.openqa.selenium.remote.RemoteWebDriver.execute(RemoteWebDriver.java:545)
at org.openqa.selenium.remote.RemoteWebElement.execute(RemoteWebElement.java:279)
at org.openqa.selenium.remote.RemoteWebElement.click(RemoteWebElement.java:83)
at pages.DetailedIncomeStatementSelling_and_distribution_expenses8.Click_Detailed_Income_Statement(DetailedIncomeStatementSelling_and_distribution_expenses8.java:653)
at tests.DetailedIncomeStatementSellinganddistributionexpenses8_DefaultProfile.GoToUrlAssertUrlClickDetailedIncomeStatementClickRentalIncome(DetailedIncomeStatementSellinganddistributionexpenses8_DefaultProfile.java:114)
at java.base/java.util.ArrayList.forEach(ArrayList.java:1540)
... Removed 30 stack frames]]>
    </failure>
  </testcase> <!-- GoToUrlAssertUrlClickDetailedIncomeStatementClickRentalIncome -->
</testsuite> <!-- DetailedIncomeStatementSellinganddistributionexpenses8_DefaultProfile -->
