<?xml version="1.0" encoding="UTF-8"?>
<!-- Generated by org.testng.reporters.JUnitXMLReporter -->
<testsuite ignored="0" hostname="DESKTOP-A2R1E8A" failures="1" tests="1" name="FA775newclientmodule_DefaultProfile" time="73.533" errors="0" timestamp="2021-08-12T00:42:43 IST">
  <testcase classname="tests.FA775newclientmodule_DefaultProfile" name="GoToUrlAssertUrlPositiveEnterUsernamePositiveEnterPasswordClickLoginButtonPositiveEnterAgentNa" time="70.828">
    <failure type="java.lang.AssertionError" message="expected [282,745] but found [342,745]">
      <![CDATA[java.lang.AssertionError: expected [282,745] but found [342,745]
at pages.FA775newclientmodule.Click_Income_Statement_Page(FA775newclientmodule.java:1023)
at tests.FA775newclientmodule_DefaultProfile.GoToUrlAssertUrlPositiveEnterUsernamePositiveEnterPasswordClickLoginButtonPositiveEnterAgentNa(FA775newclientmodule_DefaultProfile.java:164)
at java.base/java.util.ArrayList.forEach(ArrayList.java:1540)
... Removed 32 stack frames]]>
    </failure>
  </testcase> <!-- GoToUrlAssertUrlPositiveEnterUsernamePositiveEnterPasswordClickLoginButtonPositiveEnterAgentNa -->
</testsuite> <!-- FA775newclientmodule_DefaultProfile -->
