<?xml version="1.0" encoding="UTF-8"?>
<!-- Generated by org.testng.reporters.JUnitXMLReporter -->
<testsuite ignored="0" hostname="DESKTOP-A2R1E8A" failures="1" tests="1" name="Othercharges11FA775_DefaultProfile" time="145.449" errors="0" timestamp="2021-08-12T02:34:52 IST">
  <testcase classname="tests.Othercharges11FA775_DefaultProfile" name="GoToUrlAssertUrl" time="142.171">
    <failure type="java.lang.AssertionError" message="Unable to locate object: By.xpath: //A[@href=&amp;apos;Popup/FAViewTrialBalance.aspx?StandardCode=2&amp;amp;MainSection=PL&amp;amp;Year=P&amp;amp;Section=OTHERCHARGES&amp;amp;FYCode=53174&amp;amp;CompanyCode=13249&amp;apos;]">
      <![CDATA[java.lang.AssertionError: Unable to locate object: By.xpath: //A[@href='Popup/FAViewTrialBalance.aspx?StandardCode=2&MainSection=PL&Year=P&Section=OTHERCHARGES&FYCode=53174&CompanyCode=13249']
at pages.Other_charges11FA775.Click_Other_charges(Other_charges11FA775.java:558)
at tests.Othercharges11FA775_DefaultProfile.GoToUrlAssertUrl(Othercharges11FA775_DefaultProfile.java:98)
at java.base/java.util.ArrayList.forEach(ArrayList.java:1540)
... Removed 28 stack frames]]>
    </failure>
  </testcase> <!-- GoToUrlAssertUrl -->
</testsuite> <!-- Othercharges11FA775_DefaultProfile -->
