<?xml version="1.0" encoding="UTF-8"?>
<!-- Generated by org.testng.reporters.JUnitXMLReporter -->
<testsuite ignored="0" hostname="DESKTOP-A2R1E8A" failures="1" tests="1" name="Othercharges3FA775_DefaultProfile" time="32.946" errors="0" timestamp="2021-08-12T02:18:39 IST">
  <testcase classname="tests.Othercharges3FA775_DefaultProfile" name="GoToUrlAssertUrl" time="30.509">
    <failure type="java.lang.AssertionError" message="Unable to locate object: By.xpath: //label[contains(.,&amp;apos;Name:&amp;apos;)]/../input">
      <![CDATA[java.lang.AssertionError: Unable to locate object: By.xpath: //label[contains(.,'Name:')]/../input
at pages.Other_charges3FA775.Enter_AgentName(Other_charges3FA775.java:178)
at tests.Othercharges3FA775_DefaultProfile.GoToUrlAssertUrl(Othercharges3FA775_DefaultProfile.java:54)
at java.base/java.util.ArrayList.forEach(ArrayList.java:1540)
... Removed 28 stack frames]]>
    </failure>
  </testcase> <!-- GoToUrlAssertUrl -->
</testsuite> <!-- Othercharges3FA775_DefaultProfile -->
