<?xml version="1.0" encoding="UTF-8"?>
<!-- Generated by org.testng.reporters.JUnitXMLReporter -->
<testsuite ignored="0" hostname="DESKTOP-A2R1E8A" failures="1" tests="1" name="VerifyrenamingoflastlineitemasperrequirementonIncomeStatementpageFA69455_DefaultProfile" time="19.249" errors="0" timestamp="2021-08-11T00:08:26 IST">
  <testcase classname="tests.VerifyrenamingoflastlineitemasperrequirementonIncomeStatementpageFA69455_DefaultProfile" name="GoToUrlAssertUrlPositiveEnterUsernamePositiveEnterPasswordClickLoginButtonPositiveEnterAgentNa" time="16.475">
    <failure type="java.lang.AssertionError" message="Unable to locate object: By.xpath: //label[contains(.,&amp;apos;Name:&amp;apos;)]/../input">
      <![CDATA[java.lang.AssertionError: Unable to locate object: By.xpath: //label[contains(.,'Name:')]/../input
at pages.Verify_renaming_of_last_line_item_as_per_requirement_on_Income_Statement_pageFA69455.Enter_AgentName(Verify_renaming_of_last_line_item_as_per_requirement_on_Income_Statement_pageFA69455.java:198)
at tests.VerifyrenamingoflastlineitemasperrequirementonIncomeStatementpageFA69455_DefaultProfile.GoToUrlAssertUrlPositiveEnterUsernamePositiveEnterPasswordClickLoginButtonPositiveEnterAgentNa(VerifyrenamingoflastlineitemasperrequirementonIncomeStatementpageFA69455_DefaultProfile.java:57)
at java.base/java.util.ArrayList.forEach(ArrayList.java:1540)
... Removed 28 stack frames]]>
    </failure>
  </testcase> <!-- GoToUrlAssertUrlPositiveEnterUsernamePositiveEnterPasswordClickLoginButtonPositiveEnterAgentNa -->
</testsuite> <!-- VerifyrenamingoflastlineitemasperrequirementonIncomeStatementpageFA69455_DefaultProfile -->
