<?xml version="1.0" encoding="UTF-8"?>
<!-- Generated by org.testng.reporters.JUnitXMLReporter -->
<testsuite ignored="0" hostname="DESKTOP-A2R1E8A" failures="1" tests="1" name="VerifyAboutthisreturniseditableafterunlockingthereturnFA7158_DefaultProfile" time="16.767" errors="0" timestamp="2021-08-11T17:06:46 IST">
  <testcase classname="tests.VerifyAboutthisreturniseditableafterunlockingthereturnFA7158_DefaultProfile" name="GoToUrlAssertUrlPositiveEnterUsernamePositiveEnterPasswordClickLoginButtonPositiveEnterAgentNa" time="13.228">
    <failure type="java.lang.AssertionError" message="Unable to locate object: By.xpath: //label[contains(.,&amp;apos;Name:&amp;apos;)]/../input">
      <![CDATA[java.lang.AssertionError: Unable to locate object: By.xpath: //label[contains(.,'Name:')]/../input
at pages.Verify_About_this_return_is_editable_after_unlocking_the_returnFA7158.Enter_AgentName(Verify_About_this_return_is_editable_after_unlocking_the_returnFA7158.java:186)
at tests.VerifyAboutthisreturniseditableafterunlockingthereturnFA7158_DefaultProfile.GoToUrlAssertUrlPositiveEnterUsernamePositiveEnterPasswordClickLoginButtonPositiveEnterAgentNa(VerifyAboutthisreturniseditableafterunlockingthereturnFA7158_DefaultProfile.java:59)
at java.base/java.util.ArrayList.forEach(ArrayList.java:1540)
... Removed 28 stack frames]]>
    </failure>
  </testcase> <!-- GoToUrlAssertUrlPositiveEnterUsernamePositiveEnterPasswordClickLoginButtonPositiveEnterAgentNa -->
</testsuite> <!-- VerifyAboutthisreturniseditableafterunlockingthereturnFA7158_DefaultProfile -->
