<?xml version="1.0" encoding="UTF-8"?>
<!-- Generated by org.testng.reporters.JUnitXMLReporter -->
<testsuite ignored="0" hostname="DESKTOP-A2R1E8A" failures="1" tests="1" name="VerifynewlineinsertedafterinvestmentcalledinvestmentpropertyonstatementFA69660_DefaultProfile" time="109.843" errors="0" timestamp="2021-08-11T11:33:39 IST">
  <testcase classname="tests.VerifynewlineinsertedafterinvestmentcalledinvestmentpropertyonstatementFA69660_DefaultProfile" name="GoToUrlAssertUrlPositiveEnterUsernameEnterPaswordClickLoginButtonPositiveEnterAgentNameClickS" time="107.218">
    <failure type="java.lang.AssertionError" message="Unable to locate object: By.xpath: //INPUT[@name=&amp;apos;ctl00$cPH$rptRecord$ctl00$AccountUC1$txtAccount&amp;apos;]">
      <![CDATA[java.lang.AssertionError: Unable to locate object: By.xpath: //INPUT[@name='ctl00$cPH$rptRecord$ctl00$AccountUC1$txtAccount']
at pages.Verify_new_line_inserted_after_investment_called_investment_property_on_statementFA69660.Enter_Account1(Verify_new_line_inserted_after_investment_called_investment_property_on_statementFA69660.java:650)
at tests.VerifynewlineinsertedafterinvestmentcalledinvestmentpropertyonstatementFA69660_DefaultProfile.GoToUrlAssertUrlPositiveEnterUsernameEnterPaswordClickLoginButtonPositiveEnterAgentNameClickS(VerifynewlineinsertedafterinvestmentcalledinvestmentpropertyonstatementFA69660_DefaultProfile.java:110)
at java.base/java.util.ArrayList.forEach(ArrayList.java:1540)
... Removed 28 stack frames]]>
    </failure>
  </testcase> <!-- GoToUrlAssertUrlPositiveEnterUsernameEnterPaswordClickLoginButtonPositiveEnterAgentNameClickS -->
</testsuite> <!-- VerifynewlineinsertedafterinvestmentcalledinvestmentpropertyonstatementFA69660_DefaultProfile -->
