<?xml version="1.0" encoding="UTF-8"?>
<!-- Generated by org.testng.reporters.JUnitXMLReporter -->
<testsuite ignored="0" hostname="DESKTOP-A2R1E8A" failures="1" tests="1" name="VerifyCTAdjustmentsscreenisnoteditableafterlockingtheperiodFA7152_DefaultProfile" time="15.636" errors="0" timestamp="2021-08-11T17:04:35 IST">
  <testcase classname="tests.VerifyCTAdjustmentsscreenisnoteditableafterlockingtheperiodFA7152_DefaultProfile" name="GoToUrlAssertUrlPositiveEnterUsernamePositiveEnterPasswordClickLoginButtonPositiveEnterAgentNa" time="13.54">
    <failure type="java.lang.AssertionError" message="Unable to locate object: By.xpath: //label[contains(.,&amp;apos;Name:&amp;apos;)]/../input">
      <![CDATA[java.lang.AssertionError: Unable to locate object: By.xpath: //label[contains(.,'Name:')]/../input
at pages.Verify_CT_Adjustments_screen_is_not_editable_after_locking_the_periodFA7152.Enter_AgentName(Verify_CT_Adjustments_screen_is_not_editable_after_locking_the_periodFA7152.java:178)
at tests.VerifyCTAdjustmentsscreenisnoteditableafterlockingtheperiodFA7152_DefaultProfile.GoToUrlAssertUrlPositiveEnterUsernamePositiveEnterPasswordClickLoginButtonPositiveEnterAgentNa(VerifyCTAdjustmentsscreenisnoteditableafterlockingtheperiodFA7152_DefaultProfile.java:58)
at java.base/java.util.ArrayList.forEach(ArrayList.java:1540)
... Removed 28 stack frames]]>
    </failure>
  </testcase> <!-- GoToUrlAssertUrlPositiveEnterUsernamePositiveEnterPasswordClickLoginButtonPositiveEnterAgentNa -->
</testsuite> <!-- VerifyCTAdjustmentsscreenisnoteditableafterlockingtheperiodFA7152_DefaultProfile -->
