<?xml version="1.0" encoding="UTF-8"?>
<!-- Generated by org.testng.reporters.JUnitXMLReporter -->
<testsuite ignored="0" hostname="DESKTOP-A2R1E8A" failures="1" tests="1" name="VerifyusercanmodifysigningdateonDirectorsReportaspertheirwishFA69444_DefaultProfile" time="17.427" errors="0" timestamp="2021-08-11T11:54:50 IST">
  <testcase classname="tests.VerifyusercanmodifysigningdateonDirectorsReportaspertheirwishFA69444_DefaultProfile" name="GoToUrlAssertUrlPositiveEnterUsernamePositiveEnterPasswordClickLoginButtonPositiveEnterAgentNa" time="13.401">
    <failure type="java.lang.AssertionError" message="Unable to locate object: By.xpath: //label[contains(.,&amp;apos;Name:&amp;apos;)]/../input">
      <![CDATA[java.lang.AssertionError: Unable to locate object: By.xpath: //label[contains(.,'Name:')]/../input
at pages.Verify_user_can_modify_signing_date_on_Directors_Report_as_per_their_wishFA69444.Enter_AgentName(Verify_user_can_modify_signing_date_on_Directors_Report_as_per_their_wishFA69444.java:196)
at tests.VerifyusercanmodifysigningdateonDirectorsReportaspertheirwishFA69444_DefaultProfile.GoToUrlAssertUrlPositiveEnterUsernamePositiveEnterPasswordClickLoginButtonPositiveEnterAgentNa(VerifyusercanmodifysigningdateonDirectorsReportaspertheirwishFA69444_DefaultProfile.java:57)
at java.base/java.util.ArrayList.forEach(ArrayList.java:1540)
... Removed 28 stack frames]]>
    </failure>
  </testcase> <!-- GoToUrlAssertUrlPositiveEnterUsernamePositiveEnterPasswordClickLoginButtonPositiveEnterAgentNa -->
</testsuite> <!-- VerifyusercanmodifysigningdateonDirectorsReportaspertheirwishFA69444_DefaultProfile -->
