<?xml version="1.0" encoding="UTF-8"?>
<!-- Generated by org.testng.reporters.JUnitXMLReporter -->
<testsuite ignored="0" hostname="DESKTOP-A2R1E8A" failures="1" tests="1" name="VerifyusercanaddremoveAccountantsReportaspertheirwishFA69447_DefaultProfile" time="32.096" errors="0" timestamp="2021-08-11T11:55:39 IST">
  <testcase classname="tests.VerifyusercanaddremoveAccountantsReportaspertheirwishFA69447_DefaultProfile" name="GoToUrlAssertUrlPositiveEnterUsernamePositiveEnterPasswordClickLoginButtonPositiveEnterAgentNa" time="29.524">
    <failure type="java.lang.AssertionError" message="Unable to locate object: By.xpath: //label[contains(.,&amp;apos;Name:&amp;apos;)]/../input">
      <![CDATA[java.lang.AssertionError: Unable to locate object: By.xpath: //label[contains(.,'Name:')]/../input
at pages.Verify_user_can_add_remove_Accountants_Report_as_per_their_wishFA69447.Enter_AgentName(Verify_user_can_add_remove_Accountants_Report_as_per_their_wishFA69447.java:198)
at tests.VerifyusercanaddremoveAccountantsReportaspertheirwishFA69447_DefaultProfile.GoToUrlAssertUrlPositiveEnterUsernamePositiveEnterPasswordClickLoginButtonPositiveEnterAgentNa(VerifyusercanaddremoveAccountantsReportaspertheirwishFA69447_DefaultProfile.java:57)
at java.base/java.util.ArrayList.forEach(ArrayList.java:1540)
... Removed 28 stack frames]]>
    </failure>
  </testcase> <!-- GoToUrlAssertUrlPositiveEnterUsernamePositiveEnterPasswordClickLoginButtonPositiveEnterAgentNa -->
</testsuite> <!-- VerifyusercanaddremoveAccountantsReportaspertheirwishFA69447_DefaultProfile -->
