<?xml version="1.0" encoding="UTF-8"?>
<!-- Generated by org.testng.reporters.JUnitXMLReporter -->
<testsuite ignored="0" hostname="DESKTOP-A2R1E8A" failures="1" tests="1" name="Verifyledgercode7958areincludedunderlossgainonrevaluationreserveFA69654_DefaultProfile" time="108.335" errors="0" timestamp="2021-08-11T03:20:27 IST">
  <testcase classname="tests.Verifyledgercode7958areincludedunderlossgainonrevaluationreserveFA69654_DefaultProfile" name="GoToUrlAssertUrlPositiveEnterUsernameEnterPaswordClickLoginButtonPositiveEnterAgentNameClickS" time="105.976">
    <failure type="java.lang.AssertionError" message="Unable to locate object: By.xpath: //INPUT[@name=&amp;apos;ctl00$cPH$rptRecord$ctl00$AccountUC1$txtAccount&amp;apos;]">
      <![CDATA[java.lang.AssertionError: Unable to locate object: By.xpath: //INPUT[@name='ctl00$cPH$rptRecord$ctl00$AccountUC1$txtAccount']
at pages.Verify_ledger_code_7958_are_included_under_loss_gain_on_revaluation_reserveFA69654.Enter_Account1(Verify_ledger_code_7958_are_included_under_loss_gain_on_revaluation_reserveFA69654.java:627)
at tests.Verifyledgercode7958areincludedunderlossgainonrevaluationreserveFA69654_DefaultProfile.GoToUrlAssertUrlPositiveEnterUsernameEnterPaswordClickLoginButtonPositiveEnterAgentNameClickS(Verifyledgercode7958areincludedunderlossgainonrevaluationreserveFA69654_DefaultProfile.java:109)
at java.base/java.util.ArrayList.forEach(ArrayList.java:1540)
... Removed 28 stack frames]]>
    </failure>
  </testcase> <!-- GoToUrlAssertUrlPositiveEnterUsernameEnterPaswordClickLoginButtonPositiveEnterAgentNameClickS -->
</testsuite> <!-- Verifyledgercode7958areincludedunderlossgainonrevaluationreserveFA69654_DefaultProfile -->
