<?xml version="1.0" encoding="UTF-8"?>
<!-- Generated by org.testng.reporters.JUnitXMLReporter -->
<testsuite ignored="0" hostname="DESKTOP-A2R1E8A" failures="1" tests="1" name="VerifyregistrationnumberappearingoncoverpageFA6961_DefaultProfile" time="59.514" errors="0" timestamp="2021-08-11T01:50:36 IST">
  <testcase classname="tests.VerifyregistrationnumberappearingoncoverpageFA6961_DefaultProfile" name="GoToUrlAssertUrlPositiveEnterUsernamePositiveEnterPasswordClickLoginButtonPositiveEnterctl00cP" time="56.54">
    <failure type="java.lang.AssertionError" message="Unable to locate object: By.xpath: //*[@id=&amp;quot;ctl00_divSubContent&amp;quot;]/div[3]/div/div/table/tbody/tr[2]/td[1]">
      <![CDATA[java.lang.AssertionError: Unable to locate object: By.xpath: //*[@id="ctl00_divSubContent"]/div[3]/div/div/table/tbody/tr[2]/td[1]
at pages.Verify_registration_number_appearing_on_cover_pageFA6961.Click__Nakul_(Verify_registration_number_appearing_on_cover_pageFA6961.java:307)
at tests.VerifyregistrationnumberappearingoncoverpageFA6961_DefaultProfile.GoToUrlAssertUrlPositiveEnterUsernamePositiveEnterPasswordClickLoginButtonPositiveEnterctl00cP(VerifyregistrationnumberappearingoncoverpageFA6961_DefaultProfile.java:65)
at java.base/java.util.ArrayList.forEach(ArrayList.java:1540)
... Removed 28 stack frames]]>
    </failure>
  </testcase> <!-- GoToUrlAssertUrlPositiveEnterUsernamePositiveEnterPasswordClickLoginButtonPositiveEnterctl00cP -->
</testsuite> <!-- VerifyregistrationnumberappearingoncoverpageFA6961_DefaultProfile -->
