<?xml version="1.0" encoding="UTF-8"?>
<!-- Generated by org.testng.reporters.JUnitXMLReporter -->
<testsuite ignored="0" hostname="DESKTOP-A2R1E8A" failures="1" tests="1" name="VerifyEditbuttonmustnotbeworkingforRDandCapitalAllowancesFA71511_DefaultProfile" time="33.435" errors="0" timestamp="2021-08-11T17:07:55 IST">
  <testcase classname="tests.VerifyEditbuttonmustnotbeworkingforRDandCapitalAllowancesFA71511_DefaultProfile" name="GoToUrlAssertUrlPositiveEnterUsernamePositiveEnterPasswordClickLoginButtonPositiveEnterAgentNa" time="31.238">
    <failure type="java.lang.AssertionError" message="Unable to locate object: By.xpath: //label[contains(.,&amp;apos;Name:&amp;apos;)]/../input">
      <![CDATA[java.lang.AssertionError: Unable to locate object: By.xpath: //label[contains(.,'Name:')]/../input
at pages.Verify_Edit_button_must_not_be_working_for_RD_and_Capital_AllowancesFA71511.Enter_AgentName(Verify_Edit_button_must_not_be_working_for_RD_and_Capital_AllowancesFA71511.java:177)
at tests.VerifyEditbuttonmustnotbeworkingforRDandCapitalAllowancesFA71511_DefaultProfile.GoToUrlAssertUrlPositiveEnterUsernamePositiveEnterPasswordClickLoginButtonPositiveEnterAgentNa(VerifyEditbuttonmustnotbeworkingforRDandCapitalAllowancesFA71511_DefaultProfile.java:57)
at java.base/java.util.ArrayList.forEach(ArrayList.java:1540)
... Removed 28 stack frames]]>
    </failure>
  </testcase> <!-- GoToUrlAssertUrlPositiveEnterUsernamePositiveEnterPasswordClickLoginButtonPositiveEnterAgentNa -->
</testsuite> <!-- VerifyEditbuttonmustnotbeworkingforRDandCapitalAllowancesFA71511_DefaultProfile -->
