<html>
<head>
<title>TestNG:  Verifymember2_DefaultProfilee</title>
<link href="../testng.css" rel="stylesheet" type="text/css" />
<link href="../my-testng.css" rel="stylesheet" type="text/css" />

<style type="text/css">
.log { display: none;} 
.stack-trace { display: none;} 
</style>
<script type="text/javascript">
<!--
function flip(e) {
  current = e.style.display;
  if (current == 'block') {
    e.style.display = 'none';
    return 0;
  }
  else {
    e.style.display = 'block';
    return 1;
  }
}

function toggleBox(szDivId, elem, msg1, msg2)
{
  var res = -1;  if (document.getElementById) {
    res = flip(document.getElementById(szDivId));
  }
  else if (document.all) {
    // this is the way old msie versions work
    res = flip(document.all[szDivId]);
  }
  if(elem) {
    if(res == 0) elem.innerHTML = msg1; else elem.innerHTML = msg2;
  }

}

function toggleAllBoxes() {
  if (document.getElementsByTagName) {
    d = document.getElementsByTagName('div');
    for (i = 0; i < d.length; i++) {
      if (d[i].className == 'log') {
        flip(d[i]);
      }
    }
  }
}

// -->
</script>

</head>
<body>
<h2 align='center'>Verifymember2_DefaultProfilee</h2><table border='1' align="center">
<tr>
<td>Tests passed/Failed/Skipped:</td><td>0/1/0</td>
</tr><tr>
<td>Started on:</td><td>Sat Mar 20 13:04:38 IST 2021</td>
</tr>
<tr><td>Total time:</td><td>156 seconds (156294 ms)</td>
</tr><tr>
<td>Included groups:</td><td></td>
</tr><tr>
<td>Excluded groups:</td><td></td>
</tr>
</table><p/>
<small><i>(Hover the method name to see the test class name)</i></small><p/>
<table width='100%' border='1' class='invocation-failed'>
<tr><td colspan='4' align='center'><b>FAILED TESTS</b></td></tr>
<tr><td><b>Test method</b></td>
<td width="30%"><b>Exception</b></td>
<td width="10%"><b>Time (seconds)</b></td>
<td><b>Instance</b></td>
</tr>
<tr>
<td title='tests.Verifycountryname2_DefaultProfile.GoToUrlAssertUrlPositiveEnterUsernamePositiveEnterPasswordClickLoginButtonPositiveEnterSearchA()'><b>GoToUrlAssertUrlPositiveEnterUsernamePositiveEnterPasswordClickLoginButtonPositiveEnterSearchA</b><br>Test class: tests.Verifycountryname2_DefaultProfile</td>
<td><div><pre>java.lang.AssertionError: expected [Registered No] but found [Registered No : NI121212 (Northern Ireland)
ABC LLP
Unaudited Financial Statements
For the year ended 30 April 2022
ABC LLP
Contents
For the year ended 30 April 2022
CONTENTS PAGE
Partnership Information 3
Member&apos;s Report 4
Accountant&apos;s Report 5
Income Statement 6
Statement of Financial Position 7 - 8
Detailed Income Statement 9


- 2 -
ABC LLP
Partnership Information
For the year ended 30 April 2022
Partnership registration number NI121212 (Northern Ireland)
Members/Designated members 123 !@#
(Served during the year) 123 !@#
123 !@#
ABC XYZ
ABC XYZ
ABC XYZ
ABC XYZ
ABC XYZ
ABC XYZ
ABC XYZ
ABC XYZ
ABC XYZ
ABC XYZ
ABC XYZ
ABC XYZ
ABC XYZ
ABC XYZ
ABC XYZ
ABC XYZ
ABC XYZ
John Zurk
Mathew Para
Partnership secretary John Williams
Registered office address Address1
Address2
Address3
Address4
SW4 8EB
Trading office address Park AvenuePark Avenue
Villa No 4Villa No 4
Benton StreetBenton Street
LondonLondon
WC2N 5DU
Accountant
ABC AssociatesABC AssociatesABC AssociatesABC AssociatesABC AssociatesABC AssociatesABC AssociatesABC AssociatesABC AssociatesABC AssociatesABC AssociatesABC AssociatesABC AssociatesABC AssociatesABC
ACCA ACCA ACCA ACCA ACCA ACCA
Address1 Address1 Address1 Address1 Address1 Address1
Address2 Address2 Address2 Address2 Address2 Address2
SW4 8EB
- 3 -
ABC LLP
Member&apos;s Report
For the year ended 30 April 2022
The Members present their annual report and the unaudited financial statements for the year ended 30 April 2022.
Principal activity
The principal activity of the Partnership continued to be that of manufacturingmanufacturingmanufacturingmanufacturing.
Members of the Partnership
The following members held the office during the whole of the period :
123 !@#
123 !@#
123 !@#
ABC XYZ
ABC XYZ
ABC XYZ
ABC XYZ
ABC XYZ
ABC XYZ
ABC XYZ
ABC XYZ
ABC XYZ
ABC XYZ
ABC XYZ
ABC XYZ
ABC XYZ
ABC XYZ
ABC XYZ
ABC XYZ
ABC XYZ
John Zurk
Mathew Para
Policy with respect to member&apos;s drawings and subscription and repayment capital
Members are permitted to make drawings in anticipation of profits which will be allocated to them. The amount of such drawings is set the beginning of each financial year, taking into account the anticipated cash needs of the LLP.
By orders of the members :
John Zurk
Designated member
- 4 -
ABC LLP
Accountant&apos;s report
For the year ended 30 April 2022
Accountant&apos;s Report to the members on the preparation of the unaudited statutory accounts of ABC LLP for the year ended 30 April 2022.
In order to assist you to fulfil your duties under the Companies Act 2006, we have prepared for your approval the financial statements of ABC LLP for the year ended 30 April 2022.

We have prepared these financial statements based on the accounting records, information and explanations provided by you. We do not express any opinion on these financial statements.

You have determined that the partnership is exempt from the statutory requirement for an audit for this accounting year. Therefore, the financial statements are unaudited.

The financial statements are provided exclusively to the member for the limited purpose mentioned above, and may not be used or relied upon for any other purpose or by any other person, and we shall not be liable for any other usage or reliance.
ABC AssociatesABC AssociatesABC AssociatesABC AssociatesABC AssociatesABC AssociatesABC AssociatesABC AssociatesABC AssociatesABC AssociatesABC AssociatesABC AssociatesABC AssociatesABC AssociatesABC
ACCA ACCA ACCA ACCA ACCA ACCA
Address1 Address1 Address1 Address1 Address1 Address1
Address2 Address2 Address2 Address2 Address2 Address2
SW4 8EB
20 March 2021
- 5 -
ABC LLP
Income Statement
For the year ended 30 April 2022
2022 2021
£ £
Turnover - -
(loss)/profit for the financial year before member&apos;s remuneration and (loss)/profit shares - -
- 6 -
ABC LLP
Statement of Financial Position
For the year ended 30 April 2022
2022 2021
£ £
Net current assets (liabilities) - -
Net assets (liabilities) - -
Represented by:
Capital and reserves:
- Other reserves - -
- -
Total members interests
Member&apos;s other interests - -
- -
(1) Members: benefits advances, credit and guarantees
During the year the partnership made an advance of £ {Enter amount} to a member of the partnership, to provide advance funds for {Enter reason like; expense they were expected to incur when attending a personal training course. The balance was fully repaid at the year end}.
(2) Guarantees and other financial commitments
The partnership is being sued by a former employee for unfair dismissal. Solicitors have advised that the maximum potential liability amounts to £ {Enter amount}. No provision has been included in the financial statements on the basis that legal advice obtained by the members sets out that the case is unlikely to be successful.
The partnership has granted a floating charge on its assets to secure the bank loan of £ {Enter amount} ({Enter year}: £ {Enter amount}).
The partnership had capital commitments contracted but not provided for in the financial statements totalling £ {Enter amount}.
At the balance sheet date, the partnership had outstanding commitments for future minimum lease payments under non-cancellable operating leases over {Enter type like; long and short leasehold land and buildings / plant and machinery / motor vehicles}, which fall due as follows:
2022 2021
£ £
Within one year -
Between one and five years -
Later than five years -
- -
(3) Average number of employees
The average number of persons employed by the partnership during the year was 20 (2021:20)
For the year ending 30 April 2022 the LLP was entitled to exemption from audit under section 477 of the Companies Act 2006 (as applied to LLPs by The Limited Liability Partnerships (Accounts and Audit) (Application of Companies Act 2006) regulations 2008) relating to small LLPs.
The members acknowledge their responsibilities for complying with the requirements of the Companies Act 2006 (as applied to LLPs) with respect to accounting records and the preparation of financial statements.
These financial statements have been prepared in accordance with the micro-entity provisions.
Approved by the members and signed on behalf of the members by:
.............................
LLP registration number: NI121212 (Northern Ireland)
- 7 - 8 -
ABC LLP
Detailed Income Statement
For the year ended 30 April 2022
2022 2021
£ £
Turnover - -
This section does not form part of partnership&apos;s statutory financial statements.
- 9 -]
	at pages.Verifycountryname2.Click_Full_Accounts(Verifycountryname2.java:970)
	at tests.Verifycountryname2_DefaultProfile.GoToUrlAssertUrlPositiveEnterUsernamePositiveEnterPasswordClickLoginButtonPositiveEnterSearchA(Verifycountryname2_DefaultProfile.java:157)
	at java.base/java.util.ArrayList.forEach(ArrayList.java:1540)
... Removed 32 stack frames</pre></div><a href='#' onClick='toggleBox("stack-trace2054071421", this, "Click to show all stack frames", "Click to hide stack frames")'>Click to show all stack frames</a>
<div class='stack-trace' id='stack-trace2054071421'><pre>java.lang.AssertionError: expected [Registered No] but found [Registered No : NI121212 (Northern Ireland)
ABC LLP
Unaudited Financial Statements
For the year ended 30 April 2022
ABC LLP
Contents
For the year ended 30 April 2022
CONTENTS PAGE
Partnership Information 3
Member&apos;s Report 4
Accountant&apos;s Report 5
Income Statement 6
Statement of Financial Position 7 - 8
Detailed Income Statement 9


- 2 -
ABC LLP
Partnership Information
For the year ended 30 April 2022
Partnership registration number NI121212 (Northern Ireland)
Members/Designated members 123 !@#
(Served during the year) 123 !@#
123 !@#
ABC XYZ
ABC XYZ
ABC XYZ
ABC XYZ
ABC XYZ
ABC XYZ
ABC XYZ
ABC XYZ
ABC XYZ
ABC XYZ
ABC XYZ
ABC XYZ
ABC XYZ
ABC XYZ
ABC XYZ
ABC XYZ
ABC XYZ
John Zurk
Mathew Para
Partnership secretary John Williams
Registered office address Address1
Address2
Address3
Address4
SW4 8EB
Trading office address Park AvenuePark Avenue
Villa No 4Villa No 4
Benton StreetBenton Street
LondonLondon
WC2N 5DU
Accountant
ABC AssociatesABC AssociatesABC AssociatesABC AssociatesABC AssociatesABC AssociatesABC AssociatesABC AssociatesABC AssociatesABC AssociatesABC AssociatesABC AssociatesABC AssociatesABC AssociatesABC
ACCA ACCA ACCA ACCA ACCA ACCA
Address1 Address1 Address1 Address1 Address1 Address1
Address2 Address2 Address2 Address2 Address2 Address2
SW4 8EB
- 3 -
ABC LLP
Member&apos;s Report
For the year ended 30 April 2022
The Members present their annual report and the unaudited financial statements for the year ended 30 April 2022.
Principal activity
The principal activity of the Partnership continued to be that of manufacturingmanufacturingmanufacturingmanufacturing.
Members of the Partnership
The following members held the office during the whole of the period :
123 !@#
123 !@#
123 !@#
ABC XYZ
ABC XYZ
ABC XYZ
ABC XYZ
ABC XYZ
ABC XYZ
ABC XYZ
ABC XYZ
ABC XYZ
ABC XYZ
ABC XYZ
ABC XYZ
ABC XYZ
ABC XYZ
ABC XYZ
ABC XYZ
ABC XYZ
John Zurk
Mathew Para
Policy with respect to member&apos;s drawings and subscription and repayment capital
Members are permitted to make drawings in anticipation of profits which will be allocated to them. The amount of such drawings is set the beginning of each financial year, taking into account the anticipated cash needs of the LLP.
By orders of the members :
John Zurk
Designated member
- 4 -
ABC LLP
Accountant&apos;s report
For the year ended 30 April 2022
Accountant&apos;s Report to the members on the preparation of the unaudited statutory accounts of ABC LLP for the year ended 30 April 2022.
In order to assist you to fulfil your duties under the Companies Act 2006, we have prepared for your approval the financial statements of ABC LLP for the year ended 30 April 2022.

We have prepared these financial statements based on the accounting records, information and explanations provided by you. We do not express any opinion on these financial statements.

You have determined that the partnership is exempt from the statutory requirement for an audit for this accounting year. Therefore, the financial statements are unaudited.

The financial statements are provided exclusively to the member for the limited purpose mentioned above, and may not be used or relied upon for any other purpose or by any other person, and we shall not be liable for any other usage or reliance.
ABC AssociatesABC AssociatesABC AssociatesABC AssociatesABC AssociatesABC AssociatesABC AssociatesABC AssociatesABC AssociatesABC AssociatesABC AssociatesABC AssociatesABC AssociatesABC AssociatesABC
ACCA ACCA ACCA ACCA ACCA ACCA
Address1 Address1 Address1 Address1 Address1 Address1
Address2 Address2 Address2 Address2 Address2 Address2
SW4 8EB
20 March 2021
- 5 -
ABC LLP
Income Statement
For the year ended 30 April 2022
2022 2021
£ £
Turnover - -
(loss)/profit for the financial year before member&apos;s remuneration and (loss)/profit shares - -
- 6 -
ABC LLP
Statement of Financial Position
For the year ended 30 April 2022
2022 2021
£ £
Net current assets (liabilities) - -
Net assets (liabilities) - -
Represented by:
Capital and reserves:
- Other reserves - -
- -
Total members interests
Member&apos;s other interests - -
- -
(1) Members: benefits advances, credit and guarantees
During the year the partnership made an advance of £ {Enter amount} to a member of the partnership, to provide advance funds for {Enter reason like; expense they were expected to incur when attending a personal training course. The balance was fully repaid at the year end}.
(2) Guarantees and other financial commitments
The partnership is being sued by a former employee for unfair dismissal. Solicitors have advised that the maximum potential liability amounts to £ {Enter amount}. No provision has been included in the financial statements on the basis that legal advice obtained by the members sets out that the case is unlikely to be successful.
The partnership has granted a floating charge on its assets to secure the bank loan of £ {Enter amount} ({Enter year}: £ {Enter amount}).
The partnership had capital commitments contracted but not provided for in the financial statements totalling £ {Enter amount}.
At the balance sheet date, the partnership had outstanding commitments for future minimum lease payments under non-cancellable operating leases over {Enter type like; long and short leasehold land and buildings / plant and machinery / motor vehicles}, which fall due as follows:
2022 2021
£ £
Within one year -
Between one and five years -
Later than five years -
- -
(3) Average number of employees
The average number of persons employed by the partnership during the year was 20 (2021:20)
For the year ending 30 April 2022 the LLP was entitled to exemption from audit under section 477 of the Companies Act 2006 (as applied to LLPs by The Limited Liability Partnerships (Accounts and Audit) (Application of Companies Act 2006) regulations 2008) relating to small LLPs.
The members acknowledge their responsibilities for complying with the requirements of the Companies Act 2006 (as applied to LLPs) with respect to accounting records and the preparation of financial statements.
These financial statements have been prepared in accordance with the micro-entity provisions.
Approved by the members and signed on behalf of the members by:
.............................
LLP registration number: NI121212 (Northern Ireland)
- 7 - 8 -
ABC LLP
Detailed Income Statement
For the year ended 30 April 2022
2022 2021
£ £
Turnover - -
This section does not form part of partnership&apos;s statutory financial statements.
- 9 -]
	at org.testng.Assert.fail(Assert.java:97)
	at org.testng.Assert.assertEqualsImpl(Assert.java:136)
	at org.testng.Assert.assertEquals(Assert.java:118)
	at org.testng.Assert.assertEquals(Assert.java:575)
	at org.testng.Assert.assertEquals(Assert.java:585)
	at pages.Verifycountryname2.Click_Full_Accounts(Verifycountryname2.java:970)
	at tests.Verifycountryname2_DefaultProfile.GoToUrlAssertUrlPositiveEnterUsernamePositiveEnterPasswordClickLoginButtonPositiveEnterSearchA(Verifycountryname2_DefaultProfile.java:157)
	at java.base/jdk.internal.reflect.NativeMethodAccessorImpl.invoke0(Native Method)
	at java.base/jdk.internal.reflect.NativeMethodAccessorImpl.invoke(NativeMethodAccessorImpl.java:62)
	at java.base/jdk.internal.reflect.DelegatingMethodAccessorImpl.invoke(DelegatingMethodAccessorImpl.java:43)
	at java.base/java.lang.reflect.Method.invoke(Method.java:566)
	at org.testng.internal.MethodInvocationHelper.invokeMethod(MethodInvocationHelper.java:134)
	at org.testng.internal.TestInvoker.invokeMethod(TestInvoker.java:597)
	at org.testng.internal.TestInvoker.invokeTestMethod(TestInvoker.java:173)
	at org.testng.internal.MethodRunner.runInSequence(MethodRunner.java:46)
	at org.testng.internal.TestInvoker$MethodInvocationAgent.invoke(TestInvoker.java:816)
	at org.testng.internal.TestInvoker.invokeTestMethods(TestInvoker.java:146)
	at org.testng.internal.TestMethodWorker.invokeTestMethods(TestMethodWorker.java:146)
	at org.testng.internal.TestMethodWorker.run(TestMethodWorker.java:128)
	at java.base/java.util.ArrayList.forEach(ArrayList.java:1540)
	at org.testng.TestRunner.privateRun(TestRunner.java:766)
	at org.testng.TestRunner.run(TestRunner.java:587)
	at org.testng.SuiteRunner.runTest(SuiteRunner.java:384)
	at org.testng.SuiteRunner.runSequentially(SuiteRunner.java:378)
	at org.testng.SuiteRunner.privateRun(SuiteRunner.java:337)
	at org.testng.SuiteRunner.run(SuiteRunner.java:286)
	at org.testng.SuiteRunnerWorker.runSuite(SuiteRunnerWorker.java:53)
	at org.testng.SuiteRunnerWorker.run(SuiteRunnerWorker.java:96)
	at org.testng.TestNG.runSuitesSequentially(TestNG.java:1187)
	at org.testng.TestNG.runSuitesLocally(TestNG.java:1109)
	at org.testng.TestNG.runSuites(TestNG.java:1039)
	at org.testng.TestNG.run(TestNG.java:1007)
	at org.testng.remote.AbstractRemoteTestNG.run(AbstractRemoteTestNG.java:115)
	at org.testng.remote.RemoteTestNG.initAndRun(RemoteTestNG.java:251)
	at org.testng.remote.RemoteTestNG.main(RemoteTestNG.java:77)
</pre></div></td>
<td>125</td>
<td>tests.Verifycountryname2_DefaultProfile@20b12f8a</td></tr>
<tr>
<td title='tests.FAverifycountryname1_DefaultProfile.GoToUrlAssertUrlPositiveEnterUsernamePositiveEnterPasswordClickLoginButtonPositiveEnterSearcha()'><b>GoToUrlAssertUrlPositiveEnterUsernamePositiveEnterPasswordClickLoginButtonPositiveEnterSearcha</b><br>Test class: tests.FAverifycountryname1_DefaultProfile</td>
<td><div><pre>java.lang.AssertionError: expected [Registered No. NI121212 (Northern Ireland)] but found [Registered No : NI121212 (Northern Ireland)]
	at pages.FAverifycountryname1.Click_Full_Accounts(FAverifycountryname1.java:998)
	at tests.FAverifycountryname1_DefaultProfile.GoToUrlAssertUrlPositiveEnterUsernamePositiveEnterPasswordClickLoginButtonPositiveEnterSearcha(FAverifycountryname1_DefaultProfile.java:155)
	at java.base/java.util.ArrayList.forEach(ArrayList.java:1540)
... Removed 32 stack frames</pre></div><a href='#' onClick='toggleBox("stack-trace1128733310", this, "Click to show all stack frames", "Click to hide stack frames")'>Click to show all stack frames</a>
<div class='stack-trace' id='stack-trace1128733310'><pre>java.lang.AssertionError: expected [Registered No. NI121212 (Northern Ireland)] but found [Registered No : NI121212 (Northern Ireland)]
	at org.testng.Assert.fail(Assert.java:97)
	at org.testng.Assert.assertEqualsImpl(Assert.java:136)
	at org.testng.Assert.assertEquals(Assert.java:118)
	at org.testng.Assert.assertEquals(Assert.java:575)
	at org.testng.Assert.assertEquals(Assert.java:585)
	at pages.FAverifycountryname1.Click_Full_Accounts(FAverifycountryname1.java:998)
	at tests.FAverifycountryname1_DefaultProfile.GoToUrlAssertUrlPositiveEnterUsernamePositiveEnterPasswordClickLoginButtonPositiveEnterSearcha(FAverifycountryname1_DefaultProfile.java:155)
	at java.base/jdk.internal.reflect.NativeMethodAccessorImpl.invoke0(Native Method)
	at java.base/jdk.internal.reflect.NativeMethodAccessorImpl.invoke(NativeMethodAccessorImpl.java:62)
	at java.base/jdk.internal.reflect.DelegatingMethodAccessorImpl.invoke(DelegatingMethodAccessorImpl.java:43)
	at java.base/java.lang.reflect.Method.invoke(Method.java:566)
	at org.testng.internal.MethodInvocationHelper.invokeMethod(MethodInvocationHelper.java:134)
	at org.testng.internal.TestInvoker.invokeMethod(TestInvoker.java:597)
	at org.testng.internal.TestInvoker.invokeTestMethod(TestInvoker.java:173)
	at org.testng.internal.MethodRunner.runInSequence(MethodRunner.java:46)
	at org.testng.internal.TestInvoker$MethodInvocationAgent.invoke(TestInvoker.java:816)
	at org.testng.internal.TestInvoker.invokeTestMethods(TestInvoker.java:146)
	at org.testng.internal.TestMethodWorker.invokeTestMethods(TestMethodWorker.java:146)
	at org.testng.internal.TestMethodWorker.run(TestMethodWorker.java:128)
	at java.base/java.util.ArrayList.forEach(ArrayList.java:1540)
	at org.testng.TestRunner.privateRun(TestRunner.java:766)
	at org.testng.TestRunner.run(TestRunner.java:587)
	at org.testng.SuiteRunner.runTest(SuiteRunner.java:384)
	at org.testng.SuiteRunner.runSequentially(SuiteRunner.java:378)
	at org.testng.SuiteRunner.privateRun(SuiteRunner.java:337)
	at org.testng.SuiteRunner.run(SuiteRunner.java:286)
	at org.testng.SuiteRunnerWorker.runSuite(SuiteRunnerWorker.java:53)
	at org.testng.SuiteRunnerWorker.run(SuiteRunnerWorker.java:96)
	at org.testng.TestNG.runSuitesSequentially(TestNG.java:1187)
	at org.testng.TestNG.runSuitesLocally(TestNG.java:1109)
	at org.testng.TestNG.runSuites(TestNG.java:1039)
	at org.testng.TestNG.run(TestNG.java:1007)
	at org.testng.remote.AbstractRemoteTestNG.run(AbstractRemoteTestNG.java:115)
	at org.testng.remote.RemoteTestNG.initAndRun(RemoteTestNG.java:251)
	at org.testng.remote.RemoteTestNG.main(RemoteTestNG.java:77)
</pre></div></td>
<td>97</td>
<td>tests.FAverifycountryname1_DefaultProfile@19553973</td></tr>
<tr>
<td title='tests.Verifymembernewone_DefaultProfile.GoToUrlAssertUrlPositiveEnterUsernamePositiveEnterPasswordClickLoginButtonPositiveEnterctl00cP()'><b>GoToUrlAssertUrlPositiveEnterUsernamePositiveEnterPasswordClickLoginButtonPositiveEnterctl00cP</b><br>Test class: tests.Verifymembernewone_DefaultProfile</td>
<td><div><pre>org.openqa.selenium.NoSuchElementException: Cannot locate element with text: Default
For documentation on this error, please visit: http://seleniumhq.org/exceptions/no_such_element.html
Build info: version: &apos;3.11.0&apos;, revision: &apos;e59cfb3&apos;, time: &apos;2018-03-11T20:26:55.152Z&apos;
System info: host: &apos;DESKTOP-A2R1E8A&apos;, ip: &apos;192.168.1.49&apos;, os.name: &apos;Windows 10&apos;, os.arch: &apos;amd64&apos;, os.version: &apos;10.0&apos;, java.version: &apos;11.0.6&apos;
Driver info: driver.version: unknown
	at org.openqa.selenium.support.ui.Select.selectByVisibleText(Select.java:151)
	at pages.Verifymembernewone.Select_ctl00cPHddlReportingStdType(Verifymembernewone.java:1157)
	at tests.Verifymembernewone_DefaultProfile.GoToUrlAssertUrlPositiveEnterUsernamePositiveEnterPasswordClickLoginButtonPositiveEnterctl00cP(Verifymembernewone_DefaultProfile.java:179)
	at java.base/java.util.ArrayList.forEach(ArrayList.java:1540)
... Removed 27 stack frames</pre></div><a href='#' onClick='toggleBox("stack-trace1125499532", this, "Click to show all stack frames", "Click to hide stack frames")'>Click to show all stack frames</a>
<div class='stack-trace' id='stack-trace1125499532'><pre>org.openqa.selenium.NoSuchElementException: Cannot locate element with text: Default
For documentation on this error, please visit: http://seleniumhq.org/exceptions/no_such_element.html
Build info: version: &apos;3.11.0&apos;, revision: &apos;e59cfb3&apos;, time: &apos;2018-03-11T20:26:55.152Z&apos;
System info: host: &apos;DESKTOP-A2R1E8A&apos;, ip: &apos;192.168.1.49&apos;, os.name: &apos;Windows 10&apos;, os.arch: &apos;amd64&apos;, os.version: &apos;10.0&apos;, java.version: &apos;11.0.6&apos;
Driver info: driver.version: unknown
	at org.openqa.selenium.support.ui.Select.selectByVisibleText(Select.java:151)
	at pages.Verifymembernewone.Select_ctl00cPHddlReportingStdType(Verifymembernewone.java:1157)
	at tests.Verifymembernewone_DefaultProfile.GoToUrlAssertUrlPositiveEnterUsernamePositiveEnterPasswordClickLoginButtonPositiveEnterctl00cP(Verifymembernewone_DefaultProfile.java:179)
	at java.base/jdk.internal.reflect.NativeMethodAccessorImpl.invoke0(Native Method)
	at java.base/jdk.internal.reflect.NativeMethodAccessorImpl.invoke(NativeMethodAccessorImpl.java:62)
	at java.base/jdk.internal.reflect.DelegatingMethodAccessorImpl.invoke(DelegatingMethodAccessorImpl.java:43)
	at java.base/java.lang.reflect.Method.invoke(Method.java:566)
	at org.testng.internal.MethodInvocationHelper.invokeMethod(MethodInvocationHelper.java:134)
	at org.testng.internal.TestInvoker.invokeMethod(TestInvoker.java:597)
	at org.testng.internal.TestInvoker.invokeTestMethod(TestInvoker.java:173)
	at org.testng.internal.MethodRunner.runInSequence(MethodRunner.java:46)
	at org.testng.internal.TestInvoker$MethodInvocationAgent.invoke(TestInvoker.java:816)
	at org.testng.internal.TestInvoker.invokeTestMethods(TestInvoker.java:146)
	at org.testng.internal.TestMethodWorker.invokeTestMethods(TestMethodWorker.java:146)
	at org.testng.internal.TestMethodWorker.run(TestMethodWorker.java:128)
	at java.base/java.util.ArrayList.forEach(ArrayList.java:1540)
	at org.testng.TestRunner.privateRun(TestRunner.java:766)
	at org.testng.TestRunner.run(TestRunner.java:587)
	at org.testng.SuiteRunner.runTest(SuiteRunner.java:384)
	at org.testng.SuiteRunner.runSequentially(SuiteRunner.java:378)
	at org.testng.SuiteRunner.privateRun(SuiteRunner.java:337)
	at org.testng.SuiteRunner.run(SuiteRunner.java:286)
	at org.testng.SuiteRunnerWorker.runSuite(SuiteRunnerWorker.java:53)
	at org.testng.SuiteRunnerWorker.run(SuiteRunnerWorker.java:96)
	at org.testng.TestNG.runSuitesSequentially(TestNG.java:1187)
	at org.testng.TestNG.runSuitesLocally(TestNG.java:1109)
	at org.testng.TestNG.runSuites(TestNG.java:1039)
	at org.testng.TestNG.run(TestNG.java:1007)
	at org.testng.remote.AbstractRemoteTestNG.run(AbstractRemoteTestNG.java:115)
	at org.testng.remote.RemoteTestNG.initAndRun(RemoteTestNG.java:251)
	at org.testng.remote.RemoteTestNG.main(RemoteTestNG.java:77)
</pre></div></td>
<td>131</td>
<td>tests.Verifymembernewone_DefaultProfile@2eced48b</td></tr>
<tr>
<td title='tests.Verifymember2_DefaultProfile.GoToUrlAssertUrlPositiveEnterUsernamePositiveEnterPasswordClickLoginButtonPositiveEnterctl00cP()'><b>GoToUrlAssertUrlPositiveEnterUsernamePositiveEnterPasswordClickLoginButtonPositiveEnterctl00cP</b><br>Test class: tests.Verifymember2_DefaultProfile</td>
<td><div><pre>java.lang.AssertionError: Unable to locate object: By.xpath: //*[@id=&quot;ctl00_SideMenu1_FA&quot;]/a/span
	at pages.Verifymember2.Click_Final_Accounts(Verifymember2.java:1171)
	at tests.Verifymember2_DefaultProfile.GoToUrlAssertUrlPositiveEnterUsernamePositiveEnterPasswordClickLoginButtonPositiveEnterctl00cP(Verifymember2_DefaultProfile.java:132)
	at java.base/java.util.ArrayList.forEach(ArrayList.java:1540)
... Removed 28 stack frames</pre></div><a href='#' onClick='toggleBox("stack-trace65168514", this, "Click to show all stack frames", "Click to hide stack frames")'>Click to show all stack frames</a>
<div class='stack-trace' id='stack-trace65168514'><pre>java.lang.AssertionError: Unable to locate object: By.xpath: //*[@id=&quot;ctl00_SideMenu1_FA&quot;]/a/span
	at org.testng.Assert.fail(Assert.java:97)
	at pages.Verifymember2.Click_Final_Accounts(Verifymember2.java:1171)
	at tests.Verifymember2_DefaultProfile.GoToUrlAssertUrlPositiveEnterUsernamePositiveEnterPasswordClickLoginButtonPositiveEnterctl00cP(Verifymember2_DefaultProfile.java:132)
	at java.base/jdk.internal.reflect.NativeMethodAccessorImpl.invoke0(Native Method)
	at java.base/jdk.internal.reflect.NativeMethodAccessorImpl.invoke(NativeMethodAccessorImpl.java:62)
	at java.base/jdk.internal.reflect.DelegatingMethodAccessorImpl.invoke(DelegatingMethodAccessorImpl.java:43)
	at java.base/java.lang.reflect.Method.invoke(Method.java:566)
	at org.testng.internal.MethodInvocationHelper.invokeMethod(MethodInvocationHelper.java:134)
	at org.testng.internal.TestInvoker.invokeMethod(TestInvoker.java:597)
	at org.testng.internal.TestInvoker.invokeTestMethod(TestInvoker.java:173)
	at org.testng.internal.MethodRunner.runInSequence(MethodRunner.java:46)
	at org.testng.internal.TestInvoker$MethodInvocationAgent.invoke(TestInvoker.java:816)
	at org.testng.internal.TestInvoker.invokeTestMethods(TestInvoker.java:146)
	at org.testng.internal.TestMethodWorker.invokeTestMethods(TestMethodWorker.java:146)
	at org.testng.internal.TestMethodWorker.run(TestMethodWorker.java:128)
	at java.base/java.util.ArrayList.forEach(ArrayList.java:1540)
	at org.testng.TestRunner.privateRun(TestRunner.java:766)
	at org.testng.TestRunner.run(TestRunner.java:587)
	at org.testng.SuiteRunner.runTest(SuiteRunner.java:384)
	at org.testng.SuiteRunner.runSequentially(SuiteRunner.java:378)
	at org.testng.SuiteRunner.privateRun(SuiteRunner.java:337)
	at org.testng.SuiteRunner.run(SuiteRunner.java:286)
	at org.testng.SuiteRunnerWorker.runSuite(SuiteRunnerWorker.java:53)
	at org.testng.SuiteRunnerWorker.run(SuiteRunnerWorker.java:96)
	at org.testng.TestNG.runSuitesSequentially(TestNG.java:1187)
	at org.testng.TestNG.runSuitesLocally(TestNG.java:1109)
	at org.testng.TestNG.runSuites(TestNG.java:1039)
	at org.testng.TestNG.run(TestNG.java:1007)
	at org.testng.remote.AbstractRemoteTestNG.run(AbstractRemoteTestNG.java:115)
	at org.testng.remote.RemoteTestNG.initAndRun(RemoteTestNG.java:251)
	at org.testng.remote.RemoteTestNG.main(RemoteTestNG.java:77)
</pre></div></td>
<td>145</td>
<td>tests.Verifymember2_DefaultProfile@3d3ba765</td></tr>
<tr>
<td title='tests.Verifymember2_DefaultProfile.GoToUrlAssertUrlPositiveEnterUsernamePositiveEnterPasswordClickLoginButtonPositiveEnterctl00cP()'><b>GoToUrlAssertUrlPositiveEnterUsernamePositiveEnterPasswordClickLoginButtonPositiveEnterctl00cP</b><br>Test class: tests.Verifymember2_DefaultProfile</td>
<td><div><pre>java.lang.AssertionError: Unable to locate object: By.xpath: //*[@id=&quot;ctl00_SideMenu1_FA&quot;]/a/span
	at pages.Verifymember2.Click_Final_Accounts(Verifymember2.java:1171)
	at tests.Verifymember2_DefaultProfile.GoToUrlAssertUrlPositiveEnterUsernamePositiveEnterPasswordClickLoginButtonPositiveEnterctl00cP(Verifymember2_DefaultProfile.java:132)
	at java.base/java.util.ArrayList.forEach(ArrayList.java:1540)
... Removed 28 stack frames</pre></div><a href='#' onClick='toggleBox("stack-trace1418609585", this, "Click to show all stack frames", "Click to hide stack frames")'>Click to show all stack frames</a>
<div class='stack-trace' id='stack-trace1418609585'><pre>java.lang.AssertionError: Unable to locate object: By.xpath: //*[@id=&quot;ctl00_SideMenu1_FA&quot;]/a/span
	at org.testng.Assert.fail(Assert.java:97)
	at pages.Verifymember2.Click_Final_Accounts(Verifymember2.java:1171)
	at tests.Verifymember2_DefaultProfile.GoToUrlAssertUrlPositiveEnterUsernamePositiveEnterPasswordClickLoginButtonPositiveEnterctl00cP(Verifymember2_DefaultProfile.java:132)
	at java.base/jdk.internal.reflect.NativeMethodAccessorImpl.invoke0(Native Method)
	at java.base/jdk.internal.reflect.NativeMethodAccessorImpl.invoke(NativeMethodAccessorImpl.java:62)
	at java.base/jdk.internal.reflect.DelegatingMethodAccessorImpl.invoke(DelegatingMethodAccessorImpl.java:43)
	at java.base/java.lang.reflect.Method.invoke(Method.java:566)
	at org.testng.internal.MethodInvocationHelper.invokeMethod(MethodInvocationHelper.java:134)
	at org.testng.internal.TestInvoker.invokeMethod(TestInvoker.java:597)
	at org.testng.internal.TestInvoker.invokeTestMethod(TestInvoker.java:173)
	at org.testng.internal.MethodRunner.runInSequence(MethodRunner.java:46)
	at org.testng.internal.TestInvoker$MethodInvocationAgent.invoke(TestInvoker.java:816)
	at org.testng.internal.TestInvoker.invokeTestMethods(TestInvoker.java:146)
	at org.testng.internal.TestMethodWorker.invokeTestMethods(TestMethodWorker.java:146)
	at org.testng.internal.TestMethodWorker.run(TestMethodWorker.java:128)
	at java.base/java.util.ArrayList.forEach(ArrayList.java:1540)
	at org.testng.TestRunner.privateRun(TestRunner.java:766)
	at org.testng.TestRunner.run(TestRunner.java:587)
	at org.testng.SuiteRunner.runTest(SuiteRunner.java:384)
	at org.testng.SuiteRunner.runSequentially(SuiteRunner.java:378)
	at org.testng.SuiteRunner.privateRun(SuiteRunner.java:337)
	at org.testng.SuiteRunner.run(SuiteRunner.java:286)
	at org.testng.SuiteRunnerWorker.runSuite(SuiteRunnerWorker.java:53)
	at org.testng.SuiteRunnerWorker.run(SuiteRunnerWorker.java:96)
	at org.testng.TestNG.runSuitesSequentially(TestNG.java:1187)
	at org.testng.TestNG.runSuitesLocally(TestNG.java:1109)
	at org.testng.TestNG.runSuites(TestNG.java:1039)
	at org.testng.TestNG.run(TestNG.java:1007)
	at org.testng.remote.AbstractRemoteTestNG.run(AbstractRemoteTestNG.java:115)
	at org.testng.remote.RemoteTestNG.initAndRun(RemoteTestNG.java:251)
	at org.testng.remote.RemoteTestNG.main(RemoteTestNG.java:77)
</pre></div></td>
<td>152</td>
<td>tests.Verifymember2_DefaultProfile@1ae67cad</td></tr>
<tr>
<td title='tests.Verifyregistrationnoappearingoncoverpage_DefaultProfile.GoToUrlAssertUrlPositiveEnterUsernamePositiveEnterctl00cPHpassPositiveEnterctl00cPHFiltertxtAge()'><b>GoToUrlAssertUrlPositiveEnterUsernamePositiveEnterctl00cPHpassPositiveEnterctl00cPHFiltertxtAge</b><br>Test class: tests.Verifyregistrationnoappearingoncoverpage_DefaultProfile</td>
<td><div><pre>java.lang.AssertionError: expected [Registered No OC121212 (England and Wales)] but found [Registered No : NI121212 (Northern Ireland)]
	at pages.Verifyregistrationnoappearingoncoverpage.Click_Full_Accounts(Verifyregistrationnoappearingoncoverpage.java:1187)
	at tests.Verifyregistrationnoappearingoncoverpage_DefaultProfile.GoToUrlAssertUrlPositiveEnterUsernamePositiveEnterctl00cPHpassPositiveEnterctl00cPHFiltertxtAge(Verifyregistrationnoappearingoncoverpage_DefaultProfile.java:190)
	at java.base/java.util.ArrayList.forEach(ArrayList.java:1540)
... Removed 32 stack frames</pre></div><a href='#' onClick='toggleBox("stack-trace904808047", this, "Click to show all stack frames", "Click to hide stack frames")'>Click to show all stack frames</a>
<div class='stack-trace' id='stack-trace904808047'><pre>java.lang.AssertionError: expected [Registered No OC121212 (England and Wales)] but found [Registered No : NI121212 (Northern Ireland)]
	at org.testng.Assert.fail(Assert.java:97)
	at org.testng.Assert.assertEqualsImpl(Assert.java:136)
	at org.testng.Assert.assertEquals(Assert.java:118)
	at org.testng.Assert.assertEquals(Assert.java:575)
	at org.testng.Assert.assertEquals(Assert.java:585)
	at pages.Verifyregistrationnoappearingoncoverpage.Click_Full_Accounts(Verifyregistrationnoappearingoncoverpage.java:1187)
	at tests.Verifyregistrationnoappearingoncoverpage_DefaultProfile.GoToUrlAssertUrlPositiveEnterUsernamePositiveEnterctl00cPHpassPositiveEnterctl00cPHFiltertxtAge(Verifyregistrationnoappearingoncoverpage_DefaultProfile.java:190)
	at java.base/jdk.internal.reflect.NativeMethodAccessorImpl.invoke0(Native Method)
	at java.base/jdk.internal.reflect.NativeMethodAccessorImpl.invoke(NativeMethodAccessorImpl.java:62)
	at java.base/jdk.internal.reflect.DelegatingMethodAccessorImpl.invoke(DelegatingMethodAccessorImpl.java:43)
	at java.base/java.lang.reflect.Method.invoke(Method.java:566)
	at org.testng.internal.MethodInvocationHelper.invokeMethod(MethodInvocationHelper.java:134)
	at org.testng.internal.TestInvoker.invokeMethod(TestInvoker.java:597)
	at org.testng.internal.TestInvoker.invokeTestMethod(TestInvoker.java:173)
	at org.testng.internal.MethodRunner.runInSequence(MethodRunner.java:46)
	at org.testng.internal.TestInvoker$MethodInvocationAgent.invoke(TestInvoker.java:816)
	at org.testng.internal.TestInvoker.invokeTestMethods(TestInvoker.java:146)
	at org.testng.internal.TestMethodWorker.invokeTestMethods(TestMethodWorker.java:146)
	at org.testng.internal.TestMethodWorker.run(TestMethodWorker.java:128)
	at java.base/java.util.ArrayList.forEach(ArrayList.java:1540)
	at org.testng.TestRunner.privateRun(TestRunner.java:766)
	at org.testng.TestRunner.run(TestRunner.java:587)
	at org.testng.SuiteRunner.runTest(SuiteRunner.java:384)
	at org.testng.SuiteRunner.runSequentially(SuiteRunner.java:378)
	at org.testng.SuiteRunner.privateRun(SuiteRunner.java:337)
	at org.testng.SuiteRunner.run(SuiteRunner.java:286)
	at org.testng.SuiteRunnerWorker.runSuite(SuiteRunnerWorker.java:53)
	at org.testng.SuiteRunnerWorker.run(SuiteRunnerWorker.java:96)
	at org.testng.TestNG.runSuitesSequentially(TestNG.java:1187)
	at org.testng.TestNG.runSuitesLocally(TestNG.java:1109)
	at org.testng.TestNG.runSuites(TestNG.java:1039)
	at org.testng.TestNG.run(TestNG.java:1007)
	at org.testng.remote.AbstractRemoteTestNG.run(AbstractRemoteTestNG.java:115)
	at org.testng.remote.RemoteTestNG.initAndRun(RemoteTestNG.java:251)
	at org.testng.remote.RemoteTestNG.main(RemoteTestNG.java:77)
</pre></div></td>
<td>119</td>
<td>tests.Verifyregistrationnoappearingoncoverpage_DefaultProfile@2c7b5824</td></tr>
</table><p>
<table width='100%' border='1' class='invocation-passed'>
<tr><td colspan='4' align='center'><b>PASSED TESTS</b></td></tr>
<tr><td><b>Test method</b></td>
<td width="30%"><b>Exception</b></td>
<td width="10%"><b>Time (seconds)</b></td>
<td><b>Instance</b></td>
</tr>
<tr>
<td title='tests.Verifytitlereport_DefaultProfile.GoToUrlAssertUrlPositiveEnterUsernamePositiveEnterPasswordClickLoginButtonPositiveEnterSearcha()'><b>GoToUrlAssertUrlPositiveEnterUsernamePositiveEnterPasswordClickLoginButtonPositiveEnterSearcha</b><br>Test class: tests.Verifytitlereport_DefaultProfile</td>
<td></td>
<td>99</td>
<td>tests.Verifytitlereport_DefaultProfile@13e547a9</td></tr>
<tr>
<td title='tests.Verifyheaderappearance_DefaultProfile.GoToUrlAssertUrlPositiveEnterUsernamePositiveEnterPasswordClickLoginButtonPositiveEnterctl00cP()'><b>GoToUrlAssertUrlPositiveEnterUsernamePositiveEnterPasswordClickLoginButtonPositiveEnterctl00cP</b><br>Test class: tests.Verifyheaderappearance_DefaultProfile</td>
<td></td>
<td>145</td>
<td>tests.Verifyheaderappearance_DefaultProfile@68044f4</td></tr>
<tr>
<td title='tests.Verifydynamicfooter_DefaultProfile.GoToUrlAssertUrlPositiveEnterUsernamePositiveEnterPasswordClickLoginButtonPositiveEnterctl00cP()'><b>GoToUrlAssertUrlPositiveEnterUsernamePositiveEnterPasswordClickLoginButtonPositiveEnterctl00cP</b><br>Test class: tests.Verifydynamicfooter_DefaultProfile</td>
<td></td>
<td>120</td>
<td>tests.Verifydynamicfooter_DefaultProfile@3f390d63</td></tr>
<tr>
<td title='tests.Verifyrenamedone_DefaultProfile.GoToUrlAssertUrlPositiveEnterUsernamePositiveEnterPasswordClickLoginButtonPositiveEnterctl00cP1()'><b>GoToUrlAssertUrlPositiveEnterUsernamePositiveEnterPasswordClickLoginButtonPositiveEnterctl00cP1</b><br>Test class: tests.Verifyrenamedone_DefaultProfile</td>
<td></td>
<td>136</td>
<td>tests.Verifyrenamedone_DefaultProfile@2a79d4b1</td></tr>
<tr>
<td title='tests.Verifyrenamedone_DefaultProfile.GoToUrlAssertUrlPositiveEnterUsernamePositiveEnterPasswordClickLoginButtonPositiveEnterctl00cP2()'><b>GoToUrlAssertUrlPositiveEnterUsernamePositiveEnterPasswordClickLoginButtonPositiveEnterctl00cP2</b><br>Test class: tests.Verifyrenamedone_DefaultProfile</td>
<td></td>
<td>145</td>
<td>tests.Verifyrenamedone_DefaultProfile@2a79d4b1</td></tr>
<tr>
<td title='tests.Verifyregistrationnoonpartnership_DefaultProfile.GoToUrlAssertUrlPositiveEnterUsernamePositiveEnterPasswordClickLoginPositiveEnterctl00cPHFilte()'><b>GoToUrlAssertUrlPositiveEnterUsernamePositiveEnterPasswordClickLoginPositiveEnterctl00cPHFilte</b><br>Test class: tests.Verifyregistrationnoonpartnership_DefaultProfile</td>
<td></td>
<td>127</td>
<td>tests.Verifyregistrationnoonpartnership_DefaultProfile@b70da4c</td></tr>
</table><p>
</body>
</html>