<?xml version="1.0" encoding="UTF-8"?>
<!-- Generated by org.testng.reporters.JUnitXMLReporter -->
<testsuite ignored="0" hostname="DESKTOP-A2R1E8A" failures="1" tests="1" name="VerifyvalueisnotsavinginAssetDisposalNCTA060inProfitlossAdjustmentsFA7156_DefaultProfile" time="16.665" errors="0" timestamp="2021-08-11T17:06:12 IST">
  <testcase classname="tests.VerifyvalueisnotsavinginAssetDisposalNCTA060inProfitlossAdjustmentsFA7156_DefaultProfile" name="GoToUrlAssertUrlPositiveEnterUsernamePositiveEnterPasswordClickLoginButtonPositiveEnterAgentNa" time="14.006">
    <failure type="java.lang.AssertionError" message="Unable to locate object: By.xpath: //label[contains(.,&amp;apos;Name:&amp;apos;)]/../input">
      <![CDATA[java.lang.AssertionError: Unable to locate object: By.xpath: //label[contains(.,'Name:')]/../input
at pages.Verify_value_is_not_saving_in_Asset_Disposal_NCTA060_in_Profitloss_AdjustmentsFA7156.Enter_AgentName(Verify_value_is_not_saving_in_Asset_Disposal_NCTA060_in_Profitloss_AdjustmentsFA7156.java:182)
at tests.VerifyvalueisnotsavinginAssetDisposalNCTA060inProfitlossAdjustmentsFA7156_DefaultProfile.GoToUrlAssertUrlPositiveEnterUsernamePositiveEnterPasswordClickLoginButtonPositiveEnterAgentNa(VerifyvalueisnotsavinginAssetDisposalNCTA060inProfitlossAdjustmentsFA7156_DefaultProfile.java:58)
at java.base/java.util.ArrayList.forEach(ArrayList.java:1540)
... Removed 28 stack frames]]>
    </failure>
  </testcase> <!-- GoToUrlAssertUrlPositiveEnterUsernamePositiveEnterPasswordClickLoginButtonPositiveEnterAgentNa -->
</testsuite> <!-- VerifyvalueisnotsavinginAssetDisposalNCTA060inProfitlossAdjustmentsFA7156_DefaultProfile -->
