<?xml version="1.0" encoding="UTF-8"?>
<!-- Generated by org.testng.reporters.JUnitXMLReporter -->
<testsuite ignored="0" hostname="DESKTOP-A2R1E8A" failures="1" tests="1" name="VerifypagenumbersallotedtoadesignatedreportisappearingonthatpageFA69410_DefaultProfile" time="16.007" errors="0" timestamp="2021-08-11T11:06:29 IST">
  <testcase classname="tests.VerifypagenumbersallotedtoadesignatedreportisappearingonthatpageFA69410_DefaultProfile" name="GoToUrlAssertUrlPositiveEnterUsernamePositiveEnterPasswordClickLoginButtonPositiveEnterAgentNa" time="13.753">
    <failure type="java.lang.AssertionError" message="Unable to locate object: By.xpath: //label[contains(.,&amp;apos;Name:&amp;apos;)]/../input">
      <![CDATA[java.lang.AssertionError: Unable to locate object: By.xpath: //label[contains(.,'Name:')]/../input
at pages.Verify_page_numbers_alloted_to_a_designated_report_is_appearing_on_that_pageFA69410.Enter_AgentName(Verify_page_numbers_alloted_to_a_designated_report_is_appearing_on_that_pageFA69410.java:177)
at tests.VerifypagenumbersallotedtoadesignatedreportisappearingonthatpageFA69410_DefaultProfile.GoToUrlAssertUrlPositiveEnterUsernamePositiveEnterPasswordClickLoginButtonPositiveEnterAgentNa(VerifypagenumbersallotedtoadesignatedreportisappearingonthatpageFA69410_DefaultProfile.java:57)
at java.base/java.util.ArrayList.forEach(ArrayList.java:1540)
... Removed 28 stack frames]]>
    </failure>
  </testcase> <!-- GoToUrlAssertUrlPositiveEnterUsernamePositiveEnterPasswordClickLoginButtonPositiveEnterAgentNa -->
</testsuite> <!-- VerifypagenumbersallotedtoadesignatedreportisappearingonthatpageFA69410_DefaultProfile -->
