<?xml version="1.0" encoding="UTF-8"?>
<!-- Generated by org.testng.reporters.JUnitXMLReporter -->
<testsuite ignored="0" hostname="DESKTOP-A2R1E8A" failures="1" tests="1" name="VerifyregistrationnumberappearingoncoverpageFA6971_DefaultProfile" time="110.45" errors="0" timestamp="2021-08-11T12:14:50 IST">
  <testcase classname="tests.VerifyregistrationnumberappearingoncoverpageFA6971_DefaultProfile" name="GoToUrlAssertUrlPositiveEnterUsernamePositiveEnterPasswordClickLoginButtonPositiveEnterAgentNa" time="107.416">
    <failure type="java.lang.AssertionError" message="expected [Registered No. 12121212 (England and Wales)] but found [Company Registration Number : OC121212 (England and Wales)]">
      <![CDATA[java.lang.AssertionError: expected [Registered No. 12121212 (England and Wales)] but found [Company Registration Number : OC121212 (England and Wales)]
at pages.Verify_registration_number_appearing_on_cover_pageFA6971.Click_Filleted_Accounts(Verify_registration_number_appearing_on_cover_pageFA6971.java:997)
at tests.VerifyregistrationnumberappearingoncoverpageFA6971_DefaultProfile.GoToUrlAssertUrlPositiveEnterUsernamePositiveEnterPasswordClickLoginButtonPositiveEnterAgentNa(VerifyregistrationnumberappearingoncoverpageFA6971_DefaultProfile.java:160)
at java.base/java.util.ArrayList.forEach(ArrayList.java:1540)
... Removed 32 stack frames]]>
    </failure>
  </testcase> <!-- GoToUrlAssertUrlPositiveEnterUsernamePositiveEnterPasswordClickLoginButtonPositiveEnterAgentNa -->
</testsuite> <!-- VerifyregistrationnumberappearingoncoverpageFA6971_DefaultProfile -->
