<?xml version="1.0" encoding="UTF-8"?>
<!-- Generated by org.testng.reporters.JUnitXMLReporter -->
<testsuite ignored="0" hostname="DESKTOP-A2R1E8A" failures="1" tests="1" name="VerifydynamicfooterpagenationoncontentspageFA69611_DefaultProfile" time="79.317" errors="0" timestamp="2021-08-11T02:03:42 IST">
  <testcase classname="tests.VerifydynamicfooterpagenationoncontentspageFA69611_DefaultProfile" name="GoToUrlAssertUrlPositiveEnterUsernamePositiveEnterPasswordClickLoginButtonPositiveEnterAgentNa" time="76.726">
    <failure type="java.lang.AssertionError" message="expected [- 2 - ] but found [- 2 -]">
      <![CDATA[java.lang.AssertionError: expected [- 2 - ] but found [- 2 -]
at pages.Verify_dynamic_footer_pagenation_on_contents_pageFA69611.Click_Full_Accounts(Verify_dynamic_footer_pagenation_on_contents_pageFA69611.java:467)
at tests.VerifydynamicfooterpagenationoncontentspageFA69611_DefaultProfile.GoToUrlAssertUrlPositiveEnterUsernamePositiveEnterPasswordClickLoginButtonPositiveEnterAgentNa(VerifydynamicfooterpagenationoncontentspageFA69611_DefaultProfile.java:97)
at java.base/java.util.ArrayList.forEach(ArrayList.java:1540)
... Removed 32 stack frames]]>
    </failure>
  </testcase> <!-- GoToUrlAssertUrlPositiveEnterUsernamePositiveEnterPasswordClickLoginButtonPositiveEnterAgentNa -->
</testsuite> <!-- VerifydynamicfooterpagenationoncontentspageFA69611_DefaultProfile -->
