<?xml version="1.0" encoding="UTF-8"?>
<!-- Generated by org.testng.reporters.JUnitXMLReporter -->
<testsuite ignored="0" hostname="DESKTOP-A2R1E8A" failures="1" tests="1" name="Verifydefaultstatusofguaranteesandotherfinancialcommitmentson32_DefaultProfile" time="85.027" errors="0" timestamp="2021-08-11T16:51:16 IST">
  <testcase classname="tests.Verifydefaultstatusofguaranteesandotherfinancialcommitmentson32_DefaultProfile" name="GoToUrlAssertUrlPositiveEnterUsernamePositiveEnterPasswordClickLoginButtonPositiveEnterctl00cP" time="81.891">
    <failure type="java.lang.AssertionError" message="Unable to locate object: By.xpath: //A[contains(text(),&amp;apos;Note Templates Settings&amp;apos;)]">
      <![CDATA[java.lang.AssertionError: Unable to locate object: By.xpath: //A[contains(text(),'Note Templates Settings')]
at pages.Verify_default_status_of_guarantees_and_other_financial_commitments_on32.Click_Note_Templates_Settings(Verify_default_status_of_guarantees_and_other_financial_commitments_on32.java:486)
at tests.Verifydefaultstatusofguaranteesandotherfinancialcommitmentson32_DefaultProfile.GoToUrlAssertUrlPositiveEnterUsernamePositiveEnterPasswordClickLoginButtonPositiveEnterctl00cP(Verifydefaultstatusofguaranteesandotherfinancialcommitmentson32_DefaultProfile.java:97)
at java.base/java.util.ArrayList.forEach(ArrayList.java:1540)
... Removed 28 stack frames]]>
    </failure>
  </testcase> <!-- GoToUrlAssertUrlPositiveEnterUsernamePositiveEnterPasswordClickLoginButtonPositiveEnterctl00cP -->
</testsuite> <!-- Verifydefaultstatusofguaranteesandotherfinancialcommitmentson32_DefaultProfile -->
