<?xml version="1.0" encoding="UTF-8"?>
<!-- Generated by org.testng.reporters.JUnitXMLReporter -->
<testsuite ignored="0" hostname="DESKTOP-A2R1E8A" failures="1" tests="1" name="VerifyCTAdjustmentsiseditableafterunlockingtheperiodFA7153_DefaultProfile" time="31.91" errors="0" timestamp="2021-08-11T17:05:07 IST">
  <testcase classname="tests.VerifyCTAdjustmentsiseditableafterunlockingtheperiodFA7153_DefaultProfile" name="GoToUrlAssertUrlPositiveEnterUsernamePositiveEnterPasswordClickLoginButtonPositiveEnterAgentNa" time="27.696">
    <failure type="java.lang.AssertionError" message="Unable to locate object: By.xpath: //label[contains(.,&amp;apos;Name:&amp;apos;)]/../input">
      <![CDATA[java.lang.AssertionError: Unable to locate object: By.xpath: //label[contains(.,'Name:')]/../input
at pages.Verify_CT_Adjustments_is_editable_after_unlocking_the_periodFA7153.Enter_AgentName(Verify_CT_Adjustments_is_editable_after_unlocking_the_periodFA7153.java:196)
at tests.VerifyCTAdjustmentsiseditableafterunlockingtheperiodFA7153_DefaultProfile.GoToUrlAssertUrlPositiveEnterUsernamePositiveEnterPasswordClickLoginButtonPositiveEnterAgentNa(VerifyCTAdjustmentsiseditableafterunlockingtheperiodFA7153_DefaultProfile.java:58)
at java.base/java.util.ArrayList.forEach(ArrayList.java:1540)
... Removed 28 stack frames]]>
    </failure>
  </testcase> <!-- GoToUrlAssertUrlPositiveEnterUsernamePositiveEnterPasswordClickLoginButtonPositiveEnterAgentNa -->
</testsuite> <!-- VerifyCTAdjustmentsiseditableafterunlockingtheperiodFA7153_DefaultProfile -->
