<?xml version="1.0" encoding="UTF-8"?>
<!-- Generated by org.testng.reporters.JUnitXMLReporter -->
<testsuite ignored="0" hostname="DESKTOP-A2R1E8A" failures="1" tests="1" name="VerifyrenamehasbeendoneFA6969_DefaultProfile" time="92.263" errors="0" timestamp="2021-08-11T01:59:57 IST">
  <testcase classname="tests.VerifyrenamehasbeendoneFA6969_DefaultProfile" name="GoToUrlAssertUrlPositiveEnterUsernamePositiveEnterPasswordClickLoginButtonPositiveEnterctl00cP" time="89.836">
    <failure type="java.lang.AssertionError" message="expected [CONTENTS	PAGE
Company information	3
Directors&amp;apos; report	4
Directors&amp;apos; responsibilities statement	5
Accountant&amp;apos;s Report	6
Income Statement	7
Statement of Financial Position	8
Notes to the Financial Statements	9 - 11
The following do not form part of the statutory financial statements:
Detailed Income Statement	12] but found [ABC LTD
Contents
For the year ended 4 April 2022
CONTENTS PAGE
Company Information 3
Director&amp;apos;s Report 3 - 5
Income Statement 6
Statement of Financial Position 7
Notes to the Financial Statements 8 - 14
Detailed Income Statement 15 - 16


- 2 -]">
      <![CDATA[java.lang.AssertionError: expected [CONTENTSPAGE
Company information3
Directors' report4
Directors' responsibilities statement5
Accountant's Report6
Income Statement7
Statement of Financial Position8
Notes to the Financial Statements9 - 11
The following do not form part of the statutory financial statements:
Detailed Income Statement12] but found [ABC LTD
Contents
For the year ended 4 April 2022
CONTENTS PAGE
Company Information 3
Director's Report 3 - 5
Income Statement 6
Statement of Financial Position 7
Notes to the Financial Statements 8 - 14
Detailed Income Statement 15 - 16


- 2 -]
at pages.Verify_rename_has_been_doneFA6969.Click_Full_Accounts(Verify_rename_has_been_doneFA6969.java:541)
at tests.VerifyrenamehasbeendoneFA6969_DefaultProfile.GoToUrlAssertUrlPositiveEnterUsernamePositiveEnterPasswordClickLoginButtonPositiveEnterctl00cP(VerifyrenamehasbeendoneFA6969_DefaultProfile.java:97)
at java.base/java.util.ArrayList.forEach(ArrayList.java:1540)
... Removed 32 stack frames]]>
    </failure>
  </testcase> <!-- GoToUrlAssertUrlPositiveEnterUsernamePositiveEnterPasswordClickLoginButtonPositiveEnterctl00cP -->
</testsuite> <!-- VerifyrenamehasbeendoneFA6969_DefaultProfile -->
