<?xml version="1.0" encoding="UTF-8"?>
<!-- Generated by org.testng.reporters.JUnitXMLReporter -->
<testsuite ignored="0" hostname="DESKTOP-A2R1E8A" failures="1" tests="1" name="Verifydefaultstatusofguaranteesandotherfinancialcommitmentson33699_DefaultProfile" time="70.383" errors="0" timestamp="2021-08-11T16:52:27 IST">
  <testcase classname="tests.Verifydefaultstatusofguaranteesandotherfinancialcommitmentson33699_DefaultProfile" name="GoToUrlAssertUrlPositiveEnterUsernamePositiveEnterPasswordClickLoginButtonPositiveEnterctl00cP" time="66.367">
    <failure type="java.lang.AssertionError" message="Unable to locate object: By.xpath: //A[contains(text(),&amp;apos;Note Templates Settings&amp;apos;)]">
      <![CDATA[java.lang.AssertionError: Unable to locate object: By.xpath: //A[contains(text(),'Note Templates Settings')]
at pages.Verify_default_status_of_guarantees_and_other_financial_commitments_on33699.Click_Note_Templates_Settings(Verify_default_status_of_guarantees_and_other_financial_commitments_on33699.java:485)
at tests.Verifydefaultstatusofguaranteesandotherfinancialcommitmentson33699_DefaultProfile.GoToUrlAssertUrlPositiveEnterUsernamePositiveEnterPasswordClickLoginButtonPositiveEnterctl00cP(Verifydefaultstatusofguaranteesandotherfinancialcommitmentson33699_DefaultProfile.java:99)
at java.base/java.util.ArrayList.forEach(ArrayList.java:1540)
... Removed 28 stack frames]]>
    </failure>
  </testcase> <!-- GoToUrlAssertUrlPositiveEnterUsernamePositiveEnterPasswordClickLoginButtonPositiveEnterctl00cP -->
</testsuite> <!-- Verifydefaultstatusofguaranteesandotherfinancialcommitmentson33699_DefaultProfile -->
