<?xml version="1.0" encoding="UTF-8"?>
<!-- Generated by org.testng.reporters.JUnitXMLReporter -->
<testsuite ignored="0" hostname="OB-Nom34" failures="0" tests="1" name="Verifytradingaddress_DefaultProfile" time="1.399" errors="0" timestamp="2021-09-30T11:25:31 IST">
  <testcase classname="tests.TestBase" name="@BeforeMethod initDriver" time="1.39">
    <failure type="org.openqa.selenium.SessionNotCreatedException" message="session not created: This version of ChromeDriver only supports Chrome version 91
Current browser version is 94.0.4606.61 with binary path C:\Program Files (x86)\Google\Chrome\Application\chrome.exe
Build info: version: &amp;apos;3.11.0&amp;apos;, revision: &amp;apos;e59cfb3&amp;apos;, time: &amp;apos;2018-03-11T20:26:55.152Z&amp;apos;
System info: host: &amp;apos;OB-NOM34&amp;apos;, ip: &amp;apos;192.168.1.30&amp;apos;, os.name: &amp;apos;Windows 10&amp;apos;, os.arch: &amp;apos;amd64&amp;apos;, os.version: &amp;apos;10.0&amp;apos;, java.version: &amp;apos;12.0.2&amp;apos;
Driver info: driver.version: ChromeDriver
remote stacktrace: Backtrace:
	Ordinal0 [0x00D43733+2504499]
	Ordinal0 [0x00CDC401+2081793]
	Ordinal0 [0x00BE2628+1058344]
	Ordinal0 [0x00C0071A+1181466]
	Ordinal0 [0x00BFC58C+1164684]
	Ordinal0 [0x00BF9DC3+1154499]
	Ordinal0 [0x00C29B82+1350530]
	Ordinal0 [0x00C297DA+1349594]
	Ordinal0 [0x00C25D4B+1334603]
	Ordinal0 [0x00C022B4+1188532]
	Ordinal0 [0x00C03149+1192265]
	GetHandleVerifier [0x00EBFB8C+1512252]
	GetHandleVerifier [0x00F6B0DF+2214031]
	GetHandleVerifier [0x00DC4BC3+484211]
	GetHandleVerifier [0x00DC3E69+480793]
	Ordinal0 [0x00CE218D+2105741]
	Ordinal0 [0x00CE66E8+2123496]
	Ordinal0 [0x00CE6827+2123815]
	Ordinal0 [0x00CEFB73+2161523]
	BaseThreadInitThunk [0x75E8FA29+25]
	RtlGetAppContainerNamedObjectPath [0x77E97A9E+286]
	RtlGetAppContainerNamedObjectPath [0x77E97A6E+238]
">
      <![CDATA[org.openqa.selenium.SessionNotCreatedException: session not created: This version of ChromeDriver only supports Chrome version 91
Current browser version is 94.0.4606.61 with binary path C:\Program Files (x86)\Google\Chrome\Application\chrome.exe
Build info: version: '3.11.0', revision: 'e59cfb3', time: '2018-03-11T20:26:55.152Z'
System info: host: 'OB-NOM34', ip: '192.168.1.30', os.name: 'Windows 10', os.arch: 'amd64', os.version: '10.0', java.version: '12.0.2'
Driver info: driver.version: ChromeDriver
remote stacktrace: Backtrace:
Ordinal0 [0x00D43733+2504499]
Ordinal0 [0x00CDC401+2081793]
Ordinal0 [0x00BE2628+1058344]
Ordinal0 [0x00C0071A+1181466]
Ordinal0 [0x00BFC58C+1164684]
Ordinal0 [0x00BF9DC3+1154499]
Ordinal0 [0x00C29B82+1350530]
Ordinal0 [0x00C297DA+1349594]
Ordinal0 [0x00C25D4B+1334603]
Ordinal0 [0x00C022B4+1188532]
Ordinal0 [0x00C03149+1192265]
GetHandleVerifier [0x00EBFB8C+1512252]
GetHandleVerifier [0x00F6B0DF+2214031]
GetHandleVerifier [0x00DC4BC3+484211]
GetHandleVerifier [0x00DC3E69+480793]
Ordinal0 [0x00CE218D+2105741]
Ordinal0 [0x00CE66E8+2123496]
Ordinal0 [0x00CE6827+2123815]
Ordinal0 [0x00CEFB73+2161523]
BaseThreadInitThunk [0x75E8FA29+25]
RtlGetAppContainerNamedObjectPath [0x77E97A9E+286]
RtlGetAppContainerNamedObjectPath [0x77E97A6E+238]

at org.openqa.selenium.remote.W3CHandshakeResponse.lambda$new$0(W3CHandshakeResponse.java:57)
at org.openqa.selenium.remote.W3CHandshakeResponse.lambda$getResponseFunction$2(W3CHandshakeResponse.java:104)
at org.openqa.selenium.remote.ProtocolHandshake.lambda$createSession$0(ProtocolHandshake.java:123)
at java.base/java.util.stream.ReferencePipeline$3$1.accept(ReferencePipeline.java:195)
at java.base/java.util.Spliterators$ArraySpliterator.tryAdvance(Spliterators.java:958)
at java.base/java.util.stream.ReferencePipeline.forEachWithCancel(ReferencePipeline.java:127)
at java.base/java.util.stream.AbstractPipeline.copyIntoWithCancel(AbstractPipeline.java:502)
at java.base/java.util.stream.AbstractPipeline.copyInto(AbstractPipeline.java:488)
at java.base/java.util.stream.AbstractPipeline.wrapAndCopyInto(AbstractPipeline.java:474)
at java.base/java.util.stream.FindOps$FindOp.evaluateSequential(FindOps.java:150)
at java.base/java.util.stream.AbstractPipeline.evaluate(AbstractPipeline.java:234)
at java.base/java.util.stream.ReferencePipeline.findFirst(ReferencePipeline.java:543)
at org.openqa.selenium.remote.ProtocolHandshake.createSession(ProtocolHandshake.java:126)
at org.openqa.selenium.remote.ProtocolHandshake.createSession(ProtocolHandshake.java:73)
at org.openqa.selenium.remote.HttpCommandExecutor.execute(HttpCommandExecutor.java:136)
at org.openqa.selenium.remote.service.DriverCommandExecutor.execute(DriverCommandExecutor.java:83)
at org.openqa.selenium.remote.RemoteWebDriver.execute(RemoteWebDriver.java:545)
at org.openqa.selenium.remote.RemoteWebDriver.startSession(RemoteWebDriver.java:209)
at org.openqa.selenium.remote.RemoteWebDriver.<init>(RemoteWebDriver.java:132)
at org.openqa.selenium.chrome.ChromeDriver.<init>(ChromeDriver.java:181)
at org.openqa.selenium.chrome.ChromeDriver.<init>(ChromeDriver.java:168)
at org.openqa.selenium.chrome.ChromeDriver.<init>(ChromeDriver.java:157)
at utilities.CapabilityLoader.createWebDriver(CapabilityLoader.java:48)
at tests.TestBase.initDriver(TestBase.java:81)
at java.base/java.util.ArrayList.forEach(ArrayList.java:1540)
... Removed 36 stack frames]]>
    </failure>
  </testcase> <!-- @BeforeMethod initDriver -->
  <testcase classname="tests.TestBase" name="@AfterMethod closerDriver" time="0.0">
    <failure type="java.lang.NullPointerException">
      <![CDATA[java.lang.NullPointerException
at tests.TestBase.closerDriver(TestBase.java:87)
at java.base/java.util.ArrayList.forEach(ArrayList.java:1540)
... Removed 32 stack frames]]>
    </failure>
  </testcase> <!-- @AfterMethod closerDriver -->
  <testcase classname="tests.Verifytradingaddress_DefaultProfile" name="GoToUrlAssertUrlPositiveEnterUsernamePositiveEnterPasswordClickLoginButtonPositiveEnterctl00cP" time="0.0">
    <skipped/>
  </testcase> <!-- GoToUrlAssertUrlPositiveEnterUsernamePositiveEnterPasswordClickLoginButtonPositiveEnterctl00cP -->
</testsuite> <!-- Verifytradingaddress_DefaultProfile -->
