<?xml version="1.0" encoding="UTF-8"?>
<!-- Generated by org.testng.reporters.JUnitXMLReporter -->
<testsuite ignored="0" hostname="DESKTOP-A2R1E8A" failures="1" tests="1" name="VerifynottoseethissymbolonCompanyInformationpageFA69426_DefaultProfile" time="32.15" errors="0" timestamp="2021-08-11T11:53:09 IST">
  <testcase classname="tests.VerifynottoseethissymbolonCompanyInformationpageFA69426_DefaultProfile" name="GoToUrlAssertUrlPositiveEnterUsernamePositiveEnterPasswordClickLoginButtonPositiveEnterAgentNa" time="29.412">
    <failure type="java.lang.AssertionError" message="Unable to locate object: By.xpath: //label[contains(.,&amp;apos;Name:&amp;apos;)]/../input">
      <![CDATA[java.lang.AssertionError: Unable to locate object: By.xpath: //label[contains(.,'Name:')]/../input
at pages.Verify_not_to_see_this_symbol_on_Company_Information_pageFA69426.Enter_AgentName(Verify_not_to_see_this_symbol_on_Company_Information_pageFA69426.java:176)
at tests.VerifynottoseethissymbolonCompanyInformationpageFA69426_DefaultProfile.GoToUrlAssertUrlPositiveEnterUsernamePositiveEnterPasswordClickLoginButtonPositiveEnterAgentNa(VerifynottoseethissymbolonCompanyInformationpageFA69426_DefaultProfile.java:57)
at java.base/java.util.ArrayList.forEach(ArrayList.java:1540)
... Removed 28 stack frames]]>
    </failure>
  </testcase> <!-- GoToUrlAssertUrlPositiveEnterUsernamePositiveEnterPasswordClickLoginButtonPositiveEnterAgentNa -->
</testsuite> <!-- VerifynottoseethissymbolonCompanyInformationpageFA69426_DefaultProfile -->
