<html>
<head>
<title>TestNG:  VerifyEditbuttonmustnotbeworkinginCTOtherAdjustmentsifperiodislockedFA71519_DefaultProfile</title>
<link href="../testng.css" rel="stylesheet" type="text/css" />
<link href="../my-testng.css" rel="stylesheet" type="text/css" />

<style type="text/css">
.log { display: none;} 
.stack-trace { display: none;} 
</style>
<script type="text/javascript">
<!--
function flip(e) {
  current = e.style.display;
  if (current == 'block') {
    e.style.display = 'none';
    return 0;
  }
  else {
    e.style.display = 'block';
    return 1;
  }
}

function toggleBox(szDivId, elem, msg1, msg2)
{
  var res = -1;  if (document.getElementById) {
    res = flip(document.getElementById(szDivId));
  }
  else if (document.all) {
    // this is the way old msie versions work
    res = flip(document.all[szDivId]);
  }
  if(elem) {
    if(res == 0) elem.innerHTML = msg1; else elem.innerHTML = msg2;
  }

}

function toggleAllBoxes() {
  if (document.getElementsByTagName) {
    d = document.getElementsByTagName('div');
    for (i = 0; i < d.length; i++) {
      if (d[i].className == 'log') {
        flip(d[i]);
      }
    }
  }
}

// -->
</script>

</head>
<body>
<h2 align='center'>VerifyEditbuttonmustnotbeworkinginCTOtherAdjustmentsifperiodislockedFA71519_DefaultProfile</h2><table border='1' align="center">
<tr>
<td>Tests passed/Failed/Skipped:</td><td>1/0/0</td>
</tr><tr>
<td>Started on:</td><td>Thu May 20 19:02:43 IST 2021</td>
</tr>
<tr><td>Total time:</td><td>73 seconds (73656 ms)</td>
</tr><tr>
<td>Included groups:</td><td></td>
</tr><tr>
<td>Excluded groups:</td><td></td>
</tr>
</table><p/>
<small><i>(Hover the method name to see the test class name)</i></small><p/>
<table width='100%' border='1' class='invocation-failed'>
<tr><td colspan='4' align='center'><b>FAILED TESTS</b></td></tr>
<tr><td><b>Test method</b></td>
<td width="30%"><b>Exception</b></td>
<td width="10%"><b>Time (seconds)</b></td>
<td><b>Instance</b></td>
</tr>
<tr>
<td title='tests.VerifyCTAdjustmentsiseditableafterunlockingtheperiodFA7153_DefaultProfile.GoToUrlAssertUrlPositiveEnterUsernamePositiveEnterPasswordClickLoginButtonPositiveEnterAgentNa()'><b>GoToUrlAssertUrlPositiveEnterUsernamePositiveEnterPasswordClickLoginButtonPositiveEnterAgentNa</b><br>Test class: tests.VerifyCTAdjustmentsiseditableafterunlockingtheperiodFA7153_DefaultProfile</td>
<td><div><pre>java.lang.AssertionError: Unable to locate object: By.xpath: //A[@id=&apos;ctl00_cPH_btnLockHMRC&apos;]
	at pages.Verify_CT_Adjustments_is_editable_after_unlocking_the_periodFA7153.Click_Lock(Verify_CT_Adjustments_is_editable_after_unlocking_the_periodFA7153.java:531)
	at tests.VerifyCTAdjustmentsiseditableafterunlockingtheperiodFA7153_DefaultProfile.GoToUrlAssertUrlPositiveEnterUsernamePositiveEnterPasswordClickLoginButtonPositiveEnterAgentNa(VerifyCTAdjustmentsiseditableafterunlockingtheperiodFA7153_DefaultProfile.java:101)
	at java.base/java.util.ArrayList.forEach(ArrayList.java:1540)
... Removed 28 stack frames</pre></div><a href='#' onClick='toggleBox("stack-trace834153999", this, "Click to show all stack frames", "Click to hide stack frames")'>Click to show all stack frames</a>
<div class='stack-trace' id='stack-trace834153999'><pre>java.lang.AssertionError: Unable to locate object: By.xpath: //A[@id=&apos;ctl00_cPH_btnLockHMRC&apos;]
	at org.testng.Assert.fail(Assert.java:97)
	at pages.Verify_CT_Adjustments_is_editable_after_unlocking_the_periodFA7153.Click_Lock(Verify_CT_Adjustments_is_editable_after_unlocking_the_periodFA7153.java:531)
	at tests.VerifyCTAdjustmentsiseditableafterunlockingtheperiodFA7153_DefaultProfile.GoToUrlAssertUrlPositiveEnterUsernamePositiveEnterPasswordClickLoginButtonPositiveEnterAgentNa(VerifyCTAdjustmentsiseditableafterunlockingtheperiodFA7153_DefaultProfile.java:101)
	at java.base/jdk.internal.reflect.NativeMethodAccessorImpl.invoke0(Native Method)
	at java.base/jdk.internal.reflect.NativeMethodAccessorImpl.invoke(NativeMethodAccessorImpl.java:62)
	at java.base/jdk.internal.reflect.DelegatingMethodAccessorImpl.invoke(DelegatingMethodAccessorImpl.java:43)
	at java.base/java.lang.reflect.Method.invoke(Method.java:566)
	at org.testng.internal.MethodInvocationHelper.invokeMethod(MethodInvocationHelper.java:134)
	at org.testng.internal.TestInvoker.invokeMethod(TestInvoker.java:597)
	at org.testng.internal.TestInvoker.invokeTestMethod(TestInvoker.java:173)
	at org.testng.internal.MethodRunner.runInSequence(MethodRunner.java:46)
	at org.testng.internal.TestInvoker$MethodInvocationAgent.invoke(TestInvoker.java:816)
	at org.testng.internal.TestInvoker.invokeTestMethods(TestInvoker.java:146)
	at org.testng.internal.TestMethodWorker.invokeTestMethods(TestMethodWorker.java:146)
	at org.testng.internal.TestMethodWorker.run(TestMethodWorker.java:128)
	at java.base/java.util.ArrayList.forEach(ArrayList.java:1540)
	at org.testng.TestRunner.privateRun(TestRunner.java:766)
	at org.testng.TestRunner.run(TestRunner.java:587)
	at org.testng.SuiteRunner.runTest(SuiteRunner.java:384)
	at org.testng.SuiteRunner.runSequentially(SuiteRunner.java:378)
	at org.testng.SuiteRunner.privateRun(SuiteRunner.java:337)
	at org.testng.SuiteRunner.run(SuiteRunner.java:286)
	at org.testng.SuiteRunnerWorker.runSuite(SuiteRunnerWorker.java:53)
	at org.testng.SuiteRunnerWorker.run(SuiteRunnerWorker.java:96)
	at org.testng.TestNG.runSuitesSequentially(TestNG.java:1187)
	at org.testng.TestNG.runSuitesLocally(TestNG.java:1109)
	at org.testng.TestNG.runSuites(TestNG.java:1039)
	at org.testng.TestNG.run(TestNG.java:1007)
	at org.testng.remote.AbstractRemoteTestNG.run(AbstractRemoteTestNG.java:115)
	at org.testng.remote.RemoteTestNG.initAndRun(RemoteTestNG.java:251)
	at org.testng.remote.RemoteTestNG.main(RemoteTestNG.java:77)
</pre></div></td>
<td>86</td>
<td>tests.VerifyCTAdjustmentsiseditableafterunlockingtheperiodFA7153_DefaultProfile@37ddb69a</td></tr>
<tr>
<td title='tests.VerifyRDexpenditureNCTA046inProfitlossAdjustmentsisnoteditableFA7154_DefaultProfile.GoToUrlAssertUrlPositiveEnterUsernamePositiveEnterPasswordClickLoginButtonPositiveEnterAgentNa()'><b>GoToUrlAssertUrlPositiveEnterUsernamePositiveEnterPasswordClickLoginButtonPositiveEnterAgentNa</b><br>Test class: tests.VerifyRDexpenditureNCTA046inProfitlossAdjustmentsisnoteditableFA7154_DefaultProfile</td>
<td><div><pre>org.openqa.selenium.ElementNotInteractableException: element not interactable
  (Session info: chrome=90.0.4430.93)
Build info: version: &apos;3.11.0&apos;, revision: &apos;e59cfb3&apos;, time: &apos;2018-03-11T20:26:55.152Z&apos;
System info: host: &apos;DESKTOP-A2R1E8A&apos;, ip: &apos;192.168.1.49&apos;, os.name: &apos;Windows 10&apos;, os.arch: &apos;amd64&apos;, os.version: &apos;10.0&apos;, java.version: &apos;11.0.6&apos;
Driver info: org.openqa.selenium.chrome.ChromeDriver
Capabilities {acceptInsecureCerts: false, browserName: chrome, browserVersion: 90.0.4430.93, chrome: {chromedriverVersion: 90.0.4430.24 (4c6d850f087da..., userDataDir: C:\Users\ADMINI~1\AppData\L...}, goog:chromeOptions: {debuggerAddress: localhost:59034}, javascriptEnabled: true, networkConnectionEnabled: false, pageLoadStrategy: normal, platform: WINDOWS, platformName: WINDOWS, proxy: Proxy(), setWindowRect: true, strictFileInteractability: false, timeouts: {implicit: 0, pageLoad: 300000, script: 30000}, unhandledPromptBehavior: dismiss and notify, webauthn:extension:largeBlob: true, webauthn:virtualAuthenticators: true}
Session ID: f21ae2b590c8e5b056f0d8f2fe7ac4d5
	at org.openqa.selenium.remote.http.W3CHttpResponseCodec.createException(W3CHttpResponseCodec.java:187)
	at org.openqa.selenium.remote.http.W3CHttpResponseCodec.decode(W3CHttpResponseCodec.java:122)
	at org.openqa.selenium.remote.http.W3CHttpResponseCodec.decode(W3CHttpResponseCodec.java:49)
	at org.openqa.selenium.remote.HttpCommandExecutor.execute(HttpCommandExecutor.java:158)
	at org.openqa.selenium.remote.service.DriverCommandExecutor.execute(DriverCommandExecutor.java:83)
	at org.openqa.selenium.remote.RemoteWebDriver.execute(RemoteWebDriver.java:545)
	at org.openqa.selenium.remote.RemoteWebElement.execute(RemoteWebElement.java:279)
	at org.openqa.selenium.remote.RemoteWebElement.sendKeys(RemoteWebElement.java:100)
	at pages.Verify_RD_expenditure_NCTA046_in_Profitloss_Adjustments_is_not_editableFA7154.Enter_NAC_046(Verify_RD_expenditure_NCTA046_in_Profitloss_Adjustments_is_not_editableFA7154.java:541)
	at tests.VerifyRDexpenditureNCTA046inProfitlossAdjustmentsisnoteditableFA7154_DefaultProfile.GoToUrlAssertUrlPositiveEnterUsernamePositiveEnterPasswordClickLoginButtonPositiveEnterAgentNa(VerifyRDexpenditureNCTA046inProfitlossAdjustmentsisnoteditableFA7154_DefaultProfile.java:106)
	at java.base/java.util.ArrayList.forEach(ArrayList.java:1540)
... Removed 31 stack frames</pre></div><a href='#' onClick='toggleBox("stack-trace1214032527", this, "Click to show all stack frames", "Click to hide stack frames")'>Click to show all stack frames</a>
<div class='stack-trace' id='stack-trace1214032527'><pre>org.openqa.selenium.ElementNotInteractableException: element not interactable
  (Session info: chrome=90.0.4430.93)
Build info: version: &apos;3.11.0&apos;, revision: &apos;e59cfb3&apos;, time: &apos;2018-03-11T20:26:55.152Z&apos;
System info: host: &apos;DESKTOP-A2R1E8A&apos;, ip: &apos;192.168.1.49&apos;, os.name: &apos;Windows 10&apos;, os.arch: &apos;amd64&apos;, os.version: &apos;10.0&apos;, java.version: &apos;11.0.6&apos;
Driver info: org.openqa.selenium.chrome.ChromeDriver
Capabilities {acceptInsecureCerts: false, browserName: chrome, browserVersion: 90.0.4430.93, chrome: {chromedriverVersion: 90.0.4430.24 (4c6d850f087da..., userDataDir: C:\Users\ADMINI~1\AppData\L...}, goog:chromeOptions: {debuggerAddress: localhost:59034}, javascriptEnabled: true, networkConnectionEnabled: false, pageLoadStrategy: normal, platform: WINDOWS, platformName: WINDOWS, proxy: Proxy(), setWindowRect: true, strictFileInteractability: false, timeouts: {implicit: 0, pageLoad: 300000, script: 30000}, unhandledPromptBehavior: dismiss and notify, webauthn:extension:largeBlob: true, webauthn:virtualAuthenticators: true}
Session ID: f21ae2b590c8e5b056f0d8f2fe7ac4d5
	at java.base/jdk.internal.reflect.NativeConstructorAccessorImpl.newInstance0(Native Method)
	at java.base/jdk.internal.reflect.NativeConstructorAccessorImpl.newInstance(NativeConstructorAccessorImpl.java:62)
	at java.base/jdk.internal.reflect.DelegatingConstructorAccessorImpl.newInstance(DelegatingConstructorAccessorImpl.java:45)
	at java.base/java.lang.reflect.Constructor.newInstance(Constructor.java:490)
	at org.openqa.selenium.remote.http.W3CHttpResponseCodec.createException(W3CHttpResponseCodec.java:187)
	at org.openqa.selenium.remote.http.W3CHttpResponseCodec.decode(W3CHttpResponseCodec.java:122)
	at org.openqa.selenium.remote.http.W3CHttpResponseCodec.decode(W3CHttpResponseCodec.java:49)
	at org.openqa.selenium.remote.HttpCommandExecutor.execute(HttpCommandExecutor.java:158)
	at org.openqa.selenium.remote.service.DriverCommandExecutor.execute(DriverCommandExecutor.java:83)
	at org.openqa.selenium.remote.RemoteWebDriver.execute(RemoteWebDriver.java:545)
	at org.openqa.selenium.remote.RemoteWebElement.execute(RemoteWebElement.java:279)
	at org.openqa.selenium.remote.RemoteWebElement.sendKeys(RemoteWebElement.java:100)
	at pages.Verify_RD_expenditure_NCTA046_in_Profitloss_Adjustments_is_not_editableFA7154.Enter_NAC_046(Verify_RD_expenditure_NCTA046_in_Profitloss_Adjustments_is_not_editableFA7154.java:541)
	at tests.VerifyRDexpenditureNCTA046inProfitlossAdjustmentsisnoteditableFA7154_DefaultProfile.GoToUrlAssertUrlPositiveEnterUsernamePositiveEnterPasswordClickLoginButtonPositiveEnterAgentNa(VerifyRDexpenditureNCTA046inProfitlossAdjustmentsisnoteditableFA7154_DefaultProfile.java:106)
	at java.base/jdk.internal.reflect.NativeMethodAccessorImpl.invoke0(Native Method)
	at java.base/jdk.internal.reflect.NativeMethodAccessorImpl.invoke(NativeMethodAccessorImpl.java:62)
	at java.base/jdk.internal.reflect.DelegatingMethodAccessorImpl.invoke(DelegatingMethodAccessorImpl.java:43)
	at java.base/java.lang.reflect.Method.invoke(Method.java:566)
	at org.testng.internal.MethodInvocationHelper.invokeMethod(MethodInvocationHelper.java:134)
	at org.testng.internal.TestInvoker.invokeMethod(TestInvoker.java:597)
	at org.testng.internal.TestInvoker.invokeTestMethod(TestInvoker.java:173)
	at org.testng.internal.MethodRunner.runInSequence(MethodRunner.java:46)
	at org.testng.internal.TestInvoker$MethodInvocationAgent.invoke(TestInvoker.java:816)
	at org.testng.internal.TestInvoker.invokeTestMethods(TestInvoker.java:146)
	at org.testng.internal.TestMethodWorker.invokeTestMethods(TestMethodWorker.java:146)
	at org.testng.internal.TestMethodWorker.run(TestMethodWorker.java:128)
	at java.base/java.util.ArrayList.forEach(ArrayList.java:1540)
	at org.testng.TestRunner.privateRun(TestRunner.java:766)
	at org.testng.TestRunner.run(TestRunner.java:587)
	at org.testng.SuiteRunner.runTest(SuiteRunner.java:384)
	at org.testng.SuiteRunner.runSequentially(SuiteRunner.java:378)
	at org.testng.SuiteRunner.privateRun(SuiteRunner.java:337)
	at org.testng.SuiteRunner.run(SuiteRunner.java:286)
	at org.testng.SuiteRunnerWorker.runSuite(SuiteRunnerWorker.java:53)
	at org.testng.SuiteRunnerWorker.run(SuiteRunnerWorker.java:96)
	at org.testng.TestNG.runSuitesSequentially(TestNG.java:1187)
	at org.testng.TestNG.runSuitesLocally(TestNG.java:1109)
	at org.testng.TestNG.runSuites(TestNG.java:1039)
	at org.testng.TestNG.run(TestNG.java:1007)
	at org.testng.remote.AbstractRemoteTestNG.run(AbstractRemoteTestNG.java:115)
	at org.testng.remote.RemoteTestNG.initAndRun(RemoteTestNG.java:251)
	at org.testng.remote.RemoteTestNG.main(RemoteTestNG.java:77)
</pre></div></td>
<td>70</td>
<td>tests.VerifyRDexpenditureNCTA046inProfitlossAdjustmentsisnoteditableFA7154_DefaultProfile@52d239ba</td></tr>
<tr>
<td title='tests.VerifyvalueisnotsavinginAssetDisposalNCTA060inProfitlossAdjustmentsFA7156_DefaultProfile.GoToUrlAssertUrlPositiveEnterUsernamePositiveEnterPasswordClickLoginButtonPositiveEnterAgentNa()'><b>GoToUrlAssertUrlPositiveEnterUsernamePositiveEnterPasswordClickLoginButtonPositiveEnterAgentNa</b><br>Test class: tests.VerifyvalueisnotsavinginAssetDisposalNCTA060inProfitlossAdjustmentsFA7156_DefaultProfile</td>
<td><div><pre>java.lang.AssertionError: Unable to locate object: By.xpath: //A[@id=&apos;ctl00_cpHeaderRight_btnSave&apos;]
	at pages.Verify_value_is_not_saving_in_Asset_Disposal_NCTA060_in_Profitloss_AdjustmentsFA7156.Click__Save_(Verify_value_is_not_saving_in_Asset_Disposal_NCTA060_in_Profitloss_AdjustmentsFA7156.java:550)
	at tests.VerifyvalueisnotsavinginAssetDisposalNCTA060inProfitlossAdjustmentsFA7156_DefaultProfile.GoToUrlAssertUrlPositiveEnterUsernamePositiveEnterPasswordClickLoginButtonPositiveEnterAgentNa(VerifyvalueisnotsavinginAssetDisposalNCTA060inProfitlossAdjustmentsFA7156_DefaultProfile.java:109)
	at java.base/java.util.ArrayList.forEach(ArrayList.java:1540)
... Removed 28 stack frames</pre></div><a href='#' onClick='toggleBox("stack-trace1730062079", this, "Click to show all stack frames", "Click to hide stack frames")'>Click to show all stack frames</a>
<div class='stack-trace' id='stack-trace1730062079'><pre>java.lang.AssertionError: Unable to locate object: By.xpath: //A[@id=&apos;ctl00_cpHeaderRight_btnSave&apos;]
	at org.testng.Assert.fail(Assert.java:97)
	at pages.Verify_value_is_not_saving_in_Asset_Disposal_NCTA060_in_Profitloss_AdjustmentsFA7156.Click__Save_(Verify_value_is_not_saving_in_Asset_Disposal_NCTA060_in_Profitloss_AdjustmentsFA7156.java:550)
	at tests.VerifyvalueisnotsavinginAssetDisposalNCTA060inProfitlossAdjustmentsFA7156_DefaultProfile.GoToUrlAssertUrlPositiveEnterUsernamePositiveEnterPasswordClickLoginButtonPositiveEnterAgentNa(VerifyvalueisnotsavinginAssetDisposalNCTA060inProfitlossAdjustmentsFA7156_DefaultProfile.java:109)
	at java.base/jdk.internal.reflect.NativeMethodAccessorImpl.invoke0(Native Method)
	at java.base/jdk.internal.reflect.NativeMethodAccessorImpl.invoke(NativeMethodAccessorImpl.java:62)
	at java.base/jdk.internal.reflect.DelegatingMethodAccessorImpl.invoke(DelegatingMethodAccessorImpl.java:43)
	at java.base/java.lang.reflect.Method.invoke(Method.java:566)
	at org.testng.internal.MethodInvocationHelper.invokeMethod(MethodInvocationHelper.java:134)
	at org.testng.internal.TestInvoker.invokeMethod(TestInvoker.java:597)
	at org.testng.internal.TestInvoker.invokeTestMethod(TestInvoker.java:173)
	at org.testng.internal.MethodRunner.runInSequence(MethodRunner.java:46)
	at org.testng.internal.TestInvoker$MethodInvocationAgent.invoke(TestInvoker.java:816)
	at org.testng.internal.TestInvoker.invokeTestMethods(TestInvoker.java:146)
	at org.testng.internal.TestMethodWorker.invokeTestMethods(TestMethodWorker.java:146)
	at org.testng.internal.TestMethodWorker.run(TestMethodWorker.java:128)
	at java.base/java.util.ArrayList.forEach(ArrayList.java:1540)
	at org.testng.TestRunner.privateRun(TestRunner.java:766)
	at org.testng.TestRunner.run(TestRunner.java:587)
	at org.testng.SuiteRunner.runTest(SuiteRunner.java:384)
	at org.testng.SuiteRunner.runSequentially(SuiteRunner.java:378)
	at org.testng.SuiteRunner.privateRun(SuiteRunner.java:337)
	at org.testng.SuiteRunner.run(SuiteRunner.java:286)
	at org.testng.SuiteRunnerWorker.runSuite(SuiteRunnerWorker.java:53)
	at org.testng.SuiteRunnerWorker.run(SuiteRunnerWorker.java:96)
	at org.testng.TestNG.runSuitesSequentially(TestNG.java:1187)
	at org.testng.TestNG.runSuitesLocally(TestNG.java:1109)
	at org.testng.TestNG.runSuites(TestNG.java:1039)
	at org.testng.TestNG.run(TestNG.java:1007)
	at org.testng.remote.AbstractRemoteTestNG.run(AbstractRemoteTestNG.java:115)
	at org.testng.remote.RemoteTestNG.initAndRun(RemoteTestNG.java:251)
	at org.testng.remote.RemoteTestNG.main(RemoteTestNG.java:77)
</pre></div></td>
<td>82</td>
<td>tests.VerifyvalueisnotsavinginAssetDisposalNCTA060inProfitlossAdjustmentsFA7156_DefaultProfile@3f390d63</td></tr>
<tr>
<td title='tests.VerifyRDenhancedallowanceNCTA045inProfitlossAdjustmentsisnoteditableFA7155_DefaultProfile.GoToUrlAssertUrlPositiveEnterUsernamePositiveEntercPasswordClickLoginButtonPositiveEnterAgentN()'><b>GoToUrlAssertUrlPositiveEnterUsernamePositiveEntercPasswordClickLoginButtonPositiveEnterAgentN</b><br>Test class: tests.VerifyRDenhancedallowanceNCTA045inProfitlossAdjustmentsisnoteditableFA7155_DefaultProfile</td>
<td><div><pre>java.lang.AssertionError: Expecting URL - http://sandbox4.nomismasolution.co.uk/AccountUI/CTPreview.aspx?FYCode=52443&amp;CompanyCode=13249 Found http://sandbox4.nomismasolution.co.uk/ssoui/Signin.aspx?token=85467db6-425f-46e2-9192-ef2efd40a60a
	at pages.Verify_RD_enhanced_allowanceNCTA045_in_Profitloss_Adjustments_is_not_editableFA7155.AssertUrl(Verify_RD_enhanced_allowanceNCTA045_in_Profitloss_Adjustments_is_not_editableFA7155.java:89)
	at tests.VerifyRDenhancedallowanceNCTA045inProfitlossAdjustmentsisnoteditableFA7155_DefaultProfile.GoToUrlAssertUrlPositiveEnterUsernamePositiveEntercPasswordClickLoginButtonPositiveEnterAgentN(VerifyRDenhancedallowanceNCTA045inProfitlossAdjustmentsisnoteditableFA7155_DefaultProfile.java:43)
	at java.base/java.util.ArrayList.forEach(ArrayList.java:1540)
... Removed 28 stack frames</pre></div><a href='#' onClick='toggleBox("stack-trace785848103", this, "Click to show all stack frames", "Click to hide stack frames")'>Click to show all stack frames</a>
<div class='stack-trace' id='stack-trace785848103'><pre>java.lang.AssertionError: Expecting URL - http://sandbox4.nomismasolution.co.uk/AccountUI/CTPreview.aspx?FYCode=52443&amp;CompanyCode=13249 Found http://sandbox4.nomismasolution.co.uk/ssoui/Signin.aspx?token=85467db6-425f-46e2-9192-ef2efd40a60a
	at org.testng.Assert.fail(Assert.java:97)
	at pages.Verify_RD_enhanced_allowanceNCTA045_in_Profitloss_Adjustments_is_not_editableFA7155.AssertUrl(Verify_RD_enhanced_allowanceNCTA045_in_Profitloss_Adjustments_is_not_editableFA7155.java:89)
	at tests.VerifyRDenhancedallowanceNCTA045inProfitlossAdjustmentsisnoteditableFA7155_DefaultProfile.GoToUrlAssertUrlPositiveEnterUsernamePositiveEntercPasswordClickLoginButtonPositiveEnterAgentN(VerifyRDenhancedallowanceNCTA045inProfitlossAdjustmentsisnoteditableFA7155_DefaultProfile.java:43)
	at java.base/jdk.internal.reflect.NativeMethodAccessorImpl.invoke0(Native Method)
	at java.base/jdk.internal.reflect.NativeMethodAccessorImpl.invoke(NativeMethodAccessorImpl.java:62)
	at java.base/jdk.internal.reflect.DelegatingMethodAccessorImpl.invoke(DelegatingMethodAccessorImpl.java:43)
	at java.base/java.lang.reflect.Method.invoke(Method.java:566)
	at org.testng.internal.MethodInvocationHelper.invokeMethod(MethodInvocationHelper.java:134)
	at org.testng.internal.TestInvoker.invokeMethod(TestInvoker.java:597)
	at org.testng.internal.TestInvoker.invokeTestMethod(TestInvoker.java:173)
	at org.testng.internal.MethodRunner.runInSequence(MethodRunner.java:46)
	at org.testng.internal.TestInvoker$MethodInvocationAgent.invoke(TestInvoker.java:816)
	at org.testng.internal.TestInvoker.invokeTestMethods(TestInvoker.java:146)
	at org.testng.internal.TestMethodWorker.invokeTestMethods(TestMethodWorker.java:146)
	at org.testng.internal.TestMethodWorker.run(TestMethodWorker.java:128)
	at java.base/java.util.ArrayList.forEach(ArrayList.java:1540)
	at org.testng.TestRunner.privateRun(TestRunner.java:766)
	at org.testng.TestRunner.run(TestRunner.java:587)
	at org.testng.SuiteRunner.runTest(SuiteRunner.java:384)
	at org.testng.SuiteRunner.runSequentially(SuiteRunner.java:378)
	at org.testng.SuiteRunner.privateRun(SuiteRunner.java:337)
	at org.testng.SuiteRunner.run(SuiteRunner.java:286)
	at org.testng.SuiteRunnerWorker.runSuite(SuiteRunnerWorker.java:53)
	at org.testng.SuiteRunnerWorker.run(SuiteRunnerWorker.java:96)
	at org.testng.TestNG.runSuitesSequentially(TestNG.java:1187)
	at org.testng.TestNG.runSuitesLocally(TestNG.java:1109)
	at org.testng.TestNG.runSuites(TestNG.java:1039)
	at org.testng.TestNG.run(TestNG.java:1007)
	at org.testng.remote.AbstractRemoteTestNG.run(AbstractRemoteTestNG.java:115)
	at org.testng.remote.RemoteTestNG.initAndRun(RemoteTestNG.java:251)
	at org.testng.remote.RemoteTestNG.main(RemoteTestNG.java:77)
</pre></div></td>
<td>10</td>
<td>tests.VerifyRDenhancedallowanceNCTA045inProfitlossAdjustmentsisnoteditableFA7155_DefaultProfile@2a79d4b1</td></tr>
</table><p>
<table width='100%' border='1' class='invocation-passed'>
<tr><td colspan='4' align='center'><b>PASSED TESTS</b></td></tr>
<tr><td><b>Test method</b></td>
<td width="30%"><b>Exception</b></td>
<td width="10%"><b>Time (seconds)</b></td>
<td><b>Instance</b></td>
</tr>
<tr>
<td title='tests.VerifyCTAdjustmentsscreenisnoteditableafterlockingtheperiodFA7152_DefaultProfile.GoToUrlAssertUrlPositiveEnterUsernamePositiveEnterPasswordClickLoginButtonPositiveEnterAgentNa()'><b>GoToUrlAssertUrlPositiveEnterUsernamePositiveEnterPasswordClickLoginButtonPositiveEnterAgentNa</b><br>Test class: tests.VerifyCTAdjustmentsscreenisnoteditableafterlockingtheperiodFA7152_DefaultProfile</td>
<td></td>
<td>90</td>
<td>tests.VerifyCTAdjustmentsscreenisnoteditableafterlockingtheperiodFA7152_DefaultProfile@54a67a45</td></tr>
<tr>
<td title='tests.VerifyEditbuttonmustnotbeworkingforAboutthisreturnincasereturnislockedFA7157_DefaultProfile.GoToUrlAssertUrlPositiveEnterUsernamePositiveEnterPasswordClickLoginButtonPositiveEnterAgentNa()'><b>GoToUrlAssertUrlPositiveEnterUsernamePositiveEnterPasswordClickLoginButtonPositiveEnterAgentNa</b><br>Test class: tests.VerifyEditbuttonmustnotbeworkingforAboutthisreturnincasereturnislockedFA7157_DefaultProfile</td>
<td></td>
<td>85</td>
<td>tests.VerifyEditbuttonmustnotbeworkingforAboutthisreturnincasereturnislockedFA7157_DefaultProfile@5c530d1e</td></tr>
<tr>
<td title='tests.VerifyAboutthisreturniseditableafterunlockingthereturnFA7158_DefaultProfile.GoToUrlAssertUrlPositiveEnterUsernamePositiveEnterPasswordClickLoginButtonPositiveEnterAgentNa()'><b>GoToUrlAssertUrlPositiveEnterUsernamePositiveEnterPasswordClickLoginButtonPositiveEnterAgentNa</b><br>Test class: tests.VerifyAboutthisreturniseditableafterunlockingthereturnFA7158_DefaultProfile</td>
<td></td>
<td>76</td>
<td>tests.VerifyAboutthisreturniseditableafterunlockingthereturnFA7158_DefaultProfile@f478a81</td></tr>
<tr>
<td title='tests.VerifyEditbuttonmustnotbeworkingforTaxCalculationincasereturnislockedFA7159_DefaultProfile.GoToUrlAssertUrlPositiveEnterUsernamePositiveEnterPasswordClickLoginButtonPositiveEnterAgentNa()'><b>GoToUrlAssertUrlPositiveEnterUsernamePositiveEnterPasswordClickLoginButtonPositiveEnterAgentNa</b><br>Test class: tests.VerifyEditbuttonmustnotbeworkingforTaxCalculationincasereturnislockedFA7159_DefaultProfile</td>
<td></td>
<td>65</td>
<td>tests.VerifyEditbuttonmustnotbeworkingforTaxCalculationincasereturnislockedFA7159_DefaultProfile@14d14731</td></tr>
<tr>
<td title='tests.VerifyTaxCalculationiseditableafterunlockingthereturnFA71510_DefaultProfile.GoToUrlAssertUrlPositiveEnterUsernamePositiveEnterPasswordClickLoginButtonPositiveEnterAgentNa()'><b>GoToUrlAssertUrlPositiveEnterUsernamePositiveEnterPasswordClickLoginButtonPositiveEnterAgentNa</b><br>Test class: tests.VerifyTaxCalculationiseditableafterunlockingthereturnFA71510_DefaultProfile</td>
<td></td>
<td>100</td>
<td>tests.VerifyTaxCalculationiseditableafterunlockingthereturnFA71510_DefaultProfile@784b990c</td></tr>
<tr>
<td title='tests.VerifyEditbuttonmustnotbeworkingforRDandCapitalAllowancesFA71511_DefaultProfile.GoToUrlAssertUrlPositiveEnterUsernamePositiveEnterPasswordClickLoginButtonPositiveEnterAgentNa()'><b>GoToUrlAssertUrlPositiveEnterUsernamePositiveEnterPasswordClickLoginButtonPositiveEnterAgentNa</b><br>Test class: tests.VerifyEditbuttonmustnotbeworkingforRDandCapitalAllowancesFA71511_DefaultProfile</td>
<td></td>
<td>82</td>
<td>tests.VerifyEditbuttonmustnotbeworkingforRDandCapitalAllowancesFA71511_DefaultProfile@1ae67cad</td></tr>
<tr>
<td title='tests.VerifyRDandCapitalAllowanceiseditableafterunlockingthereturnFA71512_DefaultProfile.GoToUrlAssertUrlPositiveEnterUsernamePositiveEnterPasswordClickLoginButtonPositiveEnterAgentNa()'><b>GoToUrlAssertUrlPositiveEnterUsernamePositiveEnterPasswordClickLoginButtonPositiveEnterAgentNa</b><br>Test class: tests.VerifyRDandCapitalAllowanceiseditableafterunlockingthereturnFA71512_DefaultProfile</td>
<td></td>
<td>94</td>
<td>tests.VerifyRDandCapitalAllowanceiseditableafterunlockingthereturnFA71512_DefaultProfile@4409e975</td></tr>
<tr>
<td title='tests.VerifyEditbuttonmustnotbeworkingforLossesdeficitsandexcessamountsFA71513_DefaultProfile.GoToUrlAssertUrlPositiveEnterUsernamePositiveEnterPasswordClickLoginButtonPositiveEnterAgentNa()'><b>GoToUrlAssertUrlPositiveEnterUsernamePositiveEnterPasswordClickLoginButtonPositiveEnterAgentNa</b><br>Test class: tests.VerifyEditbuttonmustnotbeworkingforLossesdeficitsandexcessamountsFA71513_DefaultProfile</td>
<td></td>
<td>97</td>
<td>tests.VerifyEditbuttonmustnotbeworkingforLossesdeficitsandexcessamountsFA71513_DefaultProfile@3381b4fc</td></tr>
<tr>
<td title='tests.VerifyLossesdeficitsandexcessamountsiseditableafterunlockingthereturnFA71514_DefaultProfile.GoToUrlAssertUrlPositiveEnterUsernamePositiveEnterPasswordClickLoginButtonPositiveEnterAgentNa()'><b>GoToUrlAssertUrlPositiveEnterUsernamePositiveEnterPasswordClickLoginButtonPositiveEnterAgentNa</b><br>Test class: tests.VerifyLossesdeficitsandexcessamountsiseditableafterunlockingthereturnFA71514_DefaultProfile</td>
<td></td>
<td>92</td>
<td>tests.VerifyLossesdeficitsandexcessamountsiseditableafterunlockingthereturnFA71514_DefaultProfile@31aa3ca5</td></tr>
<tr>
<td title='tests.VerifyEditbuttonmustnotbeworkingforOverpaymentsandrepaymentsincasereturnFA71515_DefaultProfile.GoToUrlAssertUrlPositiveEnterUsernamePositiveEnterPasswordClickLoginButtonPositiveEnterAgentNa()'><b>GoToUrlAssertUrlPositiveEnterUsernamePositiveEnterPasswordClickLoginButtonPositiveEnterAgentNa</b><br>Test class: tests.VerifyEditbuttonmustnotbeworkingforOverpaymentsandrepaymentsincasereturnFA71515_DefaultProfile</td>
<td></td>
<td>81</td>
<td>tests.VerifyEditbuttonmustnotbeworkingforOverpaymentsandrepaymentsincasereturnFA71515_DefaultProfile@1e7aa82b</td></tr>
<tr>
<td title='tests.VerifyOverpaymentsandrepaymentsiseditableafterunlockingthereturnFA71516_DefaultProfile.GoToUrlAssertUrlPositiveEnterUsernamePositiveEnterPasswordClickLoginButtonPositiveEnterAgentNa()'><b>GoToUrlAssertUrlPositiveEnterUsernamePositiveEnterPasswordClickLoginButtonPositiveEnterAgentNa</b><br>Test class: tests.VerifyOverpaymentsandrepaymentsiseditableafterunlockingthereturnFA71516_DefaultProfile</td>
<td></td>
<td>82</td>
<td>tests.VerifyOverpaymentsandrepaymentsiseditableafterunlockingthereturnFA71516_DefaultProfile@75b25825</td></tr>
<tr>
<td title='tests.VerifyEditbuttonmustnotbeworkinginFormCT600AifperiodislockedFA71517_DefaultProfile.GoToUrlAssertUrlPositiveEnterUsernamePositiveEnterPasswordClickLoginButtonPositiveEnterAgentNa()'><b>GoToUrlAssertUrlPositiveEnterUsernamePositiveEnterPasswordClickLoginButtonPositiveEnterAgentNa</b><br>Test class: tests.VerifyEditbuttonmustnotbeworkinginFormCT600AifperiodislockedFA71517_DefaultProfile</td>
<td></td>
<td>92</td>
<td>tests.VerifyEditbuttonmustnotbeworkinginFormCT600AifperiodislockedFA71517_DefaultProfile@5a7005d</td></tr>
<tr>
<td title='tests.VerifyFormCT600AiseditableafterunlockingthereturnFA71518_DefaultProfile.GoToUrlAssertUrlPositiveEnterUsernamePositiveEnterPasswordClickLoginButtonPositiveEnterAgentNa()'><b>GoToUrlAssertUrlPositiveEnterUsernamePositiveEnterPasswordClickLoginButtonPositiveEnterAgentNa</b><br>Test class: tests.VerifyFormCT600AiseditableafterunlockingthereturnFA71518_DefaultProfile</td>
<td></td>
<td>67</td>
<td>tests.VerifyFormCT600AiseditableafterunlockingthereturnFA71518_DefaultProfile@3dd1dc90</td></tr>
<tr>
<td title='tests.VerifyEditbuttonmustnotbeworkinginCTOtherAdjustmentsifperiodislockedFA71519_DefaultProfile.GoToUrlAssertUrlPositiveEnterUsernamePositiveEnterPasswordClickLoginButtonPositiveEnterAgentNa()'><b>GoToUrlAssertUrlPositiveEnterUsernamePositiveEnterPasswordClickLoginButtonPositiveEnterAgentNa</b><br>Test class: tests.VerifyEditbuttonmustnotbeworkinginCTOtherAdjustmentsifperiodislockedFA71519_DefaultProfile</td>
<td></td>
<td>67</td>
<td>tests.VerifyEditbuttonmustnotbeworkinginCTOtherAdjustmentsifperiodislockedFA71519_DefaultProfile@5c00384f</td></tr>
<tr>
<td title='tests.VerifylockandunlockbuttonstatusofSubmitscreenFA7151_DefaultProfile.PositiveEnterUsernamePositiveEnterPasswordClickLoginButtonPositiveEnterAgentNameClickSearchbutt()'><b>PositiveEnterUsernamePositiveEnterPasswordClickLoginButtonPositiveEnterAgentNameClickSearchbutt</b><br>Test class: tests.VerifylockandunlockbuttonstatusofSubmitscreenFA7151_DefaultProfile</td>
<td></td>
<td>50</td>
<td>tests.VerifylockandunlockbuttonstatusofSubmitscreenFA7151_DefaultProfile@8c11eee</td></tr>
</table><p>
</body>
</html>