<html>
<head>
<title>TestNG:  Verifymember_DefaultProfile</title>
<link href="../testng.css" rel="stylesheet" type="text/css" />
<link href="../my-testng.css" rel="stylesheet" type="text/css" />

<style type="text/css">
.log { display: none;} 
.stack-trace { display: none;} 
</style>
<script type="text/javascript">
<!--
function flip(e) {
  current = e.style.display;
  if (current == 'block') {
    e.style.display = 'none';
    return 0;
  }
  else {
    e.style.display = 'block';
    return 1;
  }
}

function toggleBox(szDivId, elem, msg1, msg2)
{
  var res = -1;  if (document.getElementById) {
    res = flip(document.getElementById(szDivId));
  }
  else if (document.all) {
    // this is the way old msie versions work
    res = flip(document.all[szDivId]);
  }
  if(elem) {
    if(res == 0) elem.innerHTML = msg1; else elem.innerHTML = msg2;
  }

}

function toggleAllBoxes() {
  if (document.getElementsByTagName) {
    d = document.getElementsByTagName('div');
    for (i = 0; i < d.length; i++) {
      if (d[i].className == 'log') {
        flip(d[i]);
      }
    }
  }
}

// -->
</script>

</head>
<body>
<h2 align='center'>Verifymember_DefaultProfile</h2><table border='1' align="center">
<tr>
<td>Tests passed/Failed/Skipped:</td><td>0/1/0</td>
</tr><tr>
<td>Started on:</td><td>Wed Feb 17 16:35:21 IST 2021</td>
</tr>
<tr><td>Total time:</td><td>101 seconds (101656 ms)</td>
</tr><tr>
<td>Included groups:</td><td></td>
</tr><tr>
<td>Excluded groups:</td><td></td>
</tr>
</table><p/>
<small><i>(Hover the method name to see the test class name)</i></small><p/>
<table width='100%' border='1' class='invocation-failed'>
<tr><td colspan='4' align='center'><b>FAILED TESTS</b></td></tr>
<tr><td><b>Test method</b></td>
<td width="30%"><b>Exception</b></td>
<td width="10%"><b>Time (seconds)</b></td>
<td><b>Instance</b></td>
</tr>
<tr>
<td title='tests.Verifycountryname2_DefaultProfile.GoToUrlAssertUrlPositiveEnterUsernamePositiveEnterPasswordClickLoginButtonPositiveEnterSearchA()'><b>GoToUrlAssertUrlPositiveEnterUsernamePositiveEnterPasswordClickLoginButtonPositiveEnterSearchA</b><br>Test class: tests.Verifycountryname2_DefaultProfile</td>
<td><div><pre>java.lang.AssertionError: expected [Registered No] but found [Registered No : NI121212 (Northern Ireland)
ABC LLP
Unaudited Financial Statements
For the year ended 30 April 2022
ABC LLP
Contents
For the year ended 30 April 2022
CONTENTS PAGE
Partnership Information 3
Member&apos;s Report 4
Accountant&apos;s Report 5
Income Statement 6
Statement of Financial Position 7 - 8
Detailed Income Statement 9


- 2 -
ABC LLP
Partnership Information
For the year ended 30 April 2022
Partnership registration number NI121212 (Northern Ireland)
Members/Designated members John Zurk
(Served during the year) Mathew Para
Partnership secretary John Williams
Registered office address Address1
Address2
Address3
Address4
SW4 8EB
Trading office address Park AvenuePark Avenue
Villa No 4Villa No 4
Benton StreetBenton Street
LondonLondon
WC2N 5DU
Accountant
ABC AssociatesABC AssociatesABC Associates
ACCA ACCA ACCA
Address1 Address1 Address1
Address2 Address2 Address2
SW4 8EB
- 3 -
ABC LLP
Member&apos;s Report
For the year ended 30 April 2022
The Members present their annual report and the unaudited financial statements for the year ended 30 April 2022.
Principal activity
The principal activity of the Partnership continued to be that of manufacturing of garments.
Members of the Partnership
The following members held the office during the whole of the period :
John Zurk
Mathew Para
Policy with respect to member&apos;s drawings and subscription and repayment capital
Members are permitted to make drawings in anticipation of profits which will be allocated to them. The amount of such drawings is set the beginning of each financial year, taking into account the anticipated cash needs of the LLP.
By orders of the members :
John Zurk
Designated member
- 4 -
ABC LLP
Accountant&apos;s report
For the year ended 30 April 2022
Accountant&apos;s Report to the members on the preparation of the unaudited statutory accounts of ABC LLP for the year ended 30 April 2022
In order to assist you to fulfil your duties under the Companies Act 2006, we have prepared for your approval the financial statements of ABC LLP for the year ended 30 April 2022.
We have prepared these financial statements based on the accounting records, information and explanations provided by you. We do not express any opinion on these financial statements.
On the Statement of Financial Position, you have acknowledged your duties under the prevailing Companies Act 2006 that the partnership keeps adequate accounting records and prepares financial statements that give a true and fair view.
You have determined that the partnership is exempt from the statutory requirement for an audit for this accounting year. Therefore, the financial statements are unaudited.
The financial statements are provided exclusively to the member for the limited purpose mentioned above, and may not be used or relied upon for any other purpose or by any other person, and we shall not be liable for any other usage or reliance.
ABC AssociatesABC AssociatesABC Associates
ACCA ACCA ACCA
Address1 Address1 Address1
Address2 Address2 Address2
SW4 8EB
17 February 2021
- 5 -
ABC LLP
Income Statement
For the year ended 30 April 2022
2022
£
Turnover -
(loss)/profit for the financial year before member&apos;s remuneration and (loss)/profit shares -
- 6 -
ABC LLP
Statement of Financial Position
For the year ended 30 April 2022
2022
£
Net current assets (liabilities) -
Net assets (liabilities) -
Represented by:
Capital and reserves:
- Other reserves -
-
Total members interests
Member&apos;s other interests -
-
(1) Members: benefits advances, credit and guarantees
During the year the partnership made an advance of £ {Enter amount} to a member of the partnership, to provide advance funds for {Enter reason like; expense they were expected to incur when attending a personal training course. The balance was fully repaid at the year end}.
(2) Guarantees and other financial commitments
The partnership is being sued by a former employee for unfair dismissal. Solicitors have advised that the maximum potential liability amounts to £ {Enter amount}. No provision has been included in the financial statements on the basis that legal advice obtained by the members sets out that the case is unlikely to be successful.
The partnership has granted a floating charge on its assets to secure the bank loan of £ {Enter amount} ({Enter year}: £ {Enter amount}).
The partnership had capital commitments contracted but not provided for in the financial statements totalling £ {Enter amount}.
At the balance sheet date, the partnership had outstanding commitments for future minimum lease payments under non-cancellable operating leases over {Enter type like; long and short leasehold land and buildings / plant and machinery / motor vehicles}, which fall due as follows:
2022 2021
£ £
Within one year -
Between one and five years -
Later than five years -
- -
(3) Average number of employees
The average number of persons employed by the partnership during the year was 0 (2021:0)
For the year ending 30 April 2022 the LLP was entitled to exemption from audit under section 477 of the Companies Act 2006 (as applied to LLPs by The Limited Liability Partnerships (Accounts and Audit) (Application of Companies Act 2006) regulations 2008) relating to small LLPs.
The members acknowledge their responsibilities for complying with the requirements of the Companies Act 2006 (as applied to LLPs) with respect to accounting records and the preparation of financial statements.
These financial statements have been prepared in accordance with the micro-entity provisions.
Approved by the members and signed on behalf of the members by:
.............................
LLP registration number: NI121212 (Northern Ireland)
- 7 - 8 -
ABC LLP
Detailed Income Statement
For the year ended 30 April 2022
2022
£
Turnover -
This section does not form part of partnership&apos;s statutory financial statements.
- 9 -]
	at pages.Verifycountryname2.Click_Full_Accounts(Verifycountryname2.java:954)
	at tests.Verifycountryname2_DefaultProfile.GoToUrlAssertUrlPositiveEnterUsernamePositiveEnterPasswordClickLoginButtonPositiveEnterSearchA(Verifycountryname2_DefaultProfile.java:157)
	at java.base/java.util.ArrayList.forEach(ArrayList.java:1540)
... Removed 32 stack frames</pre></div><a href='#' onClick='toggleBox("stack-trace1411828534", this, "Click to show all stack frames", "Click to hide stack frames")'>Click to show all stack frames</a>
<div class='stack-trace' id='stack-trace1411828534'><pre>java.lang.AssertionError: expected [Registered No] but found [Registered No : NI121212 (Northern Ireland)
ABC LLP
Unaudited Financial Statements
For the year ended 30 April 2022
ABC LLP
Contents
For the year ended 30 April 2022
CONTENTS PAGE
Partnership Information 3
Member&apos;s Report 4
Accountant&apos;s Report 5
Income Statement 6
Statement of Financial Position 7 - 8
Detailed Income Statement 9


- 2 -
ABC LLP
Partnership Information
For the year ended 30 April 2022
Partnership registration number NI121212 (Northern Ireland)
Members/Designated members John Zurk
(Served during the year) Mathew Para
Partnership secretary John Williams
Registered office address Address1
Address2
Address3
Address4
SW4 8EB
Trading office address Park AvenuePark Avenue
Villa No 4Villa No 4
Benton StreetBenton Street
LondonLondon
WC2N 5DU
Accountant
ABC AssociatesABC AssociatesABC Associates
ACCA ACCA ACCA
Address1 Address1 Address1
Address2 Address2 Address2
SW4 8EB
- 3 -
ABC LLP
Member&apos;s Report
For the year ended 30 April 2022
The Members present their annual report and the unaudited financial statements for the year ended 30 April 2022.
Principal activity
The principal activity of the Partnership continued to be that of manufacturing of garments.
Members of the Partnership
The following members held the office during the whole of the period :
John Zurk
Mathew Para
Policy with respect to member&apos;s drawings and subscription and repayment capital
Members are permitted to make drawings in anticipation of profits which will be allocated to them. The amount of such drawings is set the beginning of each financial year, taking into account the anticipated cash needs of the LLP.
By orders of the members :
John Zurk
Designated member
- 4 -
ABC LLP
Accountant&apos;s report
For the year ended 30 April 2022
Accountant&apos;s Report to the members on the preparation of the unaudited statutory accounts of ABC LLP for the year ended 30 April 2022
In order to assist you to fulfil your duties under the Companies Act 2006, we have prepared for your approval the financial statements of ABC LLP for the year ended 30 April 2022.
We have prepared these financial statements based on the accounting records, information and explanations provided by you. We do not express any opinion on these financial statements.
On the Statement of Financial Position, you have acknowledged your duties under the prevailing Companies Act 2006 that the partnership keeps adequate accounting records and prepares financial statements that give a true and fair view.
You have determined that the partnership is exempt from the statutory requirement for an audit for this accounting year. Therefore, the financial statements are unaudited.
The financial statements are provided exclusively to the member for the limited purpose mentioned above, and may not be used or relied upon for any other purpose or by any other person, and we shall not be liable for any other usage or reliance.
ABC AssociatesABC AssociatesABC Associates
ACCA ACCA ACCA
Address1 Address1 Address1
Address2 Address2 Address2
SW4 8EB
17 February 2021
- 5 -
ABC LLP
Income Statement
For the year ended 30 April 2022
2022
£
Turnover -
(loss)/profit for the financial year before member&apos;s remuneration and (loss)/profit shares -
- 6 -
ABC LLP
Statement of Financial Position
For the year ended 30 April 2022
2022
£
Net current assets (liabilities) -
Net assets (liabilities) -
Represented by:
Capital and reserves:
- Other reserves -
-
Total members interests
Member&apos;s other interests -
-
(1) Members: benefits advances, credit and guarantees
During the year the partnership made an advance of £ {Enter amount} to a member of the partnership, to provide advance funds for {Enter reason like; expense they were expected to incur when attending a personal training course. The balance was fully repaid at the year end}.
(2) Guarantees and other financial commitments
The partnership is being sued by a former employee for unfair dismissal. Solicitors have advised that the maximum potential liability amounts to £ {Enter amount}. No provision has been included in the financial statements on the basis that legal advice obtained by the members sets out that the case is unlikely to be successful.
The partnership has granted a floating charge on its assets to secure the bank loan of £ {Enter amount} ({Enter year}: £ {Enter amount}).
The partnership had capital commitments contracted but not provided for in the financial statements totalling £ {Enter amount}.
At the balance sheet date, the partnership had outstanding commitments for future minimum lease payments under non-cancellable operating leases over {Enter type like; long and short leasehold land and buildings / plant and machinery / motor vehicles}, which fall due as follows:
2022 2021
£ £
Within one year -
Between one and five years -
Later than five years -
- -
(3) Average number of employees
The average number of persons employed by the partnership during the year was 0 (2021:0)
For the year ending 30 April 2022 the LLP was entitled to exemption from audit under section 477 of the Companies Act 2006 (as applied to LLPs by The Limited Liability Partnerships (Accounts and Audit) (Application of Companies Act 2006) regulations 2008) relating to small LLPs.
The members acknowledge their responsibilities for complying with the requirements of the Companies Act 2006 (as applied to LLPs) with respect to accounting records and the preparation of financial statements.
These financial statements have been prepared in accordance with the micro-entity provisions.
Approved by the members and signed on behalf of the members by:
.............................
LLP registration number: NI121212 (Northern Ireland)
- 7 - 8 -
ABC LLP
Detailed Income Statement
For the year ended 30 April 2022
2022
£
Turnover -
This section does not form part of partnership&apos;s statutory financial statements.
- 9 -]
	at org.testng.Assert.fail(Assert.java:97)
	at org.testng.Assert.assertEqualsImpl(Assert.java:136)
	at org.testng.Assert.assertEquals(Assert.java:118)
	at org.testng.Assert.assertEquals(Assert.java:575)
	at org.testng.Assert.assertEquals(Assert.java:585)
	at pages.Verifycountryname2.Click_Full_Accounts(Verifycountryname2.java:954)
	at tests.Verifycountryname2_DefaultProfile.GoToUrlAssertUrlPositiveEnterUsernamePositiveEnterPasswordClickLoginButtonPositiveEnterSearchA(Verifycountryname2_DefaultProfile.java:157)
	at java.base/jdk.internal.reflect.NativeMethodAccessorImpl.invoke0(Native Method)
	at java.base/jdk.internal.reflect.NativeMethodAccessorImpl.invoke(NativeMethodAccessorImpl.java:62)
	at java.base/jdk.internal.reflect.DelegatingMethodAccessorImpl.invoke(DelegatingMethodAccessorImpl.java:43)
	at java.base/java.lang.reflect.Method.invoke(Method.java:566)
	at org.testng.internal.MethodInvocationHelper.invokeMethod(MethodInvocationHelper.java:134)
	at org.testng.internal.TestInvoker.invokeMethod(TestInvoker.java:597)
	at org.testng.internal.TestInvoker.invokeTestMethod(TestInvoker.java:173)
	at org.testng.internal.MethodRunner.runInSequence(MethodRunner.java:46)
	at org.testng.internal.TestInvoker$MethodInvocationAgent.invoke(TestInvoker.java:816)
	at org.testng.internal.TestInvoker.invokeTestMethods(TestInvoker.java:146)
	at org.testng.internal.TestMethodWorker.invokeTestMethods(TestMethodWorker.java:146)
	at org.testng.internal.TestMethodWorker.run(TestMethodWorker.java:128)
	at java.base/java.util.ArrayList.forEach(ArrayList.java:1540)
	at org.testng.TestRunner.privateRun(TestRunner.java:766)
	at org.testng.TestRunner.run(TestRunner.java:587)
	at org.testng.SuiteRunner.runTest(SuiteRunner.java:384)
	at org.testng.SuiteRunner.runSequentially(SuiteRunner.java:378)
	at org.testng.SuiteRunner.privateRun(SuiteRunner.java:337)
	at org.testng.SuiteRunner.run(SuiteRunner.java:286)
	at org.testng.SuiteRunnerWorker.runSuite(SuiteRunnerWorker.java:53)
	at org.testng.SuiteRunnerWorker.run(SuiteRunnerWorker.java:96)
	at org.testng.TestNG.runSuitesSequentially(TestNG.java:1187)
	at org.testng.TestNG.runSuitesLocally(TestNG.java:1109)
	at org.testng.TestNG.runSuites(TestNG.java:1039)
	at org.testng.TestNG.run(TestNG.java:1007)
	at org.testng.remote.AbstractRemoteTestNG.run(AbstractRemoteTestNG.java:115)
	at org.testng.remote.RemoteTestNG.initAndRun(RemoteTestNG.java:251)
	at org.testng.remote.RemoteTestNG.main(RemoteTestNG.java:77)
</pre></div></td>
<td>91</td>
<td>tests.Verifycountryname2_DefaultProfile@3bd418e4</td></tr>
<tr>
<td title='tests.Verifytitlereport_DefaultProfile.GoToUrlAssertUrlPositiveEnterUsernamePositiveEnterPasswordClickLoginButtonPositiveEnterSearcha()'><b>GoToUrlAssertUrlPositiveEnterUsernamePositiveEnterPasswordClickLoginButtonPositiveEnterSearcha</b><br>Test class: tests.Verifytitlereport_DefaultProfile</td>
<td><div><pre>java.lang.AssertionError: expected [ABC LLP
Unaudited Financial Statements] but found [Registered No : NI121212 (Northern Ireland)
ABC LLP
Unaudited Financial Statements
For the year ended 30 April 2022
ABC LLP
Contents
For the year ended 30 April 2022
CONTENTS PAGE
Partnership Information 3
Member&apos;s Report 4
Accountant&apos;s Report 5
Income Statement 6
Statement of Financial Position 7 - 8
Detailed Income Statement 9


- 2 -
ABC LLP
Partnership Information
For the year ended 30 April 2022
Partnership registration number NI121212 (Northern Ireland)
Members/Designated members John Zurk
(Served during the year) Mathew Para
Partnership secretary John Williams
Registered office address Address1
Address2
Address3
Address4
SW4 8EB
Trading office address Park Avenue
Villa No 4
Benton Street
London
WC2N 5DU
Accountant
ABC AssociatesABC AssociatesABC Associates
ACCA ACCA ACCA
Address1 Address1 Address1
Address2 Address2 Address2
SW4 8EB
- 3 -
ABC LLP
Member&apos;s Report
For the year ended 30 April 2022
The Members present their annual report and the unaudited financial statements for the year ended 30 April 2022.
Principal activity
The principal activity of the Partnership continued to be that of manufacturing of garments.
Members of the Partnership
The following members held the office during the whole of the period :
John Zurk
Mathew Para
Policy with respect to member&apos;s drawings and subscription and repayment capital
Members are permitted to make drawings in anticipation of profits which will be allocated to them. The amount of such drawings is set the beginning of each financial year, taking into account the anticipated cash needs of the LLP.
By orders of the members :
John Zurk
Designated member
- 4 -
ABC LLP
Accountant&apos;s report
For the year ended 30 April 2022
Accountant&apos;s Report to the members on the preparation of the unaudited statutory accounts of ABC LLP for the year ended 30 April 2022
In order to assist you to fulfil your duties under the Companies Act 2006, we have prepared for your approval the financial statements of ABC LLP for the year ended 30 April 2022.
We have prepared these financial statements based on the accounting records, information and explanations provided by you. We do not express any opinion on these financial statements.
On the Statement of Financial Position, you have acknowledged your duties under the prevailing Companies Act 2006 that the partnership keeps adequate accounting records and prepares financial statements that give a true and fair view.
You have determined that the partnership is exempt from the statutory requirement for an audit for this accounting year. Therefore, the financial statements are unaudited.
The financial statements are provided exclusively to the member for the limited purpose mentioned above, and may not be used or relied upon for any other purpose or by any other person, and we shall not be liable for any other usage or reliance.
ABC AssociatesABC AssociatesABC Associates
ACCA ACCA ACCA
Address1 Address1 Address1
Address2 Address2 Address2
SW4 8EB
17 February 2021
- 5 -
ABC LLP
Income Statement
For the year ended 30 April 2022
2022
£
Turnover -
(loss)/profit for the financial year before member&apos;s remuneration and (loss)/profit shares -
- 6 -
ABC LLP
Statement of Financial Position
For the year ended 30 April 2022
2022
£
Net current assets (liabilities) -
Net assets (liabilities) -
Represented by:
Capital and reserves:
- Other reserves -
-
Total members interests
Member&apos;s other interests -
-
(1) Members: benefits advances, credit and guarantees
During the year the partnership made an advance of £ {Enter amount} to a member of the partnership, to provide advance funds for {Enter reason like; expense they were expected to incur when attending a personal training course. The balance was fully repaid at the year end}.
(2) Guarantees and other financial commitments
The partnership is being sued by a former employee for unfair dismissal. Solicitors have advised that the maximum potential liability amounts to £ {Enter amount}. No provision has been included in the financial statements on the basis that legal advice obtained by the members sets out that the case is unlikely to be successful.
The partnership has granted a floating charge on its assets to secure the bank loan of £ {Enter amount} ({Enter year}: £ {Enter amount}).
The partnership had capital commitments contracted but not provided for in the financial statements totalling £ {Enter amount}.
At the balance sheet date, the partnership had outstanding commitments for future minimum lease payments under non-cancellable operating leases over {Enter type like; long and short leasehold land and buildings / plant and machinery / motor vehicles}, which fall due as follows:
2022 2021
£ £
Within one year -
Between one and five years -
Later than five years -
- -
(3) Average number of employees
The average number of persons employed by the partnership during the year was 0 (2021:0)
For the year ending 30 April 2022 the LLP was entitled to exemption from audit under section 477 of the Companies Act 2006 (as applied to LLPs by The Limited Liability Partnerships (Accounts and Audit) (Application of Companies Act 2006) regulations 2008) relating to small LLPs.
The members acknowledge their responsibilities for complying with the requirements of the Companies Act 2006 (as applied to LLPs) with respect to accounting records and the preparation of financial statements.
These financial statements have been prepared in accordance with the micro-entity provisions.
Approved by the members and signed on behalf of the members by:
.............................
LLP registration number: NI121212 (Northern Ireland)
- 7 - 8 -
ABC LLP
Detailed Income Statement
For the year ended 30 April 2022
2022
£
Turnover -
This section does not form part of partnership&apos;s statutory financial statements.
- 9 -]
	at pages.Verifytitlereport.Click_Full_Accounts(Verifytitlereport.java:987)
	at tests.Verifytitlereport_DefaultProfile.GoToUrlAssertUrlPositiveEnterUsernamePositiveEnterPasswordClickLoginButtonPositiveEnterSearcha(Verifytitlereport_DefaultProfile.java:161)
	at java.base/java.util.ArrayList.forEach(ArrayList.java:1540)
... Removed 32 stack frames</pre></div><a href='#' onClick='toggleBox("stack-trace1283634655", this, "Click to show all stack frames", "Click to hide stack frames")'>Click to show all stack frames</a>
<div class='stack-trace' id='stack-trace1283634655'><pre>java.lang.AssertionError: expected [ABC LLP
Unaudited Financial Statements] but found [Registered No : NI121212 (Northern Ireland)
ABC LLP
Unaudited Financial Statements
For the year ended 30 April 2022
ABC LLP
Contents
For the year ended 30 April 2022
CONTENTS PAGE
Partnership Information 3
Member&apos;s Report 4
Accountant&apos;s Report 5
Income Statement 6
Statement of Financial Position 7 - 8
Detailed Income Statement 9


- 2 -
ABC LLP
Partnership Information
For the year ended 30 April 2022
Partnership registration number NI121212 (Northern Ireland)
Members/Designated members John Zurk
(Served during the year) Mathew Para
Partnership secretary John Williams
Registered office address Address1
Address2
Address3
Address4
SW4 8EB
Trading office address Park Avenue
Villa No 4
Benton Street
London
WC2N 5DU
Accountant
ABC AssociatesABC AssociatesABC Associates
ACCA ACCA ACCA
Address1 Address1 Address1
Address2 Address2 Address2
SW4 8EB
- 3 -
ABC LLP
Member&apos;s Report
For the year ended 30 April 2022
The Members present their annual report and the unaudited financial statements for the year ended 30 April 2022.
Principal activity
The principal activity of the Partnership continued to be that of manufacturing of garments.
Members of the Partnership
The following members held the office during the whole of the period :
John Zurk
Mathew Para
Policy with respect to member&apos;s drawings and subscription and repayment capital
Members are permitted to make drawings in anticipation of profits which will be allocated to them. The amount of such drawings is set the beginning of each financial year, taking into account the anticipated cash needs of the LLP.
By orders of the members :
John Zurk
Designated member
- 4 -
ABC LLP
Accountant&apos;s report
For the year ended 30 April 2022
Accountant&apos;s Report to the members on the preparation of the unaudited statutory accounts of ABC LLP for the year ended 30 April 2022
In order to assist you to fulfil your duties under the Companies Act 2006, we have prepared for your approval the financial statements of ABC LLP for the year ended 30 April 2022.
We have prepared these financial statements based on the accounting records, information and explanations provided by you. We do not express any opinion on these financial statements.
On the Statement of Financial Position, you have acknowledged your duties under the prevailing Companies Act 2006 that the partnership keeps adequate accounting records and prepares financial statements that give a true and fair view.
You have determined that the partnership is exempt from the statutory requirement for an audit for this accounting year. Therefore, the financial statements are unaudited.
The financial statements are provided exclusively to the member for the limited purpose mentioned above, and may not be used or relied upon for any other purpose or by any other person, and we shall not be liable for any other usage or reliance.
ABC AssociatesABC AssociatesABC Associates
ACCA ACCA ACCA
Address1 Address1 Address1
Address2 Address2 Address2
SW4 8EB
17 February 2021
- 5 -
ABC LLP
Income Statement
For the year ended 30 April 2022
2022
£
Turnover -
(loss)/profit for the financial year before member&apos;s remuneration and (loss)/profit shares -
- 6 -
ABC LLP
Statement of Financial Position
For the year ended 30 April 2022
2022
£
Net current assets (liabilities) -
Net assets (liabilities) -
Represented by:
Capital and reserves:
- Other reserves -
-
Total members interests
Member&apos;s other interests -
-
(1) Members: benefits advances, credit and guarantees
During the year the partnership made an advance of £ {Enter amount} to a member of the partnership, to provide advance funds for {Enter reason like; expense they were expected to incur when attending a personal training course. The balance was fully repaid at the year end}.
(2) Guarantees and other financial commitments
The partnership is being sued by a former employee for unfair dismissal. Solicitors have advised that the maximum potential liability amounts to £ {Enter amount}. No provision has been included in the financial statements on the basis that legal advice obtained by the members sets out that the case is unlikely to be successful.
The partnership has granted a floating charge on its assets to secure the bank loan of £ {Enter amount} ({Enter year}: £ {Enter amount}).
The partnership had capital commitments contracted but not provided for in the financial statements totalling £ {Enter amount}.
At the balance sheet date, the partnership had outstanding commitments for future minimum lease payments under non-cancellable operating leases over {Enter type like; long and short leasehold land and buildings / plant and machinery / motor vehicles}, which fall due as follows:
2022 2021
£ £
Within one year -
Between one and five years -
Later than five years -
- -
(3) Average number of employees
The average number of persons employed by the partnership during the year was 0 (2021:0)
For the year ending 30 April 2022 the LLP was entitled to exemption from audit under section 477 of the Companies Act 2006 (as applied to LLPs by The Limited Liability Partnerships (Accounts and Audit) (Application of Companies Act 2006) regulations 2008) relating to small LLPs.
The members acknowledge their responsibilities for complying with the requirements of the Companies Act 2006 (as applied to LLPs) with respect to accounting records and the preparation of financial statements.
These financial statements have been prepared in accordance with the micro-entity provisions.
Approved by the members and signed on behalf of the members by:
.............................
LLP registration number: NI121212 (Northern Ireland)
- 7 - 8 -
ABC LLP
Detailed Income Statement
For the year ended 30 April 2022
2022
£
Turnover -
This section does not form part of partnership&apos;s statutory financial statements.
- 9 -]
	at org.testng.Assert.fail(Assert.java:97)
	at org.testng.Assert.assertEqualsImpl(Assert.java:136)
	at org.testng.Assert.assertEquals(Assert.java:118)
	at org.testng.Assert.assertEquals(Assert.java:575)
	at org.testng.Assert.assertEquals(Assert.java:585)
	at pages.Verifytitlereport.Click_Full_Accounts(Verifytitlereport.java:987)
	at tests.Verifytitlereport_DefaultProfile.GoToUrlAssertUrlPositiveEnterUsernamePositiveEnterPasswordClickLoginButtonPositiveEnterSearcha(Verifytitlereport_DefaultProfile.java:161)
	at java.base/jdk.internal.reflect.NativeMethodAccessorImpl.invoke0(Native Method)
	at java.base/jdk.internal.reflect.NativeMethodAccessorImpl.invoke(NativeMethodAccessorImpl.java:62)
	at java.base/jdk.internal.reflect.DelegatingMethodAccessorImpl.invoke(DelegatingMethodAccessorImpl.java:43)
	at java.base/java.lang.reflect.Method.invoke(Method.java:566)
	at org.testng.internal.MethodInvocationHelper.invokeMethod(MethodInvocationHelper.java:134)
	at org.testng.internal.TestInvoker.invokeMethod(TestInvoker.java:597)
	at org.testng.internal.TestInvoker.invokeTestMethod(TestInvoker.java:173)
	at org.testng.internal.MethodRunner.runInSequence(MethodRunner.java:46)
	at org.testng.internal.TestInvoker$MethodInvocationAgent.invoke(TestInvoker.java:816)
	at org.testng.internal.TestInvoker.invokeTestMethods(TestInvoker.java:146)
	at org.testng.internal.TestMethodWorker.invokeTestMethods(TestMethodWorker.java:146)
	at org.testng.internal.TestMethodWorker.run(TestMethodWorker.java:128)
	at java.base/java.util.ArrayList.forEach(ArrayList.java:1540)
	at org.testng.TestRunner.privateRun(TestRunner.java:766)
	at org.testng.TestRunner.run(TestRunner.java:587)
	at org.testng.SuiteRunner.runTest(SuiteRunner.java:384)
	at org.testng.SuiteRunner.runSequentially(SuiteRunner.java:378)
	at org.testng.SuiteRunner.privateRun(SuiteRunner.java:337)
	at org.testng.SuiteRunner.run(SuiteRunner.java:286)
	at org.testng.SuiteRunnerWorker.runSuite(SuiteRunnerWorker.java:53)
	at org.testng.SuiteRunnerWorker.run(SuiteRunnerWorker.java:96)
	at org.testng.TestNG.runSuitesSequentially(TestNG.java:1187)
	at org.testng.TestNG.runSuitesLocally(TestNG.java:1109)
	at org.testng.TestNG.runSuites(TestNG.java:1039)
	at org.testng.TestNG.run(TestNG.java:1007)
	at org.testng.remote.AbstractRemoteTestNG.run(AbstractRemoteTestNG.java:115)
	at org.testng.remote.RemoteTestNG.initAndRun(RemoteTestNG.java:251)
	at org.testng.remote.RemoteTestNG.main(RemoteTestNG.java:77)
</pre></div></td>
<td>106</td>
<td>tests.Verifytitlereport_DefaultProfile@5ddea849</td></tr>
<tr>
<td title='tests.FAverifycountryname1_DefaultProfile.GoToUrlAssertUrlPositiveEnterUsernamePositiveEnterPasswordClickLoginButtonPositiveEnterSearcha()'><b>GoToUrlAssertUrlPositiveEnterUsernamePositiveEnterPasswordClickLoginButtonPositiveEnterSearcha</b><br>Test class: tests.FAverifycountryname1_DefaultProfile</td>
<td><div><pre>org.openqa.selenium.NoSuchElementException: no such element: Unable to locate element: {&quot;method&quot;:&quot;xpath&quot;,&quot;selector&quot;:&quot;//*[@id=&quot;ctl00_cPH_oldltCTPreview&quot;]/div/div/div[2]/div/table/tbody/tr[1]/td&quot;}
  (Session info: chrome=88.0.4324.150)
For documentation on this error, please visit: http://seleniumhq.org/exceptions/no_such_element.html
Build info: version: &apos;3.11.0&apos;, revision: &apos;e59cfb3&apos;, time: &apos;2018-03-11T20:26:55.152Z&apos;
System info: host: &apos;DESKTOP-A2R1E8A&apos;, ip: &apos;192.168.1.49&apos;, os.name: &apos;Windows 10&apos;, os.arch: &apos;amd64&apos;, os.version: &apos;10.0&apos;, java.version: &apos;11.0.6&apos;
Driver info: org.openqa.selenium.chrome.ChromeDriver
Capabilities {acceptInsecureCerts: false, browserName: chrome, browserVersion: 88.0.4324.150, chrome: {chromedriverVersion: 88.0.4324.96 (68dba2d8a0b14..., userDataDir: C:\Users\ADMINI~1\AppData\L...}, goog:chromeOptions: {debuggerAddress: localhost:55206}, javascriptEnabled: true, networkConnectionEnabled: false, pageLoadStrategy: normal, platform: WINDOWS, platformName: WINDOWS, proxy: Proxy(), setWindowRect: true, strictFileInteractability: false, timeouts: {implicit: 0, pageLoad: 300000, script: 30000}, unhandledPromptBehavior: dismiss and notify, webauthn:extension:largeBlob: true, webauthn:virtualAuthenticators: true}
Session ID: 4f97fcdbf8260b0d8f4b5647ee054a43
*** Element info: {Using=xpath, value=//*[@id=&quot;ctl00_cPH_oldltCTPreview&quot;]/div/div/div[2]/div/table/tbody/tr[1]/td}
	at org.openqa.selenium.remote.http.W3CHttpResponseCodec.createException(W3CHttpResponseCodec.java:187)
	at org.openqa.selenium.remote.http.W3CHttpResponseCodec.decode(W3CHttpResponseCodec.java:122)
	at org.openqa.selenium.remote.http.W3CHttpResponseCodec.decode(W3CHttpResponseCodec.java:49)
	at org.openqa.selenium.remote.HttpCommandExecutor.execute(HttpCommandExecutor.java:158)
	at org.openqa.selenium.remote.service.DriverCommandExecutor.execute(DriverCommandExecutor.java:83)
	at org.openqa.selenium.remote.RemoteWebDriver.execute(RemoteWebDriver.java:545)
	at org.openqa.selenium.remote.RemoteWebDriver.findElement(RemoteWebDriver.java:319)
	at org.openqa.selenium.remote.RemoteWebDriver.findElementByXPath(RemoteWebDriver.java:421)
	at org.openqa.selenium.By$ByXPath.findElement(By.java:361)
	at org.openqa.selenium.remote.RemoteWebDriver.findElement(RemoteWebDriver.java:311)
	at pages.FAverifycountryname1.Click_Full_Accounts(FAverifycountryname1.java:984)
	at tests.FAverifycountryname1_DefaultProfile.GoToUrlAssertUrlPositiveEnterUsernamePositiveEnterPasswordClickLoginButtonPositiveEnterSearcha(FAverifycountryname1_DefaultProfile.java:155)
	at java.base/java.util.ArrayList.forEach(ArrayList.java:1540)
... Removed 30 stack frames</pre></div><a href='#' onClick='toggleBox("stack-trace744507749", this, "Click to show all stack frames", "Click to hide stack frames")'>Click to show all stack frames</a>
<div class='stack-trace' id='stack-trace744507749'><pre>org.openqa.selenium.NoSuchElementException: no such element: Unable to locate element: {&quot;method&quot;:&quot;xpath&quot;,&quot;selector&quot;:&quot;//*[@id=&quot;ctl00_cPH_oldltCTPreview&quot;]/div/div/div[2]/div/table/tbody/tr[1]/td&quot;}
  (Session info: chrome=88.0.4324.150)
For documentation on this error, please visit: http://seleniumhq.org/exceptions/no_such_element.html
Build info: version: &apos;3.11.0&apos;, revision: &apos;e59cfb3&apos;, time: &apos;2018-03-11T20:26:55.152Z&apos;
System info: host: &apos;DESKTOP-A2R1E8A&apos;, ip: &apos;192.168.1.49&apos;, os.name: &apos;Windows 10&apos;, os.arch: &apos;amd64&apos;, os.version: &apos;10.0&apos;, java.version: &apos;11.0.6&apos;
Driver info: org.openqa.selenium.chrome.ChromeDriver
Capabilities {acceptInsecureCerts: false, browserName: chrome, browserVersion: 88.0.4324.150, chrome: {chromedriverVersion: 88.0.4324.96 (68dba2d8a0b14..., userDataDir: C:\Users\ADMINI~1\AppData\L...}, goog:chromeOptions: {debuggerAddress: localhost:55206}, javascriptEnabled: true, networkConnectionEnabled: false, pageLoadStrategy: normal, platform: WINDOWS, platformName: WINDOWS, proxy: Proxy(), setWindowRect: true, strictFileInteractability: false, timeouts: {implicit: 0, pageLoad: 300000, script: 30000}, unhandledPromptBehavior: dismiss and notify, webauthn:extension:largeBlob: true, webauthn:virtualAuthenticators: true}
Session ID: 4f97fcdbf8260b0d8f4b5647ee054a43
*** Element info: {Using=xpath, value=//*[@id=&quot;ctl00_cPH_oldltCTPreview&quot;]/div/div/div[2]/div/table/tbody/tr[1]/td}
	at jdk.internal.reflect.GeneratedConstructorAccessor33.newInstance(Unknown Source)
	at java.base/jdk.internal.reflect.DelegatingConstructorAccessorImpl.newInstance(DelegatingConstructorAccessorImpl.java:45)
	at java.base/java.lang.reflect.Constructor.newInstance(Constructor.java:490)
	at org.openqa.selenium.remote.http.W3CHttpResponseCodec.createException(W3CHttpResponseCodec.java:187)
	at org.openqa.selenium.remote.http.W3CHttpResponseCodec.decode(W3CHttpResponseCodec.java:122)
	at org.openqa.selenium.remote.http.W3CHttpResponseCodec.decode(W3CHttpResponseCodec.java:49)
	at org.openqa.selenium.remote.HttpCommandExecutor.execute(HttpCommandExecutor.java:158)
	at org.openqa.selenium.remote.service.DriverCommandExecutor.execute(DriverCommandExecutor.java:83)
	at org.openqa.selenium.remote.RemoteWebDriver.execute(RemoteWebDriver.java:545)
	at org.openqa.selenium.remote.RemoteWebDriver.findElement(RemoteWebDriver.java:319)
	at org.openqa.selenium.remote.RemoteWebDriver.findElementByXPath(RemoteWebDriver.java:421)
	at org.openqa.selenium.By$ByXPath.findElement(By.java:361)
	at org.openqa.selenium.remote.RemoteWebDriver.findElement(RemoteWebDriver.java:311)
	at pages.FAverifycountryname1.Click_Full_Accounts(FAverifycountryname1.java:984)
	at tests.FAverifycountryname1_DefaultProfile.GoToUrlAssertUrlPositiveEnterUsernamePositiveEnterPasswordClickLoginButtonPositiveEnterSearcha(FAverifycountryname1_DefaultProfile.java:155)
	at java.base/jdk.internal.reflect.NativeMethodAccessorImpl.invoke0(Native Method)
	at java.base/jdk.internal.reflect.NativeMethodAccessorImpl.invoke(NativeMethodAccessorImpl.java:62)
	at java.base/jdk.internal.reflect.DelegatingMethodAccessorImpl.invoke(DelegatingMethodAccessorImpl.java:43)
	at java.base/java.lang.reflect.Method.invoke(Method.java:566)
	at org.testng.internal.MethodInvocationHelper.invokeMethod(MethodInvocationHelper.java:134)
	at org.testng.internal.TestInvoker.invokeMethod(TestInvoker.java:597)
	at org.testng.internal.TestInvoker.invokeTestMethod(TestInvoker.java:173)
	at org.testng.internal.MethodRunner.runInSequence(MethodRunner.java:46)
	at org.testng.internal.TestInvoker$MethodInvocationAgent.invoke(TestInvoker.java:816)
	at org.testng.internal.TestInvoker.invokeTestMethods(TestInvoker.java:146)
	at org.testng.internal.TestMethodWorker.invokeTestMethods(TestMethodWorker.java:146)
	at org.testng.internal.TestMethodWorker.run(TestMethodWorker.java:128)
	at java.base/java.util.ArrayList.forEach(ArrayList.java:1540)
	at org.testng.TestRunner.privateRun(TestRunner.java:766)
	at org.testng.TestRunner.run(TestRunner.java:587)
	at org.testng.SuiteRunner.runTest(SuiteRunner.java:384)
	at org.testng.SuiteRunner.runSequentially(SuiteRunner.java:378)
	at org.testng.SuiteRunner.privateRun(SuiteRunner.java:337)
	at org.testng.SuiteRunner.run(SuiteRunner.java:286)
	at org.testng.SuiteRunnerWorker.runSuite(SuiteRunnerWorker.java:53)
	at org.testng.SuiteRunnerWorker.run(SuiteRunnerWorker.java:96)
	at org.testng.TestNG.runSuitesSequentially(TestNG.java:1187)
	at org.testng.TestNG.runSuitesLocally(TestNG.java:1109)
	at org.testng.TestNG.runSuites(TestNG.java:1039)
	at org.testng.TestNG.run(TestNG.java:1007)
	at org.testng.remote.AbstractRemoteTestNG.run(AbstractRemoteTestNG.java:115)
	at org.testng.remote.RemoteTestNG.initAndRun(RemoteTestNG.java:251)
	at org.testng.remote.RemoteTestNG.main(RemoteTestNG.java:77)
</pre></div></td>
<td>90</td>
<td>tests.FAverifycountryname1_DefaultProfile@5733f295</td></tr>
<tr>
<td title='tests.Verifyregistrationnoappearingoncoverpage_DefaultProfile.GoToUrlAssertUrlPositiveEnterUsernamePositiveEnterctl00cPHpassPositiveEnterctl00cPHFiltertxtAge()'><b>GoToUrlAssertUrlPositiveEnterUsernamePositiveEnterctl00cPHpassPositiveEnterctl00cPHFiltertxtAge</b><br>Test class: tests.Verifyregistrationnoappearingoncoverpage_DefaultProfile</td>
<td><div><pre>java.lang.AssertionError: expected [Registered No OC121212 (England and Wales)] but found [Registered No : NI121212 (Northern Ireland)]
	at pages.Verifyregistrationnoappearingoncoverpage.Click_Full_Accounts(Verifyregistrationnoappearingoncoverpage.java:1187)
	at tests.Verifyregistrationnoappearingoncoverpage_DefaultProfile.GoToUrlAssertUrlPositiveEnterUsernamePositiveEnterctl00cPHpassPositiveEnterctl00cPHFiltertxtAge(Verifyregistrationnoappearingoncoverpage_DefaultProfile.java:190)
	at java.base/java.util.ArrayList.forEach(ArrayList.java:1540)
... Removed 32 stack frames</pre></div><a href='#' onClick='toggleBox("stack-trace847841178", this, "Click to show all stack frames", "Click to hide stack frames")'>Click to show all stack frames</a>
<div class='stack-trace' id='stack-trace847841178'><pre>java.lang.AssertionError: expected [Registered No OC121212 (England and Wales)] but found [Registered No : NI121212 (Northern Ireland)]
	at org.testng.Assert.fail(Assert.java:97)
	at org.testng.Assert.assertEqualsImpl(Assert.java:136)
	at org.testng.Assert.assertEquals(Assert.java:118)
	at org.testng.Assert.assertEquals(Assert.java:575)
	at org.testng.Assert.assertEquals(Assert.java:585)
	at pages.Verifyregistrationnoappearingoncoverpage.Click_Full_Accounts(Verifyregistrationnoappearingoncoverpage.java:1187)
	at tests.Verifyregistrationnoappearingoncoverpage_DefaultProfile.GoToUrlAssertUrlPositiveEnterUsernamePositiveEnterctl00cPHpassPositiveEnterctl00cPHFiltertxtAge(Verifyregistrationnoappearingoncoverpage_DefaultProfile.java:190)
	at java.base/jdk.internal.reflect.NativeMethodAccessorImpl.invoke0(Native Method)
	at java.base/jdk.internal.reflect.NativeMethodAccessorImpl.invoke(NativeMethodAccessorImpl.java:62)
	at java.base/jdk.internal.reflect.DelegatingMethodAccessorImpl.invoke(DelegatingMethodAccessorImpl.java:43)
	at java.base/java.lang.reflect.Method.invoke(Method.java:566)
	at org.testng.internal.MethodInvocationHelper.invokeMethod(MethodInvocationHelper.java:134)
	at org.testng.internal.TestInvoker.invokeMethod(TestInvoker.java:597)
	at org.testng.internal.TestInvoker.invokeTestMethod(TestInvoker.java:173)
	at org.testng.internal.MethodRunner.runInSequence(MethodRunner.java:46)
	at org.testng.internal.TestInvoker$MethodInvocationAgent.invoke(TestInvoker.java:816)
	at org.testng.internal.TestInvoker.invokeTestMethods(TestInvoker.java:146)
	at org.testng.internal.TestMethodWorker.invokeTestMethods(TestMethodWorker.java:146)
	at org.testng.internal.TestMethodWorker.run(TestMethodWorker.java:128)
	at java.base/java.util.ArrayList.forEach(ArrayList.java:1540)
	at org.testng.TestRunner.privateRun(TestRunner.java:766)
	at org.testng.TestRunner.run(TestRunner.java:587)
	at org.testng.SuiteRunner.runTest(SuiteRunner.java:384)
	at org.testng.SuiteRunner.runSequentially(SuiteRunner.java:378)
	at org.testng.SuiteRunner.privateRun(SuiteRunner.java:337)
	at org.testng.SuiteRunner.run(SuiteRunner.java:286)
	at org.testng.SuiteRunnerWorker.runSuite(SuiteRunnerWorker.java:53)
	at org.testng.SuiteRunnerWorker.run(SuiteRunnerWorker.java:96)
	at org.testng.TestNG.runSuitesSequentially(TestNG.java:1187)
	at org.testng.TestNG.runSuitesLocally(TestNG.java:1109)
	at org.testng.TestNG.runSuites(TestNG.java:1039)
	at org.testng.TestNG.run(TestNG.java:1007)
	at org.testng.remote.AbstractRemoteTestNG.run(AbstractRemoteTestNG.java:115)
	at org.testng.remote.RemoteTestNG.initAndRun(RemoteTestNG.java:251)
	at org.testng.remote.RemoteTestNG.main(RemoteTestNG.java:77)
</pre></div></td>
<td>109</td>
<td>tests.Verifyregistrationnoappearingoncoverpage_DefaultProfile@1253e7cb</td></tr>
<tr>
<td title='tests.Verifymember_DefaultProfile.GoToUrlPositiveEnterUsernamePositiveEnterPasswordClickLoginButtonPositiveEnterctl00cPHFiltertxt()'><b>GoToUrlPositiveEnterUsernamePositiveEnterPasswordClickLoginButtonPositiveEnterctl00cPHFiltertxt</b><br>Test class: tests.Verifymember_DefaultProfile</td>
<td><div><pre>java.lang.NullPointerException: null value in entry: id=null
	at com.google.common.collect.CollectPreconditions.checkEntryNotNull(CollectPreconditions.java:32)
	at com.google.common.collect.SingletonImmutableBiMap.&lt;init&gt;(SingletonImmutableBiMap.java:42)
	at com.google.common.collect.ImmutableBiMap.of(ImmutableBiMap.java:70)
	at com.google.common.collect.ImmutableMap.of(ImmutableMap.java:123)
	at org.openqa.selenium.remote.RemoteWebDriver$RemoteTargetLocator.frame(RemoteWebDriver.java:891)
	at pages.Verifymember.Enter_ctl00cPHtxtAddress2(Verifymember.java:1162)
	at tests.Verifymember_DefaultProfile.GoToUrlPositiveEnterUsernamePositiveEnterPasswordClickLoginButtonPositiveEnterctl00cPHFiltertxt(Verifymember_DefaultProfile.java:113)
	at java.base/java.util.ArrayList.forEach(ArrayList.java:1540)
... Removed 27 stack frames</pre></div><a href='#' onClick='toggleBox("stack-trace1817415346", this, "Click to show all stack frames", "Click to hide stack frames")'>Click to show all stack frames</a>
<div class='stack-trace' id='stack-trace1817415346'><pre>java.lang.NullPointerException: null value in entry: id=null
	at com.google.common.collect.CollectPreconditions.checkEntryNotNull(CollectPreconditions.java:32)
	at com.google.common.collect.SingletonImmutableBiMap.&lt;init&gt;(SingletonImmutableBiMap.java:42)
	at com.google.common.collect.ImmutableBiMap.of(ImmutableBiMap.java:70)
	at com.google.common.collect.ImmutableMap.of(ImmutableMap.java:123)
	at org.openqa.selenium.remote.RemoteWebDriver$RemoteTargetLocator.frame(RemoteWebDriver.java:891)
	at pages.Verifymember.Enter_ctl00cPHtxtAddress2(Verifymember.java:1162)
	at tests.Verifymember_DefaultProfile.GoToUrlPositiveEnterUsernamePositiveEnterPasswordClickLoginButtonPositiveEnterctl00cPHFiltertxt(Verifymember_DefaultProfile.java:113)
	at java.base/jdk.internal.reflect.NativeMethodAccessorImpl.invoke0(Native Method)
	at java.base/jdk.internal.reflect.NativeMethodAccessorImpl.invoke(NativeMethodAccessorImpl.java:62)
	at java.base/jdk.internal.reflect.DelegatingMethodAccessorImpl.invoke(DelegatingMethodAccessorImpl.java:43)
	at java.base/java.lang.reflect.Method.invoke(Method.java:566)
	at org.testng.internal.MethodInvocationHelper.invokeMethod(MethodInvocationHelper.java:134)
	at org.testng.internal.TestInvoker.invokeMethod(TestInvoker.java:597)
	at org.testng.internal.TestInvoker.invokeTestMethod(TestInvoker.java:173)
	at org.testng.internal.MethodRunner.runInSequence(MethodRunner.java:46)
	at org.testng.internal.TestInvoker$MethodInvocationAgent.invoke(TestInvoker.java:816)
	at org.testng.internal.TestInvoker.invokeTestMethods(TestInvoker.java:146)
	at org.testng.internal.TestMethodWorker.invokeTestMethods(TestMethodWorker.java:146)
	at org.testng.internal.TestMethodWorker.run(TestMethodWorker.java:128)
	at java.base/java.util.ArrayList.forEach(ArrayList.java:1540)
	at org.testng.TestRunner.privateRun(TestRunner.java:766)
	at org.testng.TestRunner.run(TestRunner.java:587)
	at org.testng.SuiteRunner.runTest(SuiteRunner.java:384)
	at org.testng.SuiteRunner.runSequentially(SuiteRunner.java:378)
	at org.testng.SuiteRunner.privateRun(SuiteRunner.java:337)
	at org.testng.SuiteRunner.run(SuiteRunner.java:286)
	at org.testng.SuiteRunnerWorker.runSuite(SuiteRunnerWorker.java:53)
	at org.testng.SuiteRunnerWorker.run(SuiteRunnerWorker.java:96)
	at org.testng.TestNG.runSuitesSequentially(TestNG.java:1187)
	at org.testng.TestNG.runSuitesLocally(TestNG.java:1109)
	at org.testng.TestNG.runSuites(TestNG.java:1039)
	at org.testng.TestNG.run(TestNG.java:1007)
	at org.testng.remote.AbstractRemoteTestNG.run(AbstractRemoteTestNG.java:115)
	at org.testng.remote.RemoteTestNG.initAndRun(RemoteTestNG.java:251)
	at org.testng.remote.RemoteTestNG.main(RemoteTestNG.java:77)
</pre></div></td>
<td>98</td>
<td>tests.Verifymember_DefaultProfile@32811494</td></tr>
</table><p>
<table width='100%' border='1' class='invocation-passed'>
<tr><td colspan='4' align='center'><b>PASSED TESTS</b></td></tr>
<tr><td><b>Test method</b></td>
<td width="30%"><b>Exception</b></td>
<td width="10%"><b>Time (seconds)</b></td>
<td><b>Instance</b></td>
</tr>
<tr>
<td title='tests.Verifyheaderappearance_DefaultProfile.GoToUrlAssertUrlPositiveEnterUsernamePositiveEnterPasswordClickLoginButtonPositiveEnterctl00cP()'><b>GoToUrlAssertUrlPositiveEnterUsernamePositiveEnterPasswordClickLoginButtonPositiveEnterctl00cP</b><br>Test class: tests.Verifyheaderappearance_DefaultProfile</td>
<td></td>
<td>108</td>
<td>tests.Verifyheaderappearance_DefaultProfile@18b0930f</td></tr>
<tr>
<td title='tests.Verifydynamicfooter_DefaultProfile.GoToUrlAssertUrlPositiveEnterUsernamePositiveEnterPasswordClickLoginButtonPositiveEnterctl00cP()'><b>GoToUrlAssertUrlPositiveEnterUsernamePositiveEnterPasswordClickLoginButtonPositiveEnterctl00cP</b><br>Test class: tests.Verifydynamicfooter_DefaultProfile</td>
<td></td>
<td>118</td>
<td>tests.Verifydynamicfooter_DefaultProfile@63fdab07</td></tr>
<tr>
<td title='tests.Verifyrenamedone_DefaultProfile.GoToUrlAssertUrlPositiveEnterUsernamePositiveEnterPasswordClickLoginButtonPositiveEnterctl00cP1()'><b>GoToUrlAssertUrlPositiveEnterUsernamePositiveEnterPasswordClickLoginButtonPositiveEnterctl00cP1</b><br>Test class: tests.Verifyrenamedone_DefaultProfile</td>
<td></td>
<td>125</td>
<td>tests.Verifyrenamedone_DefaultProfile@18c5069b</td></tr>
<tr>
<td title='tests.Verifyrenamedone_DefaultProfile.GoToUrlAssertUrlPositiveEnterUsernamePositiveEnterPasswordClickLoginButtonPositiveEnterctl00cP2()'><b>GoToUrlAssertUrlPositiveEnterUsernamePositiveEnterPasswordClickLoginButtonPositiveEnterctl00cP2</b><br>Test class: tests.Verifyrenamedone_DefaultProfile</td>
<td></td>
<td>130</td>
<td>tests.Verifyrenamedone_DefaultProfile@18c5069b</td></tr>
<tr>
<td title='tests.Verifyregistrationnoonpartnership_DefaultProfile.GoToUrlAssertUrlPositiveEnterUsernamePositiveEnterPasswordClickLoginPositiveEnterctl00cPHFilte()'><b>GoToUrlAssertUrlPositiveEnterUsernamePositiveEnterPasswordClickLoginPositiveEnterctl00cPHFilte</b><br>Test class: tests.Verifyregistrationnoonpartnership_DefaultProfile</td>
<td></td>
<td>165</td>
<td>tests.Verifyregistrationnoonpartnership_DefaultProfile@85e6769</td></tr>
</table><p>
</body>
</html>