<?xml version="1.0" encoding="UTF-8"?>
<!-- Generated by org.testng.reporters.JUnitXMLReporter -->
<testsuite ignored="0" hostname="DESKTOP-A2R1E8A" failures="1" tests="1" name="Verifyledgercode4020and4021areincludedunderturnoverFA69649_DefaultProfile" time="159.278" errors="0" timestamp="2021-08-11T03:10:44 IST">
  <testcase classname="tests.Verifyledgercode4020and4021areincludedunderturnoverFA69649_DefaultProfile" name="GoToUrlAssertUrlPositiveEnterUsernameEnterPaswordClickLoginButtonPositiveEnterAgentNameClickS" time="156.551">
    <failure type="java.lang.AssertionError" message="Unable to locate object: By.xpath: //LI[@id=&amp;apos;ctl00_SideMenu1_liSettings&amp;apos;]/A">
      <![CDATA[java.lang.AssertionError: Unable to locate object: By.xpath: //LI[@id='ctl00_SideMenu1_liSettings']/A
at pages.Verify_ledger_code_4020_and_4021_are_included_under_turnoverFA69649.Click_Settings(Verify_ledger_code_4020_and_4021_are_included_under_turnoverFA69649.java:952)
at tests.Verifyledgercode4020and4021areincludedunderturnoverFA69649_DefaultProfile.GoToUrlAssertUrlPositiveEnterUsernameEnterPaswordClickLoginButtonPositiveEnterAgentNameClickS(Verifyledgercode4020and4021areincludedunderturnoverFA69649_DefaultProfile.java:140)
at java.base/java.util.ArrayList.forEach(ArrayList.java:1540)
... Removed 28 stack frames]]>
    </failure>
  </testcase> <!-- GoToUrlAssertUrlPositiveEnterUsernameEnterPaswordClickLoginButtonPositiveEnterAgentNameClickS -->
</testsuite> <!-- Verifyledgercode4020and4021areincludedunderturnoverFA69649_DefaultProfile -->
