<?xml version="1.0" encoding="UTF-8"?>
<!-- Generated by org.testng.reporters.JUnitXMLReporter -->
<testsuite ignored="0" hostname="DESKTOP-A2R1E8A" failures="1" tests="1" name="VerifyItemsunderDirectorReportinReportSettingstabsforLimitedcompanyFA69429_DefaultProfile" time="16.855" errors="0" timestamp="2021-08-11T11:53:59 IST">
  <testcase classname="tests.VerifyItemsunderDirectorReportinReportSettingstabsforLimitedcompanyFA69429_DefaultProfile" name="GoToUrlAssertUrlPositiveEnterUsernamePositiveEnterPasswordClickLoginButtonPositiveEnterAgentNa" time="14.508">
    <failure type="java.lang.AssertionError" message="Unable to locate object: By.xpath: //label[contains(.,&amp;apos;Name:&amp;apos;)]/../input">
      <![CDATA[java.lang.AssertionError: Unable to locate object: By.xpath: //label[contains(.,'Name:')]/../input
at pages.Verify_Items_under_Director_Report_in_Report_Settings_tabs_for_Limited_companyFA69429.Enter_AgentName(Verify_Items_under_Director_Report_in_Report_Settings_tabs_for_Limited_companyFA69429.java:176)
at tests.VerifyItemsunderDirectorReportinReportSettingstabsforLimitedcompanyFA69429_DefaultProfile.GoToUrlAssertUrlPositiveEnterUsernamePositiveEnterPasswordClickLoginButtonPositiveEnterAgentNa(VerifyItemsunderDirectorReportinReportSettingstabsforLimitedcompanyFA69429_DefaultProfile.java:57)
at java.base/java.util.ArrayList.forEach(ArrayList.java:1540)
... Removed 28 stack frames]]>
    </failure>
  </testcase> <!-- GoToUrlAssertUrlPositiveEnterUsernamePositiveEnterPasswordClickLoginButtonPositiveEnterAgentNa -->
</testsuite> <!-- VerifyItemsunderDirectorReportinReportSettingstabsforLimitedcompanyFA69429_DefaultProfile -->
