<?xml version="1.0" encoding="UTF-8"?>
<!-- Generated by org.testng.reporters.JUnitXMLReporter -->
<testsuite ignored="0" hostname="DESKTOP-A2R1E8A" failures="1" tests="1" name="VerifyreporttitlenameoncoverpageFA6963_DefaultProfile" time="190.366" errors="0" timestamp="2021-08-11T01:57:08 IST">
  <testcase classname="tests.VerifyreporttitlenameoncoverpageFA6963_DefaultProfile" name="GoToUrlAssertUrlPositiveEnterUsernamePositiveEnterPasswordClickLoginButtonPositiveEnterctl00cP" time="187.247">
    <failure type="java.lang.AssertionError" message="expected [ABC LTD
Unaudited Financial Statements] but found [ABC LTD
Unaudited financial statements and annual report]">
      <![CDATA[java.lang.AssertionError: expected [ABC LTD
Unaudited Financial Statements] but found [ABC LTD
Unaudited financial statements and annual report]
at pages.Verify_report_titlename_on_cover_pageFA6963.Click_Full_Accounts(Verify_report_titlename_on_cover_pageFA6963.java:1369)
at tests.VerifyreporttitlenameoncoverpageFA6963_DefaultProfile.GoToUrlAssertUrlPositiveEnterUsernamePositiveEnterPasswordClickLoginButtonPositiveEnterctl00cP(VerifyreporttitlenameoncoverpageFA6963_DefaultProfile.java:196)
at java.base/java.util.ArrayList.forEach(ArrayList.java:1540)
... Removed 32 stack frames]]>
    </failure>
  </testcase> <!-- GoToUrlAssertUrlPositiveEnterUsernamePositiveEnterPasswordClickLoginButtonPositiveEnterctl00cP -->
</testsuite> <!-- VerifyreporttitlenameoncoverpageFA6963_DefaultProfile -->
