<?xml version="1.0" encoding="UTF-8"?>
<!-- Generated by org.testng.reporters.JUnitXMLReporter -->
<testsuite ignored="0" hostname="DESKTOP-A2R1E8A" failures="1" tests="1" name="VerifyEditbuttonmustnotbeworkingforOverpaymentsandrepaymentsincasereturnFA71515_DefaultProfile" time="16.82" errors="0" timestamp="2021-08-11T17:09:23 IST">
  <testcase classname="tests.VerifyEditbuttonmustnotbeworkingforOverpaymentsandrepaymentsincasereturnFA71515_DefaultProfile" name="GoToUrlAssertUrlPositiveEnterUsernamePositiveEnterPasswordClickLoginButtonPositiveEnterAgentNa" time="13.37">
    <failure type="java.lang.AssertionError" message="Unable to locate object: By.xpath: //label[contains(.,&amp;apos;Name:&amp;apos;)]/../input">
      <![CDATA[java.lang.AssertionError: Unable to locate object: By.xpath: //label[contains(.,'Name:')]/../input
at pages.Verify_Edit_button_must_not_be_working_for_Overpayments_and_repayments_in_case_returnFA71515.Enter_AgentName(Verify_Edit_button_must_not_be_working_for_Overpayments_and_repayments_in_case_returnFA71515.java:177)
at tests.VerifyEditbuttonmustnotbeworkingforOverpaymentsandrepaymentsincasereturnFA71515_DefaultProfile.GoToUrlAssertUrlPositiveEnterUsernamePositiveEnterPasswordClickLoginButtonPositiveEnterAgentNa(VerifyEditbuttonmustnotbeworkingforOverpaymentsandrepaymentsincasereturnFA71515_DefaultProfile.java:59)
at java.base/java.util.ArrayList.forEach(ArrayList.java:1540)
... Removed 28 stack frames]]>
    </failure>
  </testcase> <!-- GoToUrlAssertUrlPositiveEnterUsernamePositiveEnterPasswordClickLoginButtonPositiveEnterAgentNa -->
</testsuite> <!-- VerifyEditbuttonmustnotbeworkingforOverpaymentsandrepaymentsincasereturnFA71515_DefaultProfile -->
