<?xml version="1.0" encoding="UTF-8"?>
<!-- Generated by org.testng.reporters.JUnitXMLReporter -->
<testsuite ignored="0" hostname="DESKTOP-A2R1E8A" failures="1" tests="1" name="VerifylockandunlockbuttonstatusofSubmitscreenFA7151_DefaultProfile" time="16.119" errors="0" timestamp="2021-08-11T17:04:19 IST">
  <testcase classname="tests.VerifylockandunlockbuttonstatusofSubmitscreenFA7151_DefaultProfile" name="PositiveEnterUsernamePositiveEnterPasswordClickLoginButtonPositiveEnterAgentNameClickSearchbutt" time="13.495">
    <failure type="java.lang.AssertionError" message="Unable to locate object: By.xpath: //label[contains(.,&amp;apos;Name:&amp;apos;)]/../input">
      <![CDATA[java.lang.AssertionError: Unable to locate object: By.xpath: //label[contains(.,'Name:')]/../input
at pages.Verify_lock_and_unlock_button_status_of_Submit_screenFA7151.Enter_AgentName(Verify_lock_and_unlock_button_status_of_Submit_screenFA7151.java:176)
at tests.VerifylockandunlockbuttonstatusofSubmitscreenFA7151_DefaultProfile.PositiveEnterUsernamePositiveEnterPasswordClickLoginButtonPositiveEnterAgentNameClickSearchbutt(VerifylockandunlockbuttonstatusofSubmitscreenFA7151_DefaultProfile.java:58)
at java.base/java.util.ArrayList.forEach(ArrayList.java:1540)
... Removed 28 stack frames]]>
    </failure>
  </testcase> <!-- PositiveEnterUsernamePositiveEnterPasswordClickLoginButtonPositiveEnterAgentNameClickSearchbutt -->
</testsuite> <!-- VerifylockandunlockbuttonstatusofSubmitscreenFA7151_DefaultProfile -->
