<?xml version="1.0" encoding="UTF-8"?>
<!-- Generated by org.testng.reporters.JUnitXMLReporter -->
<testsuite ignored="0" hostname="DESKTOP-A2R1E8A" failures="1" tests="1" name="VerifyEditbuttonmustnotbeworkingforLossesdeficitsandexcessamountsFA71513_DefaultProfile" time="17.144" errors="0" timestamp="2021-08-11T17:08:47 IST">
  <testcase classname="tests.VerifyEditbuttonmustnotbeworkingforLossesdeficitsandexcessamountsFA71513_DefaultProfile" name="GoToUrlAssertUrlPositiveEnterUsernamePositiveEnterPasswordClickLoginButtonPositiveEnterAgentNa" time="12.988">
    <failure type="java.lang.AssertionError" message="Unable to locate object: By.xpath: //label[contains(.,&amp;apos;Name:&amp;apos;)]/../input">
      <![CDATA[java.lang.AssertionError: Unable to locate object: By.xpath: //label[contains(.,'Name:')]/../input
at pages.Verify_Edit_button_must_not_be_working_for_Losses_deficits_and_excess_amountsFA71513.Enter_AgentName(Verify_Edit_button_must_not_be_working_for_Losses_deficits_and_excess_amountsFA71513.java:177)
at tests.VerifyEditbuttonmustnotbeworkingforLossesdeficitsandexcessamountsFA71513_DefaultProfile.GoToUrlAssertUrlPositiveEnterUsernamePositiveEnterPasswordClickLoginButtonPositiveEnterAgentNa(VerifyEditbuttonmustnotbeworkingforLossesdeficitsandexcessamountsFA71513_DefaultProfile.java:57)
at java.base/java.util.ArrayList.forEach(ArrayList.java:1540)
... Removed 28 stack frames]]>
    </failure>
  </testcase> <!-- GoToUrlAssertUrlPositiveEnterUsernamePositiveEnterPasswordClickLoginButtonPositiveEnterAgentNa -->
</testsuite> <!-- VerifyEditbuttonmustnotbeworkingforLossesdeficitsandexcessamountsFA71513_DefaultProfile -->
