<?xml version="1.0" encoding="UTF-8"?>
<!-- Generated by org.testng.reporters.JUnitXMLReporter -->
<testsuite ignored="0" hostname="DESKTOP-A2R1E8A" failures="1" tests="1" name="Verifyledgercode7959and7960areincludedunderlossgainonchangesinprovisionFA69652_DefaultProfile" time="129.962" errors="0" timestamp="2021-08-11T03:17:17 IST">
  <testcase classname="tests.Verifyledgercode7959and7960areincludedunderlossgainonchangesinprovisionFA69652_DefaultProfile" name="GoToUrlAssertUrlPositiveEnterUsernameEnterPaswordClickLoginButtonPositiveEnterAgentNameClickS" time="127.119">
    <failure type="java.lang.AssertionError" message="Unable to locate object: By.xpath: //INPUT[@name=&amp;apos;ctl00$cPH$rptRecord$ctl00$AccountUC1$txtAccount&amp;apos;]">
      <![CDATA[java.lang.AssertionError: Unable to locate object: By.xpath: //INPUT[@name='ctl00$cPH$rptRecord$ctl00$AccountUC1$txtAccount']
at pages.Verify_ledger_code_7959_and_7960_are_included_under_loss_gain_on_changes_in_provisionFA69652.Enter_Account1(Verify_ledger_code_7959_and_7960_are_included_under_loss_gain_on_changes_in_provisionFA69652.java:654)
at tests.Verifyledgercode7959and7960areincludedunderlossgainonchangesinprovisionFA69652_DefaultProfile.GoToUrlAssertUrlPositiveEnterUsernameEnterPaswordClickLoginButtonPositiveEnterAgentNameClickS(Verifyledgercode7959and7960areincludedunderlossgainonchangesinprovisionFA69652_DefaultProfile.java:110)
at java.base/java.util.ArrayList.forEach(ArrayList.java:1540)
... Removed 28 stack frames]]>
    </failure>
  </testcase> <!-- GoToUrlAssertUrlPositiveEnterUsernameEnterPaswordClickLoginButtonPositiveEnterAgentNameClickS -->
</testsuite> <!-- Verifyledgercode7959and7960areincludedunderlossgainonchangesinprovisionFA69652_DefaultProfile -->
