<?xml version="1.0" encoding="UTF-8"?>
<!-- Generated by org.testng.reporters.JUnitXMLReporter -->
<testsuite ignored="0" hostname="DESKTOP-A2R1E8A" failures="1" tests="1" name="VerifyTaxCalculationiseditableafterunlockingthereturnFA71510_DefaultProfile" time="17.408" errors="0" timestamp="2021-08-11T17:07:22 IST">
  <testcase classname="tests.VerifyTaxCalculationiseditableafterunlockingthereturnFA71510_DefaultProfile" name="GoToUrlAssertUrlPositiveEnterUsernamePositiveEnterPasswordClickLoginButtonPositiveEnterAgentNa" time="14.619">
    <failure type="java.lang.AssertionError" message="Unable to locate object: By.xpath: //label[contains(.,&amp;apos;Name:&amp;apos;)]/../input">
      <![CDATA[java.lang.AssertionError: Unable to locate object: By.xpath: //label[contains(.,'Name:')]/../input
at pages.Verify_Tax_Calculation_is_editable_after_unlocking_the_returnFA71510.Enter_AgentName(Verify_Tax_Calculation_is_editable_after_unlocking_the_returnFA71510.java:187)
at tests.VerifyTaxCalculationiseditableafterunlockingthereturnFA71510_DefaultProfile.GoToUrlAssertUrlPositiveEnterUsernamePositiveEnterPasswordClickLoginButtonPositiveEnterAgentNa(VerifyTaxCalculationiseditableafterunlockingthereturnFA71510_DefaultProfile.java:58)
at java.base/java.util.ArrayList.forEach(ArrayList.java:1540)
... Removed 28 stack frames]]>
    </failure>
  </testcase> <!-- GoToUrlAssertUrlPositiveEnterUsernamePositiveEnterPasswordClickLoginButtonPositiveEnterAgentNa -->
</testsuite> <!-- VerifyTaxCalculationiseditableafterunlockingthereturnFA71510_DefaultProfile -->
