<?xml version="1.0" encoding="UTF-8"?>
<!-- Generated by org.testng.reporters.JUnitXMLReporter -->
<testsuite ignored="0" hostname="DESKTOP-A2R1E8A" failures="1" tests="1" name="VerifycountrynamechangeautoinregistrationnumberappearingoncoverpageFA69417_DefaultProfile" time="16.316" errors="0" timestamp="2021-08-11T11:08:58 IST">
  <testcase classname="tests.VerifycountrynamechangeautoinregistrationnumberappearingoncoverpageFA69417_DefaultProfile" name="GoToUrlAssertUrlPositiveEnterUsernamePositiveEnterPasswordClickLoginButtonPositiveEnterAgentNa" time="14.05">
    <failure type="java.lang.AssertionError" message="Unable to locate object: By.xpath: //label[contains(.,&amp;apos;Name:&amp;apos;)]/../input">
      <![CDATA[java.lang.AssertionError: Unable to locate object: By.xpath: //label[contains(.,'Name:')]/../input
at pages.Verify_country_name_change_auto_in_registration_number_appearing_on_cover_pageFA69417.Enter_AgentName(Verify_country_name_change_auto_in_registration_number_appearing_on_cover_pageFA69417.java:211)
at tests.VerifycountrynamechangeautoinregistrationnumberappearingoncoverpageFA69417_DefaultProfile.GoToUrlAssertUrlPositiveEnterUsernamePositiveEnterPasswordClickLoginButtonPositiveEnterAgentNa(VerifycountrynamechangeautoinregistrationnumberappearingoncoverpageFA69417_DefaultProfile.java:57)
at java.base/java.util.ArrayList.forEach(ArrayList.java:1540)
... Removed 28 stack frames]]>
    </failure>
  </testcase> <!-- GoToUrlAssertUrlPositiveEnterUsernamePositiveEnterPasswordClickLoginButtonPositiveEnterAgentNa -->
</testsuite> <!-- VerifycountrynamechangeautoinregistrationnumberappearingoncoverpageFA69417_DefaultProfile -->
