<html>
<head>
<title>TestNG:  Verifyheaderappearanceonstatementoffinancialpositionpage23_DefaultProfile</title>
<link href="../testng.css" rel="stylesheet" type="text/css" />
<link href="../my-testng.css" rel="stylesheet" type="text/css" />

<style type="text/css">
.log { display: none;} 
.stack-trace { display: none;} 
</style>
<script type="text/javascript">
<!--
function flip(e) {
  current = e.style.display;
  if (current == 'block') {
    e.style.display = 'none';
    return 0;
  }
  else {
    e.style.display = 'block';
    return 1;
  }
}

function toggleBox(szDivId, elem, msg1, msg2)
{
  var res = -1;  if (document.getElementById) {
    res = flip(document.getElementById(szDivId));
  }
  else if (document.all) {
    // this is the way old msie versions work
    res = flip(document.all[szDivId]);
  }
  if(elem) {
    if(res == 0) elem.innerHTML = msg1; else elem.innerHTML = msg2;
  }

}

function toggleAllBoxes() {
  if (document.getElementsByTagName) {
    d = document.getElementsByTagName('div');
    for (i = 0; i < d.length; i++) {
      if (d[i].className == 'log') {
        flip(d[i]);
      }
    }
  }
}

// -->
</script>

</head>
<body>
<h2 align='center'>Verifyheaderappearanceonstatementoffinancialpositionpage23_DefaultProfile</h2><table border='1' align="center">
<tr>
<td>Tests passed/Failed/Skipped:</td><td>1/0/0</td>
</tr><tr>
<td>Started on:</td><td>Wed Aug 11 16:38:21 IST 2021</td>
</tr>
<tr><td>Total time:</td><td>72 seconds (72999 ms)</td>
</tr><tr>
<td>Included groups:</td><td></td>
</tr><tr>
<td>Excluded groups:</td><td></td>
</tr>
</table><p/>
<small><i>(Hover the method name to see the test class name)</i></small><p/>
<table width='100%' border='1' class='invocation-failed'>
<tr><td colspan='4' align='center'><b>FAILED TESTS</b></td></tr>
<tr><td><b>Test method</b></td>
<td width="30%"><b>Exception</b></td>
<td width="10%"><b>Time (seconds)</b></td>
<td><b>Instance</b></td>
</tr>
<tr>
<td title='tests.VerifyheaderappearanceonContentpage8_DefaultProfile.GoToUrlAssertUrlPositiveEnterUsernamePositiveEnterPasswordClickLoginButtonPositiveEnterctl00cP()'><b>GoToUrlAssertUrlPositiveEnterUsernamePositiveEnterPasswordClickLoginButtonPositiveEnterctl00cP</b><br>Test class: tests.VerifyheaderappearanceonContentpage8_DefaultProfile</td>
<td><div><pre>java.lang.AssertionError: expected [For the year ended 31 December 2021] but found [For the year ended 30 April 2022]
	at pages.Verify_header_appearance_on_Content_page8.Click_Filleted_Accounts(Verify_header_appearance_on_Content_page8.java:485)
	at tests.VerifyheaderappearanceonContentpage8_DefaultProfile.GoToUrlAssertUrlPositiveEnterUsernamePositiveEnterPasswordClickLoginButtonPositiveEnterctl00cP(VerifyheaderappearanceonContentpage8_DefaultProfile.java:97)
	at java.base/java.util.ArrayList.forEach(ArrayList.java:1540)
... Removed 32 stack frames</pre></div><a href='#' onClick='toggleBox("stack-trace565847109", this, "Click to show all stack frames", "Click to hide stack frames")'>Click to show all stack frames</a>
<div class='stack-trace' id='stack-trace565847109'><pre>java.lang.AssertionError: expected [For the year ended 31 December 2021] but found [For the year ended 30 April 2022]
	at org.testng.Assert.fail(Assert.java:97)
	at org.testng.Assert.assertEqualsImpl(Assert.java:136)
	at org.testng.Assert.assertEquals(Assert.java:118)
	at org.testng.Assert.assertEquals(Assert.java:575)
	at org.testng.Assert.assertEquals(Assert.java:585)
	at pages.Verify_header_appearance_on_Content_page8.Click_Filleted_Accounts(Verify_header_appearance_on_Content_page8.java:485)
	at tests.VerifyheaderappearanceonContentpage8_DefaultProfile.GoToUrlAssertUrlPositiveEnterUsernamePositiveEnterPasswordClickLoginButtonPositiveEnterctl00cP(VerifyheaderappearanceonContentpage8_DefaultProfile.java:97)
	at java.base/jdk.internal.reflect.NativeMethodAccessorImpl.invoke0(Native Method)
	at java.base/jdk.internal.reflect.NativeMethodAccessorImpl.invoke(NativeMethodAccessorImpl.java:62)
	at java.base/jdk.internal.reflect.DelegatingMethodAccessorImpl.invoke(DelegatingMethodAccessorImpl.java:43)
	at java.base/java.lang.reflect.Method.invoke(Method.java:566)
	at org.testng.internal.MethodInvocationHelper.invokeMethod(MethodInvocationHelper.java:134)
	at org.testng.internal.TestInvoker.invokeMethod(TestInvoker.java:597)
	at org.testng.internal.TestInvoker.invokeTestMethod(TestInvoker.java:173)
	at org.testng.internal.MethodRunner.runInSequence(MethodRunner.java:46)
	at org.testng.internal.TestInvoker$MethodInvocationAgent.invoke(TestInvoker.java:816)
	at org.testng.internal.TestInvoker.invokeTestMethods(TestInvoker.java:146)
	at org.testng.internal.TestMethodWorker.invokeTestMethods(TestMethodWorker.java:146)
	at org.testng.internal.TestMethodWorker.run(TestMethodWorker.java:128)
	at java.base/java.util.ArrayList.forEach(ArrayList.java:1540)
	at org.testng.TestRunner.privateRun(TestRunner.java:766)
	at org.testng.TestRunner.run(TestRunner.java:587)
	at org.testng.SuiteRunner.runTest(SuiteRunner.java:384)
	at org.testng.SuiteRunner.runSequentially(SuiteRunner.java:378)
	at org.testng.SuiteRunner.privateRun(SuiteRunner.java:337)
	at org.testng.SuiteRunner.run(SuiteRunner.java:286)
	at org.testng.SuiteRunnerWorker.runSuite(SuiteRunnerWorker.java:53)
	at org.testng.SuiteRunnerWorker.run(SuiteRunnerWorker.java:96)
	at org.testng.TestNG.runSuitesSequentially(TestNG.java:1187)
	at org.testng.TestNG.runSuitesLocally(TestNG.java:1109)
	at org.testng.TestNG.runSuites(TestNG.java:1039)
	at org.testng.TestNG.run(TestNG.java:1007)
	at org.testng.remote.AbstractRemoteTestNG.run(AbstractRemoteTestNG.java:115)
	at org.testng.remote.RemoteTestNG.initAndRun(RemoteTestNG.java:251)
	at org.testng.remote.RemoteTestNG.main(RemoteTestNG.java:77)
</pre></div></td>
<td>63</td>
<td>tests.VerifyheaderappearanceonContentpage8_DefaultProfile@8c11eee</td></tr>
<tr>
<td title='tests.Verifyregisteredofficeaddressappearingonpartnershipinformationpage18_DefaultProfile.GoToUrlAssertUrlPositiveEnterUsernamePositiveEnterPasswordClickLoginButtonPositiveEnterctl00cP()'><b>GoToUrlAssertUrlPositiveEnterUsernamePositiveEnterPasswordClickLoginButtonPositiveEnterctl00cP</b><br>Test class: tests.Verifyregisteredofficeaddressappearingonpartnershipinformationpage18_DefaultProfile</td>
<td><div><pre>java.lang.AssertionError: expected [Registered office address Address1] but found [123 !@#]
	at pages.Verify_registered_office_address_appearing_on_partnership_information_page18.Click_Partnership_Information(Verify_registered_office_address_appearing_on_partnership_information_page18.java:1062)
	at tests.Verifyregisteredofficeaddressappearingonpartnershipinformationpage18_DefaultProfile.GoToUrlAssertUrlPositiveEnterUsernamePositiveEnterPasswordClickLoginButtonPositiveEnterctl00cP(Verifyregisteredofficeaddressappearingonpartnershipinformationpage18_DefaultProfile.java:169)
	at java.base/java.util.ArrayList.forEach(ArrayList.java:1540)
... Removed 32 stack frames</pre></div><a href='#' onClick='toggleBox("stack-trace1840457976", this, "Click to show all stack frames", "Click to hide stack frames")'>Click to show all stack frames</a>
<div class='stack-trace' id='stack-trace1840457976'><pre>java.lang.AssertionError: expected [Registered office address Address1] but found [123 !@#]
	at org.testng.Assert.fail(Assert.java:97)
	at org.testng.Assert.assertEqualsImpl(Assert.java:136)
	at org.testng.Assert.assertEquals(Assert.java:118)
	at org.testng.Assert.assertEquals(Assert.java:575)
	at org.testng.Assert.assertEquals(Assert.java:585)
	at pages.Verify_registered_office_address_appearing_on_partnership_information_page18.Click_Partnership_Information(Verify_registered_office_address_appearing_on_partnership_information_page18.java:1062)
	at tests.Verifyregisteredofficeaddressappearingonpartnershipinformationpage18_DefaultProfile.GoToUrlAssertUrlPositiveEnterUsernamePositiveEnterPasswordClickLoginButtonPositiveEnterctl00cP(Verifyregisteredofficeaddressappearingonpartnershipinformationpage18_DefaultProfile.java:169)
	at java.base/jdk.internal.reflect.NativeMethodAccessorImpl.invoke0(Native Method)
	at java.base/jdk.internal.reflect.NativeMethodAccessorImpl.invoke(NativeMethodAccessorImpl.java:62)
	at java.base/jdk.internal.reflect.DelegatingMethodAccessorImpl.invoke(DelegatingMethodAccessorImpl.java:43)
	at java.base/java.lang.reflect.Method.invoke(Method.java:566)
	at org.testng.internal.MethodInvocationHelper.invokeMethod(MethodInvocationHelper.java:134)
	at org.testng.internal.TestInvoker.invokeMethod(TestInvoker.java:597)
	at org.testng.internal.TestInvoker.invokeTestMethod(TestInvoker.java:173)
	at org.testng.internal.MethodRunner.runInSequence(MethodRunner.java:46)
	at org.testng.internal.TestInvoker$MethodInvocationAgent.invoke(TestInvoker.java:816)
	at org.testng.internal.TestInvoker.invokeTestMethods(TestInvoker.java:146)
	at org.testng.internal.TestMethodWorker.invokeTestMethods(TestMethodWorker.java:146)
	at org.testng.internal.TestMethodWorker.run(TestMethodWorker.java:128)
	at java.base/java.util.ArrayList.forEach(ArrayList.java:1540)
	at org.testng.TestRunner.privateRun(TestRunner.java:766)
	at org.testng.TestRunner.run(TestRunner.java:587)
	at org.testng.SuiteRunner.runTest(SuiteRunner.java:384)
	at org.testng.SuiteRunner.runSequentially(SuiteRunner.java:378)
	at org.testng.SuiteRunner.privateRun(SuiteRunner.java:337)
	at org.testng.SuiteRunner.run(SuiteRunner.java:286)
	at org.testng.SuiteRunnerWorker.runSuite(SuiteRunnerWorker.java:53)
	at org.testng.SuiteRunnerWorker.run(SuiteRunnerWorker.java:96)
	at org.testng.TestNG.runSuitesSequentially(TestNG.java:1187)
	at org.testng.TestNG.runSuitesLocally(TestNG.java:1109)
	at org.testng.TestNG.runSuites(TestNG.java:1039)
	at org.testng.TestNG.run(TestNG.java:1007)
	at org.testng.remote.AbstractRemoteTestNG.run(AbstractRemoteTestNG.java:115)
	at org.testng.remote.RemoteTestNG.initAndRun(RemoteTestNG.java:251)
	at org.testng.remote.RemoteTestNG.main(RemoteTestNG.java:77)
</pre></div></td>
<td>33</td>
<td>tests.Verifyregisteredofficeaddressappearingonpartnershipinformationpage18_DefaultProfile@4351c8c3</td></tr>
<tr>
<td title='tests.VerifytradingofficeaddressappearingonpartnershipInformationpage19_DefaultProfile.GoToUrlAssertUrlPositiveEnterUsernamePositiveEnterPasswordClickLoginButtonPositiveEnterctl00cP()'><b>GoToUrlAssertUrlPositiveEnterUsernamePositiveEnterPasswordClickLoginButtonPositiveEnterctl00cP</b><br>Test class: tests.VerifytradingofficeaddressappearingonpartnershipInformationpage19_DefaultProfile</td>
<td><div><pre>java.lang.AssertionError: expected [Trading office address Address1] but found [123 !@#]
	at pages.Verify_trading_office_address_appearing_on_partnership_Information_page19.Click_Partnership_Information(Verify_trading_office_address_appearing_on_partnership_Information_page19.java:1088)
	at tests.VerifytradingofficeaddressappearingonpartnershipInformationpage19_DefaultProfile.GoToUrlAssertUrlPositiveEnterUsernamePositiveEnterPasswordClickLoginButtonPositiveEnterctl00cP(VerifytradingofficeaddressappearingonpartnershipInformationpage19_DefaultProfile.java:173)
	at java.base/java.util.ArrayList.forEach(ArrayList.java:1540)
... Removed 32 stack frames</pre></div><a href='#' onClick='toggleBox("stack-trace521311335", this, "Click to show all stack frames", "Click to hide stack frames")'>Click to show all stack frames</a>
<div class='stack-trace' id='stack-trace521311335'><pre>java.lang.AssertionError: expected [Trading office address Address1] but found [123 !@#]
	at org.testng.Assert.fail(Assert.java:97)
	at org.testng.Assert.assertEqualsImpl(Assert.java:136)
	at org.testng.Assert.assertEquals(Assert.java:118)
	at org.testng.Assert.assertEquals(Assert.java:575)
	at org.testng.Assert.assertEquals(Assert.java:585)
	at pages.Verify_trading_office_address_appearing_on_partnership_Information_page19.Click_Partnership_Information(Verify_trading_office_address_appearing_on_partnership_Information_page19.java:1088)
	at tests.VerifytradingofficeaddressappearingonpartnershipInformationpage19_DefaultProfile.GoToUrlAssertUrlPositiveEnterUsernamePositiveEnterPasswordClickLoginButtonPositiveEnterctl00cP(VerifytradingofficeaddressappearingonpartnershipInformationpage19_DefaultProfile.java:173)
	at java.base/jdk.internal.reflect.NativeMethodAccessorImpl.invoke0(Native Method)
	at java.base/jdk.internal.reflect.NativeMethodAccessorImpl.invoke(NativeMethodAccessorImpl.java:62)
	at java.base/jdk.internal.reflect.DelegatingMethodAccessorImpl.invoke(DelegatingMethodAccessorImpl.java:43)
	at java.base/java.lang.reflect.Method.invoke(Method.java:566)
	at org.testng.internal.MethodInvocationHelper.invokeMethod(MethodInvocationHelper.java:134)
	at org.testng.internal.TestInvoker.invokeMethod(TestInvoker.java:597)
	at org.testng.internal.TestInvoker.invokeTestMethod(TestInvoker.java:173)
	at org.testng.internal.MethodRunner.runInSequence(MethodRunner.java:46)
	at org.testng.internal.TestInvoker$MethodInvocationAgent.invoke(TestInvoker.java:816)
	at org.testng.internal.TestInvoker.invokeTestMethods(TestInvoker.java:146)
	at org.testng.internal.TestMethodWorker.invokeTestMethods(TestMethodWorker.java:146)
	at org.testng.internal.TestMethodWorker.run(TestMethodWorker.java:128)
	at java.base/java.util.ArrayList.forEach(ArrayList.java:1540)
	at org.testng.TestRunner.privateRun(TestRunner.java:766)
	at org.testng.TestRunner.run(TestRunner.java:587)
	at org.testng.SuiteRunner.runTest(SuiteRunner.java:384)
	at org.testng.SuiteRunner.runSequentially(SuiteRunner.java:378)
	at org.testng.SuiteRunner.privateRun(SuiteRunner.java:337)
	at org.testng.SuiteRunner.run(SuiteRunner.java:286)
	at org.testng.SuiteRunnerWorker.runSuite(SuiteRunnerWorker.java:53)
	at org.testng.SuiteRunnerWorker.run(SuiteRunnerWorker.java:96)
	at org.testng.TestNG.runSuitesSequentially(TestNG.java:1187)
	at org.testng.TestNG.runSuitesLocally(TestNG.java:1109)
	at org.testng.TestNG.runSuites(TestNG.java:1039)
	at org.testng.TestNG.run(TestNG.java:1007)
	at org.testng.remote.AbstractRemoteTestNG.run(AbstractRemoteTestNG.java:115)
	at org.testng.remote.RemoteTestNG.initAndRun(RemoteTestNG.java:251)
	at org.testng.remote.RemoteTestNG.main(RemoteTestNG.java:77)
</pre></div></td>
<td>71</td>
<td>tests.VerifytradingofficeaddressappearingonpartnershipInformationpage19_DefaultProfile@72ea6193</td></tr>
<tr>
<td title='tests.VerifyheaderappearanceonPartnershipInformationpage12_DefaultProfile.GoToUrlAssertUrlPositiveEnterctl00cPHFiltertxtAgentNameClickSearchbutton1ClickClientsPositiveE()'><b>GoToUrlAssertUrlPositiveEnterctl00cPHFiltertxtAgentNameClickSearchbutton1ClickClientsPositiveE</b><br>Test class: tests.VerifyheaderappearanceonPartnershipInformationpage12_DefaultProfile</td>
<td><div><pre>java.lang.AssertionError: expected [For the year ended 31 December 2021] but found [For the year ended 30 April 2022]
	at pages.Verify_header_appearance_on_Partnership_Information_page12.Click_Filleted_Accounts(Verify_header_appearance_on_Partnership_Information_page12.java:486)
	at tests.VerifyheaderappearanceonPartnershipInformationpage12_DefaultProfile.GoToUrlAssertUrlPositiveEnterctl00cPHFiltertxtAgentNameClickSearchbutton1ClickClientsPositiveE(VerifyheaderappearanceonPartnershipInformationpage12_DefaultProfile.java:94)
	at java.base/java.util.ArrayList.forEach(ArrayList.java:1540)
... Removed 32 stack frames</pre></div><a href='#' onClick='toggleBox("stack-trace1699826397", this, "Click to show all stack frames", "Click to hide stack frames")'>Click to show all stack frames</a>
<div class='stack-trace' id='stack-trace1699826397'><pre>java.lang.AssertionError: expected [For the year ended 31 December 2021] but found [For the year ended 30 April 2022]
	at org.testng.Assert.fail(Assert.java:97)
	at org.testng.Assert.assertEqualsImpl(Assert.java:136)
	at org.testng.Assert.assertEquals(Assert.java:118)
	at org.testng.Assert.assertEquals(Assert.java:575)
	at org.testng.Assert.assertEquals(Assert.java:585)
	at pages.Verify_header_appearance_on_Partnership_Information_page12.Click_Filleted_Accounts(Verify_header_appearance_on_Partnership_Information_page12.java:486)
	at tests.VerifyheaderappearanceonPartnershipInformationpage12_DefaultProfile.GoToUrlAssertUrlPositiveEnterctl00cPHFiltertxtAgentNameClickSearchbutton1ClickClientsPositiveE(VerifyheaderappearanceonPartnershipInformationpage12_DefaultProfile.java:94)
	at java.base/jdk.internal.reflect.NativeMethodAccessorImpl.invoke0(Native Method)
	at java.base/jdk.internal.reflect.NativeMethodAccessorImpl.invoke(NativeMethodAccessorImpl.java:62)
	at java.base/jdk.internal.reflect.DelegatingMethodAccessorImpl.invoke(DelegatingMethodAccessorImpl.java:43)
	at java.base/java.lang.reflect.Method.invoke(Method.java:566)
	at org.testng.internal.MethodInvocationHelper.invokeMethod(MethodInvocationHelper.java:134)
	at org.testng.internal.TestInvoker.invokeMethod(TestInvoker.java:597)
	at org.testng.internal.TestInvoker.invokeTestMethod(TestInvoker.java:173)
	at org.testng.internal.MethodRunner.runInSequence(MethodRunner.java:46)
	at org.testng.internal.TestInvoker$MethodInvocationAgent.invoke(TestInvoker.java:816)
	at org.testng.internal.TestInvoker.invokeTestMethods(TestInvoker.java:146)
	at org.testng.internal.TestMethodWorker.invokeTestMethods(TestMethodWorker.java:146)
	at org.testng.internal.TestMethodWorker.run(TestMethodWorker.java:128)
	at java.base/java.util.ArrayList.forEach(ArrayList.java:1540)
	at org.testng.TestRunner.privateRun(TestRunner.java:766)
	at org.testng.TestRunner.run(TestRunner.java:587)
	at org.testng.SuiteRunner.runTest(SuiteRunner.java:384)
	at org.testng.SuiteRunner.runSequentially(SuiteRunner.java:378)
	at org.testng.SuiteRunner.privateRun(SuiteRunner.java:337)
	at org.testng.SuiteRunner.run(SuiteRunner.java:286)
	at org.testng.SuiteRunnerWorker.runSuite(SuiteRunnerWorker.java:53)
	at org.testng.SuiteRunnerWorker.run(SuiteRunnerWorker.java:96)
	at org.testng.TestNG.runSuitesSequentially(TestNG.java:1187)
	at org.testng.TestNG.runSuitesLocally(TestNG.java:1109)
	at org.testng.TestNG.runSuites(TestNG.java:1039)
	at org.testng.TestNG.run(TestNG.java:1007)
	at org.testng.remote.AbstractRemoteTestNG.run(AbstractRemoteTestNG.java:115)
	at org.testng.remote.RemoteTestNG.initAndRun(RemoteTestNG.java:251)
	at org.testng.remote.RemoteTestNG.main(RemoteTestNG.java:77)
</pre></div></td>
<td>74</td>
<td>tests.VerifyheaderappearanceonPartnershipInformationpage12_DefaultProfile@6e6d5d29</td></tr>
<tr>
<td title='tests.Verifyaccountantsappearingonpartnershipinformationpage20_DefaultProfile.GoToUrlAssertUrlPositiveEnterctl00cPHFiltertxtAgentNameClickSearchbutton1ClickNakulClickClient()'><b>GoToUrlAssertUrlPositiveEnterctl00cPHFiltertxtAgentNameClickSearchbutton1ClickNakulClickClient</b><br>Test class: tests.Verifyaccountantsappearingonpartnershipinformationpage20_DefaultProfile</td>
<td><div><pre>java.lang.AssertionError: expected [Accountant] but found []
	at pages.Verify_accountants_appearing_on_partnership_information_page20.Click_Partnership_Information(Verify_accountants_appearing_on_partnership_information_page20.java:1055)
	at tests.Verifyaccountantsappearingonpartnershipinformationpage20_DefaultProfile.GoToUrlAssertUrlPositiveEnterctl00cPHFiltertxtAgentNameClickSearchbutton1ClickNakulClickClient(Verifyaccountantsappearingonpartnershipinformationpage20_DefaultProfile.java:168)
	at java.base/java.util.ArrayList.forEach(ArrayList.java:1540)
... Removed 32 stack frames</pre></div><a href='#' onClick='toggleBox("stack-trace1149217113", this, "Click to show all stack frames", "Click to hide stack frames")'>Click to show all stack frames</a>
<div class='stack-trace' id='stack-trace1149217113'><pre>java.lang.AssertionError: expected [Accountant] but found []
	at org.testng.Assert.fail(Assert.java:97)
	at org.testng.Assert.assertEqualsImpl(Assert.java:136)
	at org.testng.Assert.assertEquals(Assert.java:118)
	at org.testng.Assert.assertEquals(Assert.java:575)
	at org.testng.Assert.assertEquals(Assert.java:585)
	at pages.Verify_accountants_appearing_on_partnership_information_page20.Click_Partnership_Information(Verify_accountants_appearing_on_partnership_information_page20.java:1055)
	at tests.Verifyaccountantsappearingonpartnershipinformationpage20_DefaultProfile.GoToUrlAssertUrlPositiveEnterctl00cPHFiltertxtAgentNameClickSearchbutton1ClickNakulClickClient(Verifyaccountantsappearingonpartnershipinformationpage20_DefaultProfile.java:168)
	at java.base/jdk.internal.reflect.NativeMethodAccessorImpl.invoke0(Native Method)
	at java.base/jdk.internal.reflect.NativeMethodAccessorImpl.invoke(NativeMethodAccessorImpl.java:62)
	at java.base/jdk.internal.reflect.DelegatingMethodAccessorImpl.invoke(DelegatingMethodAccessorImpl.java:43)
	at java.base/java.lang.reflect.Method.invoke(Method.java:566)
	at org.testng.internal.MethodInvocationHelper.invokeMethod(MethodInvocationHelper.java:134)
	at org.testng.internal.TestInvoker.invokeMethod(TestInvoker.java:597)
	at org.testng.internal.TestInvoker.invokeTestMethod(TestInvoker.java:173)
	at org.testng.internal.MethodRunner.runInSequence(MethodRunner.java:46)
	at org.testng.internal.TestInvoker$MethodInvocationAgent.invoke(TestInvoker.java:816)
	at org.testng.internal.TestInvoker.invokeTestMethods(TestInvoker.java:146)
	at org.testng.internal.TestMethodWorker.invokeTestMethods(TestMethodWorker.java:146)
	at org.testng.internal.TestMethodWorker.run(TestMethodWorker.java:128)
	at java.base/java.util.ArrayList.forEach(ArrayList.java:1540)
	at org.testng.TestRunner.privateRun(TestRunner.java:766)
	at org.testng.TestRunner.run(TestRunner.java:587)
	at org.testng.SuiteRunner.runTest(SuiteRunner.java:384)
	at org.testng.SuiteRunner.runSequentially(SuiteRunner.java:378)
	at org.testng.SuiteRunner.privateRun(SuiteRunner.java:337)
	at org.testng.SuiteRunner.run(SuiteRunner.java:286)
	at org.testng.SuiteRunnerWorker.runSuite(SuiteRunnerWorker.java:53)
	at org.testng.SuiteRunnerWorker.run(SuiteRunnerWorker.java:96)
	at org.testng.TestNG.runSuitesSequentially(TestNG.java:1187)
	at org.testng.TestNG.runSuitesLocally(TestNG.java:1109)
	at org.testng.TestNG.runSuites(TestNG.java:1039)
	at org.testng.TestNG.run(TestNG.java:1007)
	at org.testng.remote.AbstractRemoteTestNG.run(AbstractRemoteTestNG.java:115)
	at org.testng.remote.RemoteTestNG.initAndRun(RemoteTestNG.java:251)
	at org.testng.remote.RemoteTestNG.main(RemoteTestNG.java:77)
</pre></div></td>
<td>72</td>
<td>tests.Verifyaccountantsappearingonpartnershipinformationpage20_DefaultProfile@1e7aa82b</td></tr>
</table><p>
<table width='100%' border='1' class='invocation-passed'>
<tr><td colspan='4' align='center'><b>PASSED TESTS</b></td></tr>
<tr><td><b>Test method</b></td>
<td width="30%"><b>Exception</b></td>
<td width="10%"><b>Time (seconds)</b></td>
<td><b>Instance</b></td>
</tr>
<tr>
<td title='tests.Verifyregistrationnumberappearingoncoverpage1_DefaultProfile.GoToUrlAssertUrlPositiveEnterUsernamePositiveEnterPasswordClickLoginButtonPositiveEnterctl00cP()'><b>GoToUrlAssertUrlPositiveEnterUsernamePositiveEnterPasswordClickLoginButtonPositiveEnterctl00cP</b><br>Test class: tests.Verifyregistrationnumberappearingoncoverpage1_DefaultProfile</td>
<td></td>
<td>85</td>
<td>tests.Verifyregistrationnumberappearingoncoverpage1_DefaultProfile@2e554a3b</td></tr>
<tr>
<td title='tests.Verifycountrynamechangeautoinregistrationnumberappearingoncoverpg2_DefaultProfile.GoToUrlAssertUrlPositiveEnterUsernamePositiveEnterPasswordClickLoginButtonPositiveEnterctl00cP()'><b>GoToUrlAssertUrlPositiveEnterUsernamePositiveEnterPasswordClickLoginButtonPositiveEnterctl00cP</b><br>Test class: tests.Verifycountrynamechangeautoinregistrationnumberappearingoncoverpg2_DefaultProfile</td>
<td></td>
<td>90</td>
<td>tests.Verifycountrynamechangeautoinregistrationnumberappearingoncoverpg2_DefaultProfile@3fb6cf60</td></tr>
<tr>
<td title='tests.Verifyreporttitlenameoncoverpage3_DefaultProfile.GoToUrlAssertUrlPositiveEnterUsernamePositiveEnterPasswordClickLoginButtonPositiveEnterctl00cP()'><b>GoToUrlAssertUrlPositiveEnterUsernamePositiveEnterPasswordClickLoginButtonPositiveEnterctl00cP</b><br>Test class: tests.Verifyreporttitlenameoncoverpage3_DefaultProfile</td>
<td></td>
<td>83</td>
<td>tests.Verifyreporttitlenameoncoverpage3_DefaultProfile@68044f4</td></tr>
<tr>
<td title='tests.Verifyrenamehasbeendone9_DefaultProfile.GoToUrlAssertUrlPositiveEnterUsernamePositiveEnterPasswordClickLoginButtonPositiveEnterctl00cP()'><b>GoToUrlAssertUrlPositiveEnterUsernamePositiveEnterPasswordClickLoginButtonPositiveEnterctl00cP</b><br>Test class: tests.Verifyrenamehasbeendone9_DefaultProfile</td>
<td></td>
<td>65</td>
<td>tests.Verifyrenamehasbeendone9_DefaultProfile@485e36bc</td></tr>
<tr>
<td title='tests.VerifydynamicfooterpagenationonContentspage11_DefaultProfile.GoToUrlAssertUrlPositiveEnterUsernamePositiveEnterPasswordClickLoginButtonPositiveEnterctl00cP()'><b>GoToUrlAssertUrlPositiveEnterUsernamePositiveEnterPasswordClickLoginButtonPositiveEnterctl00cP</b><br>Test class: tests.VerifydynamicfooterpagenationonContentspage11_DefaultProfile</td>
<td></td>
<td>64</td>
<td>tests.VerifydynamicfooterpagenationonContentspage11_DefaultProfile@1af687fe</td></tr>
<tr>
<td title='tests.VerifyregistrationnumberapearingonPartnershipInformationpage13_DefaultProfile.GoToUrlAssertUrlPositiveEnterUsernamePositiveEnterPasswordClickLoginButtonPositiveEnterctl00cP()'><b>GoToUrlAssertUrlPositiveEnterUsernamePositiveEnterPasswordClickLoginButtonPositiveEnterctl00cP</b><br>Test class: tests.VerifyregistrationnumberapearingonPartnershipInformationpage13_DefaultProfile</td>
<td></td>
<td>93</td>
<td>tests.VerifyregistrationnumberapearingonPartnershipInformationpage13_DefaultProfile@47a86fbb</td></tr>
<tr>
<td title='tests.Verifycountrynamechangeautoinregistrationnumberapearingoncoverpage14_DefaultProfile.GoToUrlAssertUrlPositiveEnterUsernamePositiveEnterPasswordClickLoginButtonPositiveEnterctl00cP()'><b>GoToUrlAssertUrlPositiveEnterUsernamePositiveEnterPasswordClickLoginButtonPositiveEnterctl00cP</b><br>Test class: tests.Verifycountrynamechangeautoinregistrationnumberapearingoncoverpage14_DefaultProfile</td>
<td></td>
<td>85</td>
<td>tests.Verifycountrynamechangeautoinregistrationnumberapearingoncoverpage14_DefaultProfile@53dacd14</td></tr>
<tr>
<td title='tests.VerifyMemberswhoservedduringtheyearappearingonPartnershipInformationpage15_DefaultProfile.GoToUrlAssertUrlPositiveEnterUsernamePositiveEnterPasswordClickLoginButtonPositiveEnterctl00cP()'><b>GoToUrlAssertUrlPositiveEnterUsernamePositiveEnterPasswordClickLoginButtonPositiveEnterctl00cP</b><br>Test class: tests.VerifyMemberswhoservedduringtheyearappearingonPartnershipInformationpage15_DefaultProfile</td>
<td></td>
<td>265</td>
<td>tests.VerifyMemberswhoservedduringtheyearappearingonPartnershipInformationpage15_DefaultProfile@3c989952</td></tr>
<tr>
<td title='tests.VerifymemberswhoservedduringtheyearappearingonPartnershipInformationpage16_DefaultProfile.GoToUrlAssertUrlPositiveEnterUsernamePositiveEnterPasswordClickLoginButtonPositiveEnterctl00cP()'><b>GoToUrlAssertUrlPositiveEnterUsernamePositiveEnterPasswordClickLoginButtonPositiveEnterctl00cP</b><br>Test class: tests.VerifymemberswhoservedduringtheyearappearingonPartnershipInformationpage16_DefaultProfile</td>
<td></td>
<td>205</td>
<td>tests.VerifymemberswhoservedduringtheyearappearingonPartnershipInformationpage16_DefaultProfile@e98770d</td></tr>
<tr>
<td title='tests.VerifypartnershipsecretaryappearingonPartnershipInformationpage17_DefaultProfile.GoToUrlAssertUrlPositiveEnterUsernamePositiveEnterPasswordClickLoginButtonPositiveEnterctl00cP()'><b>GoToUrlAssertUrlPositiveEnterUsernamePositiveEnterPasswordClickLoginButtonPositiveEnterctl00cP</b><br>Test class: tests.VerifypartnershipsecretaryappearingonPartnershipInformationpage17_DefaultProfile</td>
<td></td>
<td>58</td>
<td>tests.VerifypartnershipsecretaryappearingonPartnershipInformationpage17_DefaultProfile@4bc28c33</td></tr>
<tr>
<td title='tests.Verifyheaderappearanceonstatementoffinancialpositionpage23_DefaultProfile.GoToUrlAssertUrlPositiveEnterUsernamePositiveEnterPasswordClickLoginButtonPositiveEnterctl00cP()'><b>GoToUrlAssertUrlPositiveEnterUsernamePositiveEnterPasswordClickLoginButtonPositiveEnterctl00cP</b><br>Test class: tests.Verifyheaderappearanceonstatementoffinancialpositionpage23_DefaultProfile</td>
<td></td>
<td>70</td>
<td>tests.Verifyheaderappearanceonstatementoffinancialpositionpage23_DefaultProfile@75b25825</td></tr>
</table><p>
</body>
</html>