<?xml version="1.0" encoding="UTF-8"?>
<!-- Generated by org.testng.reporters.JUnitXMLReporter -->
<testsuite ignored="0" hostname="DESKTOP-A2R1E8A" failures="1" tests="1" name="VerifyusercanaddremoveDirectorResponsibilityaspertheirwishFA69435_DefaultProfile" time="33.634" errors="0" timestamp="2021-08-11T00:06:18 IST">
  <testcase classname="tests.VerifyusercanaddremoveDirectorResponsibilityaspertheirwishFA69435_DefaultProfile" name="GoToUrlAssertUrlPositiveEnterUsernamePositiveEnterPasswordClickLoginButtonPositiveEnterAgentNa" time="31.386">
    <failure type="java.lang.AssertionError" message="Unable to locate object: By.xpath: //label[contains(.,&amp;apos;Name:&amp;apos;)]/../input">
      <![CDATA[java.lang.AssertionError: Unable to locate object: By.xpath: //label[contains(.,'Name:')]/../input
at pages.Verify_user_can_add_remove_Director_Responsibility_as_per_their_wishFA69435.Enter_AgentName(Verify_user_can_add_remove_Director_Responsibility_as_per_their_wishFA69435.java:196)
at tests.VerifyusercanaddremoveDirectorResponsibilityaspertheirwishFA69435_DefaultProfile.GoToUrlAssertUrlPositiveEnterUsernamePositiveEnterPasswordClickLoginButtonPositiveEnterAgentNa(VerifyusercanaddremoveDirectorResponsibilityaspertheirwishFA69435_DefaultProfile.java:57)
at java.base/java.util.ArrayList.forEach(ArrayList.java:1540)
... Removed 28 stack frames]]>
    </failure>
  </testcase> <!-- GoToUrlAssertUrlPositiveEnterUsernamePositiveEnterPasswordClickLoginButtonPositiveEnterAgentNa -->
</testsuite> <!-- VerifyusercanaddremoveDirectorResponsibilityaspertheirwishFA69435_DefaultProfile -->
