<?xml version="1.0" encoding="UTF-8"?>
<!-- Generated by org.testng.reporters.JUnitXMLReporter -->
<testsuite ignored="0" hostname="DESKTOP-A2R1E8A" failures="1" tests="1" name="VerifycompanysecretaryappearingoncompanyInformationpageFA69717_DefaultProfile" time="97.052" errors="0" timestamp="2021-08-11T12:34:24 IST">
  <testcase classname="tests.VerifycompanysecretaryappearingoncompanyInformationpageFA69717_DefaultProfile" name="GoToUrlAssertUrlPositiveEnterUsernamePositiveEnterPasswordClickLoginButtonPositiveEnterAgentNa" time="91.495">
    <failure type="java.lang.AssertionError" message="expected [Name1] but found [Abc1 Xyz1]">
      <![CDATA[java.lang.AssertionError: expected [Name1] but found [Abc1 Xyz1]
at pages.Verify_company_secretary_appearing_on_company_Information_pageFA69717.Click_Filleted_Accounts(Verify_company_secretary_appearing_on_company_Information_pageFA69717.java:723)
at tests.VerifycompanysecretaryappearingoncompanyInformationpageFA69717_DefaultProfile.GoToUrlAssertUrlPositiveEnterUsernamePositiveEnterPasswordClickLoginButtonPositiveEnterAgentNa(VerifycompanysecretaryappearingoncompanyInformationpageFA69717_DefaultProfile.java:131)
at java.base/java.util.ArrayList.forEach(ArrayList.java:1540)
... Removed 32 stack frames]]>
    </failure>
  </testcase> <!-- GoToUrlAssertUrlPositiveEnterUsernamePositiveEnterPasswordClickLoginButtonPositiveEnterAgentNa -->
</testsuite> <!-- VerifycompanysecretaryappearingoncompanyInformationpageFA69717_DefaultProfile -->
