<?xml version="1.0" encoding="UTF-8"?>
<!-- Generated by org.testng.reporters.JUnitXMLReporter -->
<testsuite ignored="0" hostname="DESKTOP-A2R1E8A" failures="1" tests="1" name="VerifyusercanaddremoveSmallCompanyProvisionaspertheirwishFA69434_DefaultProfile" time="17.445" errors="0" timestamp="2021-08-11T00:05:44 IST">
  <testcase classname="tests.VerifyusercanaddremoveSmallCompanyProvisionaspertheirwishFA69434_DefaultProfile" name="GoToUrlAssertUrlPositiveEnterUsernamePositiveEnterPasswordClickLoginButtonPositiveEnterAgentNa" time="15.147">
    <failure type="java.lang.AssertionError" message="Unable to locate object: By.xpath: //label[contains(.,&amp;apos;Name:&amp;apos;)]/../input">
      <![CDATA[java.lang.AssertionError: Unable to locate object: By.xpath: //label[contains(.,'Name:')]/../input
at pages.Verify_user_can_add_remove_Small_Company_Provision_as_per_their_wishFA69434.Enter_AgentName(Verify_user_can_add_remove_Small_Company_Provision_as_per_their_wishFA69434.java:196)
at tests.VerifyusercanaddremoveSmallCompanyProvisionaspertheirwishFA69434_DefaultProfile.GoToUrlAssertUrlPositiveEnterUsernamePositiveEnterPasswordClickLoginButtonPositiveEnterAgentNa(VerifyusercanaddremoveSmallCompanyProvisionaspertheirwishFA69434_DefaultProfile.java:58)
at java.base/java.util.ArrayList.forEach(ArrayList.java:1540)
... Removed 28 stack frames]]>
    </failure>
  </testcase> <!-- GoToUrlAssertUrlPositiveEnterUsernamePositiveEnterPasswordClickLoginButtonPositiveEnterAgentNa -->
</testsuite> <!-- VerifyusercanaddremoveSmallCompanyProvisionaspertheirwishFA69434_DefaultProfile -->
