<?xml version="1.0" encoding="UTF-8"?>
<!-- Generated by org.testng.reporters.JUnitXMLReporter -->
<testsuite ignored="0" hostname="DESKTOP-A2R1E8A" failures="1" tests="1" name="VerifyEditbuttonmustnotbeworkingforTaxCalculationincasereturnislockedFA7159_DefaultProfile" time="18.407" errors="0" timestamp="2021-08-11T17:07:04 IST">
  <testcase classname="tests.VerifyEditbuttonmustnotbeworkingforTaxCalculationincasereturnislockedFA7159_DefaultProfile" name="GoToUrlAssertUrlPositiveEnterUsernamePositiveEnterPasswordClickLoginButtonPositiveEnterAgentNa" time="15.488">
    <failure type="java.lang.AssertionError" message="Unable to locate object: By.xpath: //label[contains(.,&amp;apos;Name:&amp;apos;)]/../input">
      <![CDATA[java.lang.AssertionError: Unable to locate object: By.xpath: //label[contains(.,'Name:')]/../input
at pages.Verify_Edit_button_must_not_be_working_for_Tax_Calculation_in_case_return_is_lockedFA7159.Enter_AgentName(Verify_Edit_button_must_not_be_working_for_Tax_Calculation_in_case_return_is_lockedFA7159.java:186)
at tests.VerifyEditbuttonmustnotbeworkingforTaxCalculationincasereturnislockedFA7159_DefaultProfile.GoToUrlAssertUrlPositiveEnterUsernamePositiveEnterPasswordClickLoginButtonPositiveEnterAgentNa(VerifyEditbuttonmustnotbeworkingforTaxCalculationincasereturnislockedFA7159_DefaultProfile.java:59)
at java.base/java.util.ArrayList.forEach(ArrayList.java:1540)
... Removed 28 stack frames]]>
    </failure>
  </testcase> <!-- GoToUrlAssertUrlPositiveEnterUsernamePositiveEnterPasswordClickLoginButtonPositiveEnterAgentNa -->
</testsuite> <!-- VerifyEditbuttonmustnotbeworkingforTaxCalculationincasereturnislockedFA7159_DefaultProfile -->
