<?xml version="1.0" encoding="UTF-8"?>
<!-- Generated by org.testng.reporters.JUnitXMLReporter -->
<testsuite ignored="0" hostname="DESKTOP-A2R1E8A" failures="1" tests="1" name="VerifyrenamehasbeendoneFA6948_DefaultProfile" time="32.528" errors="0" timestamp="2021-08-11T11:05:42 IST">
  <testcase classname="tests.VerifyrenamehasbeendoneFA6948_DefaultProfile" name="GoToUrlAssertUrlPositiveEnterUsernamePositiveEnterPasswordClickLoginButtonPositiveEnterAgentNa" time="29.657">
    <failure type="java.lang.AssertionError" message="Unable to locate object: By.xpath: //label[contains(.,&amp;apos;Name:&amp;apos;)]/../input">
      <![CDATA[java.lang.AssertionError: Unable to locate object: By.xpath: //label[contains(.,'Name:')]/../input
at pages.Verify_rename_has_been_doneFA6948.Enter_AgentName(Verify_rename_has_been_doneFA6948.java:177)
at tests.VerifyrenamehasbeendoneFA6948_DefaultProfile.GoToUrlAssertUrlPositiveEnterUsernamePositiveEnterPasswordClickLoginButtonPositiveEnterAgentNa(VerifyrenamehasbeendoneFA6948_DefaultProfile.java:57)
at java.base/java.util.ArrayList.forEach(ArrayList.java:1540)
... Removed 28 stack frames]]>
    </failure>
  </testcase> <!-- GoToUrlAssertUrlPositiveEnterUsernamePositiveEnterPasswordClickLoginButtonPositiveEnterAgentNa -->
</testsuite> <!-- VerifyrenamehasbeendoneFA6948_DefaultProfile -->
