<?xml version="1.0" encoding="UTF-8"?>
<!-- Generated by org.testng.reporters.JUnitXMLReporter -->
<testsuite ignored="0" hostname="DESKTOP-A2R1E8A" failures="1" tests="1" name="Verifyledgercode3001areincludedundersharepremiumappearingonstatementFA69658_DefaultProfile" time="106.638" errors="0" timestamp="2021-08-11T03:22:14 IST">
  <testcase classname="tests.Verifyledgercode3001areincludedundersharepremiumappearingonstatementFA69658_DefaultProfile" name="GoToUrlAssertUrlPositiveEnterUsernameEnterPaswordClickLoginButtonPositiveEnterAgentNameClickS" time="103.936">
    <failure type="java.lang.AssertionError" message="Unable to locate object: By.xpath: //INPUT[@name=&amp;apos;ctl00$cPH$rptRecord$ctl00$AccountUC1$txtAccount&amp;apos;]">
      <![CDATA[java.lang.AssertionError: Unable to locate object: By.xpath: //INPUT[@name='ctl00$cPH$rptRecord$ctl00$AccountUC1$txtAccount']
at pages.Verify_ledger_code_3001_are_included_under_share_premium_appearing_on_statementFA69658.Enter_Account1(Verify_ledger_code_3001_are_included_under_share_premium_appearing_on_statementFA69658.java:626)
at tests.Verifyledgercode3001areincludedundersharepremiumappearingonstatementFA69658_DefaultProfile.GoToUrlAssertUrlPositiveEnterUsernameEnterPaswordClickLoginButtonPositiveEnterAgentNameClickS(Verifyledgercode3001areincludedundersharepremiumappearingonstatementFA69658_DefaultProfile.java:110)
at java.base/java.util.ArrayList.forEach(ArrayList.java:1540)
... Removed 28 stack frames]]>
    </failure>
  </testcase> <!-- GoToUrlAssertUrlPositiveEnterUsernameEnterPaswordClickLoginButtonPositiveEnterAgentNameClickS -->
</testsuite> <!-- Verifyledgercode3001areincludedundersharepremiumappearingonstatementFA69658_DefaultProfile -->
