<?xml version="1.0" encoding="UTF-8"?>
<!-- Generated by org.testng.reporters.JUnitXMLReporter -->
<testsuite ignored="0" hostname="DESKTOP-A2R1E8A" failures="1" tests="1" name="VerifyRDandCapitalAllowanceiseditableafterunlockingthereturnFA71512_DefaultProfile" time="33.853" errors="0" timestamp="2021-08-11T17:08:29 IST">
  <testcase classname="tests.VerifyRDandCapitalAllowanceiseditableafterunlockingthereturnFA71512_DefaultProfile" name="GoToUrlAssertUrlPositiveEnterUsernamePositiveEnterPasswordClickLoginButtonPositiveEnterAgentNa" time="31.682">
    <failure type="java.lang.AssertionError" message="Unable to locate object: By.xpath: //label[contains(.,&amp;apos;Name:&amp;apos;)]/../input">
      <![CDATA[java.lang.AssertionError: Unable to locate object: By.xpath: //label[contains(.,'Name:')]/../input
at pages.Verify_RD_and_Capital_Allowance_is_editable_after_unlocking_the_returnFA71512.Enter_AgentName(Verify_RD_and_Capital_Allowance_is_editable_after_unlocking_the_returnFA71512.java:177)
at tests.VerifyRDandCapitalAllowanceiseditableafterunlockingthereturnFA71512_DefaultProfile.GoToUrlAssertUrlPositiveEnterUsernamePositiveEnterPasswordClickLoginButtonPositiveEnterAgentNa(VerifyRDandCapitalAllowanceiseditableafterunlockingthereturnFA71512_DefaultProfile.java:58)
at java.base/java.util.ArrayList.forEach(ArrayList.java:1540)
... Removed 28 stack frames]]>
    </failure>
  </testcase> <!-- GoToUrlAssertUrlPositiveEnterUsernamePositiveEnterPasswordClickLoginButtonPositiveEnterAgentNa -->
</testsuite> <!-- VerifyRDandCapitalAllowanceiseditableafterunlockingthereturnFA71512_DefaultProfile -->
