<?xml version="1.0" encoding="UTF-8"?>
<!-- Generated by org.testng.reporters.JUnitXMLReporter -->
<testsuite ignored="0" hostname="DESKTOP-A2R1E8A" failures="1" tests="1" name="VerifyaccountantssignaturedetailsappearingonaccountantsreportpageFA69645_DefaultProfile" time="122.131" errors="0" timestamp="2021-08-11T11:27:19 IST">
  <testcase classname="tests.VerifyaccountantssignaturedetailsappearingonaccountantsreportpageFA69645_DefaultProfile" name="GoToUrlAssertUrlPositiveEnterUsernamePositiveEnterPasswordClickLoginButtonPositiveEnterAgentNa" time="119.545">
    <failure type="java.lang.AssertionError" message="expected [Accountant ABC Associates] but found [Abc1 Xyz1]">
      <![CDATA[java.lang.AssertionError: expected [Accountant ABC Associates] but found [Abc1 Xyz1]
at pages.Verify_accountants_signature_details_appearing_on_accountants_report_pageFA69645.Click_Full_Accounts(Verify_accountants_signature_details_appearing_on_accountants_report_pageFA69645.java:516)
at tests.VerifyaccountantssignaturedetailsappearingonaccountantsreportpageFA69645_DefaultProfile.GoToUrlAssertUrlPositiveEnterUsernamePositiveEnterPasswordClickLoginButtonPositiveEnterAgentNa(VerifyaccountantssignaturedetailsappearingonaccountantsreportpageFA69645_DefaultProfile.java:97)
at java.base/java.util.ArrayList.forEach(ArrayList.java:1540)
... Removed 32 stack frames]]>
    </failure>
  </testcase> <!-- GoToUrlAssertUrlPositiveEnterUsernamePositiveEnterPasswordClickLoginButtonPositiveEnterAgentNa -->
</testsuite> <!-- VerifyaccountantssignaturedetailsappearingonaccountantsreportpageFA69645_DefaultProfile -->
