<?xml version="1.0" encoding="UTF-8"?>
<!-- Generated by org.testng.reporters.JUnitXMLReporter -->
<testsuite ignored="0" hostname="DESKTOP-A2R1E8A" failures="1" tests="1" name="Verify_accountants_appearing_on_partnership_information_page20" time="74.999" errors="0" timestamp="2021-08-11T16:38:21 IST">
  <testcase classname="tests.Verifyaccountantsappearingonpartnershipinformationpage20_DefaultProfile" name="GoToUrlAssertUrlPositiveEnterctl00cPHFiltertxtAgentNameClickSearchbutton1ClickNakulClickClient" time="72.215">
    <failure type="java.lang.AssertionError" message="expected [Accountant] but found []">
      <![CDATA[java.lang.AssertionError: expected [Accountant] but found []
at pages.Verify_accountants_appearing_on_partnership_information_page20.Click_Partnership_Information(Verify_accountants_appearing_on_partnership_information_page20.java:1055)
at tests.Verifyaccountantsappearingonpartnershipinformationpage20_DefaultProfile.GoToUrlAssertUrlPositiveEnterctl00cPHFiltertxtAgentNameClickSearchbutton1ClickNakulClickClient(Verifyaccountantsappearingonpartnershipinformationpage20_DefaultProfile.java:168)
at java.base/java.util.ArrayList.forEach(ArrayList.java:1540)
... Removed 32 stack frames]]>
    </failure>
  </testcase> <!-- GoToUrlAssertUrlPositiveEnterctl00cPHFiltertxtAgentNameClickSearchbutton1ClickNakulClickClient -->
</testsuite> <!-- Verify_accountants_appearing_on_partnership_information_page20 -->
