<html>
<head>
<title>TestNG:  VerifyreporttitlenameoncoverpageFA6963_DefaultProfile</title>
<link href="../testng.css" rel="stylesheet" type="text/css" />
<link href="../my-testng.css" rel="stylesheet" type="text/css" />

<style type="text/css">
.log { display: none;} 
.stack-trace { display: none;} 
</style>
<script type="text/javascript">
<!--
function flip(e) {
  current = e.style.display;
  if (current == 'block') {
    e.style.display = 'none';
    return 0;
  }
  else {
    e.style.display = 'block';
    return 1;
  }
}

function toggleBox(szDivId, elem, msg1, msg2)
{
  var res = -1;  if (document.getElementById) {
    res = flip(document.getElementById(szDivId));
  }
  else if (document.all) {
    // this is the way old msie versions work
    res = flip(document.all[szDivId]);
  }
  if(elem) {
    if(res == 0) elem.innerHTML = msg1; else elem.innerHTML = msg2;
  }

}

function toggleAllBoxes() {
  if (document.getElementsByTagName) {
    d = document.getElementsByTagName('div');
    for (i = 0; i < d.length; i++) {
      if (d[i].className == 'log') {
        flip(d[i]);
      }
    }
  }
}

// -->
</script>

</head>
<body>
<h2 align='center'>VerifyreporttitlenameoncoverpageFA6963_DefaultProfile</h2><table border='1' align="center">
<tr>
<td>Tests passed/Failed/Skipped:</td><td>0/1/0</td>
</tr><tr>
<td>Started on:</td><td>Wed Aug 11 01:53:57 IST 2021</td>
</tr>
<tr><td>Total time:</td><td>190 seconds (190366 ms)</td>
</tr><tr>
<td>Included groups:</td><td></td>
</tr><tr>
<td>Excluded groups:</td><td></td>
</tr>
</table><p/>
<small><i>(Hover the method name to see the test class name)</i></small><p/>
<table width='100%' border='1' class='invocation-failed'>
<tr><td colspan='4' align='center'><b>FAILED TESTS</b></td></tr>
<tr><td><b>Test method</b></td>
<td width="30%"><b>Exception</b></td>
<td width="10%"><b>Time (seconds)</b></td>
<td><b>Instance</b></td>
</tr>
<tr>
<td title='tests.VerifycountrynamechangeautoinregistrationnumberappearingoncoverpageFA6962_DefaultProfile.GoToUrlAssertUrlPositiveEnterPasswordClickLoginButtonPositiveEnterctl00cPHFiltertxtAgentNameCl()'><b>GoToUrlAssertUrlPositiveEnterPasswordClickLoginButtonPositiveEnterctl00cPHFiltertxtAgentNameCl</b><br>Test class: tests.VerifycountrynamechangeautoinregistrationnumberappearingoncoverpageFA6962_DefaultProfile</td>
<td><div><pre>java.lang.AssertionError: expected [Registered No. NI121212 (Northern Ireland)] but found [Company Registration Number : NI121212 (Northern Ireland)]
	at pages.Verify_country_name_change_auto_in_registration_number_appearing_on_cover_pageFA6962.Click_Full_Accounts(Verify_country_name_change_auto_in_registration_number_appearing_on_cover_pageFA6962.java:1321)
	at tests.VerifycountrynamechangeautoinregistrationnumberappearingoncoverpageFA6962_DefaultProfile.GoToUrlAssertUrlPositiveEnterPasswordClickLoginButtonPositiveEnterctl00cPHFiltertxtAgentNameCl(VerifycountrynamechangeautoinregistrationnumberappearingoncoverpageFA6962_DefaultProfile.java:192)
	at java.base/java.util.ArrayList.forEach(ArrayList.java:1540)
... Removed 32 stack frames</pre></div><a href='#' onClick='toggleBox("stack-trace966567431", this, "Click to show all stack frames", "Click to hide stack frames")'>Click to show all stack frames</a>
<div class='stack-trace' id='stack-trace966567431'><pre>java.lang.AssertionError: expected [Registered No. NI121212 (Northern Ireland)] but found [Company Registration Number : NI121212 (Northern Ireland)]
	at org.testng.Assert.fail(Assert.java:97)
	at org.testng.Assert.assertEqualsImpl(Assert.java:136)
	at org.testng.Assert.assertEquals(Assert.java:118)
	at org.testng.Assert.assertEquals(Assert.java:575)
	at org.testng.Assert.assertEquals(Assert.java:585)
	at pages.Verify_country_name_change_auto_in_registration_number_appearing_on_cover_pageFA6962.Click_Full_Accounts(Verify_country_name_change_auto_in_registration_number_appearing_on_cover_pageFA6962.java:1321)
	at tests.VerifycountrynamechangeautoinregistrationnumberappearingoncoverpageFA6962_DefaultProfile.GoToUrlAssertUrlPositiveEnterPasswordClickLoginButtonPositiveEnterctl00cPHFiltertxtAgentNameCl(VerifycountrynamechangeautoinregistrationnumberappearingoncoverpageFA6962_DefaultProfile.java:192)
	at java.base/jdk.internal.reflect.NativeMethodAccessorImpl.invoke0(Native Method)
	at java.base/jdk.internal.reflect.NativeMethodAccessorImpl.invoke(NativeMethodAccessorImpl.java:62)
	at java.base/jdk.internal.reflect.DelegatingMethodAccessorImpl.invoke(DelegatingMethodAccessorImpl.java:43)
	at java.base/java.lang.reflect.Method.invoke(Method.java:566)
	at org.testng.internal.MethodInvocationHelper.invokeMethod(MethodInvocationHelper.java:134)
	at org.testng.internal.TestInvoker.invokeMethod(TestInvoker.java:597)
	at org.testng.internal.TestInvoker.invokeTestMethod(TestInvoker.java:173)
	at org.testng.internal.MethodRunner.runInSequence(MethodRunner.java:46)
	at org.testng.internal.TestInvoker$MethodInvocationAgent.invoke(TestInvoker.java:816)
	at org.testng.internal.TestInvoker.invokeTestMethods(TestInvoker.java:146)
	at org.testng.internal.TestMethodWorker.invokeTestMethods(TestMethodWorker.java:146)
	at org.testng.internal.TestMethodWorker.run(TestMethodWorker.java:128)
	at java.base/java.util.ArrayList.forEach(ArrayList.java:1540)
	at org.testng.TestRunner.privateRun(TestRunner.java:766)
	at org.testng.TestRunner.run(TestRunner.java:587)
	at org.testng.SuiteRunner.runTest(SuiteRunner.java:384)
	at org.testng.SuiteRunner.runSequentially(SuiteRunner.java:378)
	at org.testng.SuiteRunner.privateRun(SuiteRunner.java:337)
	at org.testng.SuiteRunner.run(SuiteRunner.java:286)
	at org.testng.SuiteRunnerWorker.runSuite(SuiteRunnerWorker.java:53)
	at org.testng.SuiteRunnerWorker.run(SuiteRunnerWorker.java:96)
	at org.testng.TestNG.runSuitesSequentially(TestNG.java:1187)
	at org.testng.TestNG.runSuitesLocally(TestNG.java:1109)
	at org.testng.TestNG.runSuites(TestNG.java:1039)
	at org.testng.TestNG.run(TestNG.java:1007)
	at org.testng.remote.AbstractRemoteTestNG.run(AbstractRemoteTestNG.java:115)
	at org.testng.remote.RemoteTestNG.initAndRun(RemoteTestNG.java:251)
	at org.testng.remote.RemoteTestNG.main(RemoteTestNG.java:77)
</pre></div></td>
<td>197</td>
<td>tests.VerifycountrynamechangeautoinregistrationnumberappearingoncoverpageFA6962_DefaultProfile@4c5474f5</td></tr>
<tr>
<td title='tests.VerifyregistrationnumberappearingoncoverpageFA6961_DefaultProfile.GoToUrlAssertUrlPositiveEnterUsernamePositiveEnterPasswordClickLoginButtonPositiveEnterctl00cP()'><b>GoToUrlAssertUrlPositiveEnterUsernamePositiveEnterPasswordClickLoginButtonPositiveEnterctl00cP</b><br>Test class: tests.VerifyregistrationnumberappearingoncoverpageFA6961_DefaultProfile</td>
<td><div><pre>java.lang.AssertionError: Unable to locate object: By.xpath: //*[@id=&quot;ctl00_divSubContent&quot;]/div[3]/div/div/table/tbody/tr[2]/td[1]
	at pages.Verify_registration_number_appearing_on_cover_pageFA6961.Click__Nakul_(Verify_registration_number_appearing_on_cover_pageFA6961.java:307)
	at tests.VerifyregistrationnumberappearingoncoverpageFA6961_DefaultProfile.GoToUrlAssertUrlPositiveEnterUsernamePositiveEnterPasswordClickLoginButtonPositiveEnterctl00cP(VerifyregistrationnumberappearingoncoverpageFA6961_DefaultProfile.java:65)
	at java.base/java.util.ArrayList.forEach(ArrayList.java:1540)
... Removed 28 stack frames</pre></div><a href='#' onClick='toggleBox("stack-trace1434092798", this, "Click to show all stack frames", "Click to hide stack frames")'>Click to show all stack frames</a>
<div class='stack-trace' id='stack-trace1434092798'><pre>java.lang.AssertionError: Unable to locate object: By.xpath: //*[@id=&quot;ctl00_divSubContent&quot;]/div[3]/div/div/table/tbody/tr[2]/td[1]
	at org.testng.Assert.fail(Assert.java:97)
	at pages.Verify_registration_number_appearing_on_cover_pageFA6961.Click__Nakul_(Verify_registration_number_appearing_on_cover_pageFA6961.java:307)
	at tests.VerifyregistrationnumberappearingoncoverpageFA6961_DefaultProfile.GoToUrlAssertUrlPositiveEnterUsernamePositiveEnterPasswordClickLoginButtonPositiveEnterctl00cP(VerifyregistrationnumberappearingoncoverpageFA6961_DefaultProfile.java:65)
	at java.base/jdk.internal.reflect.NativeMethodAccessorImpl.invoke0(Native Method)
	at java.base/jdk.internal.reflect.NativeMethodAccessorImpl.invoke(NativeMethodAccessorImpl.java:62)
	at java.base/jdk.internal.reflect.DelegatingMethodAccessorImpl.invoke(DelegatingMethodAccessorImpl.java:43)
	at java.base/java.lang.reflect.Method.invoke(Method.java:566)
	at org.testng.internal.MethodInvocationHelper.invokeMethod(MethodInvocationHelper.java:134)
	at org.testng.internal.TestInvoker.invokeMethod(TestInvoker.java:597)
	at org.testng.internal.TestInvoker.invokeTestMethod(TestInvoker.java:173)
	at org.testng.internal.MethodRunner.runInSequence(MethodRunner.java:46)
	at org.testng.internal.TestInvoker$MethodInvocationAgent.invoke(TestInvoker.java:816)
	at org.testng.internal.TestInvoker.invokeTestMethods(TestInvoker.java:146)
	at org.testng.internal.TestMethodWorker.invokeTestMethods(TestMethodWorker.java:146)
	at org.testng.internal.TestMethodWorker.run(TestMethodWorker.java:128)
	at java.base/java.util.ArrayList.forEach(ArrayList.java:1540)
	at org.testng.TestRunner.privateRun(TestRunner.java:766)
	at org.testng.TestRunner.run(TestRunner.java:587)
	at org.testng.SuiteRunner.runTest(SuiteRunner.java:384)
	at org.testng.SuiteRunner.runSequentially(SuiteRunner.java:378)
	at org.testng.SuiteRunner.privateRun(SuiteRunner.java:337)
	at org.testng.SuiteRunner.run(SuiteRunner.java:286)
	at org.testng.SuiteRunnerWorker.runSuite(SuiteRunnerWorker.java:53)
	at org.testng.SuiteRunnerWorker.run(SuiteRunnerWorker.java:96)
	at org.testng.TestNG.runSuitesSequentially(TestNG.java:1187)
	at org.testng.TestNG.runSuitesLocally(TestNG.java:1109)
	at org.testng.TestNG.runSuites(TestNG.java:1039)
	at org.testng.TestNG.run(TestNG.java:1007)
	at org.testng.remote.AbstractRemoteTestNG.run(AbstractRemoteTestNG.java:115)
	at org.testng.remote.RemoteTestNG.initAndRun(RemoteTestNG.java:251)
	at org.testng.remote.RemoteTestNG.main(RemoteTestNG.java:77)
</pre></div></td>
<td>56</td>
<td>tests.VerifyregistrationnumberappearingoncoverpageFA6961_DefaultProfile@40dff0b7</td></tr>
<tr>
<td title='tests.VerifyreporttitlenameoncoverpageFA6963_DefaultProfile.GoToUrlAssertUrlPositiveEnterUsernamePositiveEnterPasswordClickLoginButtonPositiveEnterctl00cP()'><b>GoToUrlAssertUrlPositiveEnterUsernamePositiveEnterPasswordClickLoginButtonPositiveEnterctl00cP</b><br>Test class: tests.VerifyreporttitlenameoncoverpageFA6963_DefaultProfile</td>
<td><div><pre>java.lang.AssertionError: expected [ABC LTD
Unaudited Financial Statements] but found [ABC LTD
Unaudited financial statements and annual report]
	at pages.Verify_report_titlename_on_cover_pageFA6963.Click_Full_Accounts(Verify_report_titlename_on_cover_pageFA6963.java:1369)
	at tests.VerifyreporttitlenameoncoverpageFA6963_DefaultProfile.GoToUrlAssertUrlPositiveEnterUsernamePositiveEnterPasswordClickLoginButtonPositiveEnterctl00cP(VerifyreporttitlenameoncoverpageFA6963_DefaultProfile.java:196)
	at java.base/java.util.ArrayList.forEach(ArrayList.java:1540)
... Removed 32 stack frames</pre></div><a href='#' onClick='toggleBox("stack-trace1994984869", this, "Click to show all stack frames", "Click to hide stack frames")'>Click to show all stack frames</a>
<div class='stack-trace' id='stack-trace1994984869'><pre>java.lang.AssertionError: expected [ABC LTD
Unaudited Financial Statements] but found [ABC LTD
Unaudited financial statements and annual report]
	at org.testng.Assert.fail(Assert.java:97)
	at org.testng.Assert.assertEqualsImpl(Assert.java:136)
	at org.testng.Assert.assertEquals(Assert.java:118)
	at org.testng.Assert.assertEquals(Assert.java:575)
	at org.testng.Assert.assertEquals(Assert.java:585)
	at pages.Verify_report_titlename_on_cover_pageFA6963.Click_Full_Accounts(Verify_report_titlename_on_cover_pageFA6963.java:1369)
	at tests.VerifyreporttitlenameoncoverpageFA6963_DefaultProfile.GoToUrlAssertUrlPositiveEnterUsernamePositiveEnterPasswordClickLoginButtonPositiveEnterctl00cP(VerifyreporttitlenameoncoverpageFA6963_DefaultProfile.java:196)
	at java.base/jdk.internal.reflect.NativeMethodAccessorImpl.invoke0(Native Method)
	at java.base/jdk.internal.reflect.NativeMethodAccessorImpl.invoke(NativeMethodAccessorImpl.java:62)
	at java.base/jdk.internal.reflect.DelegatingMethodAccessorImpl.invoke(DelegatingMethodAccessorImpl.java:43)
	at java.base/java.lang.reflect.Method.invoke(Method.java:566)
	at org.testng.internal.MethodInvocationHelper.invokeMethod(MethodInvocationHelper.java:134)
	at org.testng.internal.TestInvoker.invokeMethod(TestInvoker.java:597)
	at org.testng.internal.TestInvoker.invokeTestMethod(TestInvoker.java:173)
	at org.testng.internal.MethodRunner.runInSequence(MethodRunner.java:46)
	at org.testng.internal.TestInvoker$MethodInvocationAgent.invoke(TestInvoker.java:816)
	at org.testng.internal.TestInvoker.invokeTestMethods(TestInvoker.java:146)
	at org.testng.internal.TestMethodWorker.invokeTestMethods(TestMethodWorker.java:146)
	at org.testng.internal.TestMethodWorker.run(TestMethodWorker.java:128)
	at java.base/java.util.ArrayList.forEach(ArrayList.java:1540)
	at org.testng.TestRunner.privateRun(TestRunner.java:766)
	at org.testng.TestRunner.run(TestRunner.java:587)
	at org.testng.SuiteRunner.runTest(SuiteRunner.java:384)
	at org.testng.SuiteRunner.runSequentially(SuiteRunner.java:378)
	at org.testng.SuiteRunner.privateRun(SuiteRunner.java:337)
	at org.testng.SuiteRunner.run(SuiteRunner.java:286)
	at org.testng.SuiteRunnerWorker.runSuite(SuiteRunnerWorker.java:53)
	at org.testng.SuiteRunnerWorker.run(SuiteRunnerWorker.java:96)
	at org.testng.TestNG.runSuitesSequentially(TestNG.java:1187)
	at org.testng.TestNG.runSuitesLocally(TestNG.java:1109)
	at org.testng.TestNG.runSuites(TestNG.java:1039)
	at org.testng.TestNG.run(TestNG.java:1007)
	at org.testng.remote.AbstractRemoteTestNG.run(AbstractRemoteTestNG.java:115)
	at org.testng.remote.RemoteTestNG.initAndRun(RemoteTestNG.java:251)
	at org.testng.remote.RemoteTestNG.main(RemoteTestNG.java:77)
</pre></div></td>
<td>187</td>
<td>tests.VerifyreporttitlenameoncoverpageFA6963_DefaultProfile@56aaaecd</td></tr>
</table><p>
</body>
</html>