<?xml version="1.0" encoding="UTF-8"?>
<!-- Generated by org.testng.reporters.JUnitXMLReporter -->
<testsuite ignored="0" hostname="DESKTOP-A2R1E8A" failures="1" tests="1" name="Verifyledgercode3001areincludedundersharepremiumappearingonstatementFA69659_DefaultProfile" time="66.58" errors="0" timestamp="2021-08-11T03:23:20 IST">
  <testcase classname="tests.Verifyledgercode3001areincludedundersharepremiumappearingonstatementFA69659_DefaultProfile" name="GoToUrlAssertUrlPositiveEnterUsernameEnterPaswordClickLoginButtonPositiveEnterAgentNameClickS" time="63.999">
    <failure type="java.lang.AssertionError" message="Unable to locate object: By.xpath: //LI[@id=&amp;apos;ctl00_ctl00_ParentContent_SideMenu1_businessMenu&amp;apos;]/A">
      <![CDATA[java.lang.AssertionError: Unable to locate object: By.xpath: //LI[@id='ctl00_ctl00_ParentContent_SideMenu1_businessMenu']/A
at pages.Verify_ledger_code_3001_are_included_under_share_premium_appearing_on_statementFA69659.Click__Clients_(Verify_ledger_code_3001_are_included_under_share_premium_appearing_on_statementFA69659.java:318)
at tests.Verifyledgercode3001areincludedundersharepremiumappearingonstatementFA69659_DefaultProfile.GoToUrlAssertUrlPositiveEnterUsernameEnterPaswordClickLoginButtonPositiveEnterAgentNameClickS(Verifyledgercode3001areincludedundersharepremiumappearingonstatementFA69659_DefaultProfile.java:69)
at java.base/java.util.ArrayList.forEach(ArrayList.java:1540)
... Removed 28 stack frames]]>
    </failure>
  </testcase> <!-- GoToUrlAssertUrlPositiveEnterUsernameEnterPaswordClickLoginButtonPositiveEnterAgentNameClickS -->
</testsuite> <!-- Verifyledgercode3001areincludedundersharepremiumappearingonstatementFA69659_DefaultProfile -->
