<?xml version="1.0" encoding="UTF-8"?>
<!-- Generated by org.testng.reporters.JUnitXMLReporter -->
<testsuite ignored="0" hostname="DESKTOP-A2R1E8A" failures="1" tests="1" name="Verifydefaultstatusofgeneralinformationonstatementoffinancialpositionpage28_DefaultProfile" time="65.798" errors="0" timestamp="2021-08-11T16:45:56 IST">
  <testcase classname="tests.Verifydefaultstatusofgeneralinformationonstatementoffinancialpositionpage28_DefaultProfile" name="GoToUrlAssertUrlPositiveEnterUsernamePositiveEnterPasswordClickLoginButtonPositiveEnterctl00cP" time="63.526">
    <failure type="java.lang.AssertionError" message="Unable to locate object: By.xpath: //*[@id=&amp;quot;ctl00_divSubContent&amp;quot;]/div[3]/div/div/table/tbody/tr[2]/td[1]">
      <![CDATA[java.lang.AssertionError: Unable to locate object: By.xpath: //*[@id="ctl00_divSubContent"]/div[3]/div/div/table/tbody/tr[2]/td[1]
at pages.Verify_default_status_of_general_information_on_statement_of_financial_position_page28.Click__Nakul_(Verify_default_status_of_general_information_on_statement_of_financial_position_page28.java:274)
at tests.Verifydefaultstatusofgeneralinformationonstatementoffinancialpositionpage28_DefaultProfile.GoToUrlAssertUrlPositiveEnterUsernamePositiveEnterPasswordClickLoginButtonPositiveEnterctl00cP(Verifydefaultstatusofgeneralinformationonstatementoffinancialpositionpage28_DefaultProfile.java:65)
at java.base/java.util.ArrayList.forEach(ArrayList.java:1540)
... Removed 28 stack frames]]>
    </failure>
  </testcase> <!-- GoToUrlAssertUrlPositiveEnterUsernamePositiveEnterPasswordClickLoginButtonPositiveEnterctl00cP -->
</testsuite> <!-- Verifydefaultstatusofgeneralinformationonstatementoffinancialpositionpage28_DefaultProfile -->
