<?xml version="1.0" encoding="UTF-8"?>
<!-- Generated by org.testng.reporters.JUnitXMLReporter -->
<testsuite ignored="0" hostname="DESKTOP-A2R1E8A" failures="1" tests="1" name="VerifyifuserremovenotesinNotestotheAccountsandbringitdownitintoonepageFA69413_DefaultProfile" time="16.371" errors="0" timestamp="2021-08-11T11:07:37 IST">
  <testcase classname="tests.VerifyifuserremovenotesinNotestotheAccountsandbringitdownitintoonepageFA69413_DefaultProfile" name="GoToUrlAssertUrlPositiveEnterUsernamePositiveEnterPasswordClickLoginButtonPositiveEnterAgentNa" time="13.882">
    <failure type="java.lang.AssertionError" message="Unable to locate object: By.xpath: //label[contains(.,&amp;apos;Name:&amp;apos;)]/../input">
      <![CDATA[java.lang.AssertionError: Unable to locate object: By.xpath: //label[contains(.,'Name:')]/../input
at pages.Verify_if_user_remove_notes_in_Notes_to_the_Accounts_and_bring_it_down_it_into_one_pageFA69413.Enter_AgentName(Verify_if_user_remove_notes_in_Notes_to_the_Accounts_and_bring_it_down_it_into_one_pageFA69413.java:186)
at tests.VerifyifuserremovenotesinNotestotheAccountsandbringitdownitintoonepageFA69413_DefaultProfile.GoToUrlAssertUrlPositiveEnterUsernamePositiveEnterPasswordClickLoginButtonPositiveEnterAgentNa(VerifyifuserremovenotesinNotestotheAccountsandbringitdownitintoonepageFA69413_DefaultProfile.java:58)
at java.base/java.util.ArrayList.forEach(ArrayList.java:1540)
... Removed 28 stack frames]]>
    </failure>
  </testcase> <!-- GoToUrlAssertUrlPositiveEnterUsernamePositiveEnterPasswordClickLoginButtonPositiveEnterAgentNa -->
</testsuite> <!-- VerifyifuserremovenotesinNotestotheAccountsandbringitdownitintoonepageFA69413_DefaultProfile -->
