<?xml version="1.0" encoding="UTF-8"?>
<!-- Generated by org.testng.reporters.JUnitXMLReporter -->
<testsuite ignored="0" hostname="DESKTOP-A2R1E8A" failures="1" tests="1" name="VerifyRDexpenditureNCTA046inProfitlossAdjustmentsisnoteditableFA7154_DefaultProfile" time="32.281" errors="0" timestamp="2021-08-11T17:05:40 IST">
  <testcase classname="tests.VerifyRDexpenditureNCTA046inProfitlossAdjustmentsisnoteditableFA7154_DefaultProfile" name="GoToUrlAssertUrlPositiveEnterUsernamePositiveEnterPasswordClickLoginButtonPositiveEnterAgentNa" time="30.218">
    <failure type="java.lang.AssertionError" message="Unable to locate object: By.xpath: //label[contains(.,&amp;apos;Name:&amp;apos;)]/../input">
      <![CDATA[java.lang.AssertionError: Unable to locate object: By.xpath: //label[contains(.,'Name:')]/../input
at pages.Verify_RD_expenditure_NCTA046_in_Profitloss_Adjustments_is_not_editableFA7154.Enter_AgentName(Verify_RD_expenditure_NCTA046_in_Profitloss_Adjustments_is_not_editableFA7154.java:187)
at tests.VerifyRDexpenditureNCTA046inProfitlossAdjustmentsisnoteditableFA7154_DefaultProfile.GoToUrlAssertUrlPositiveEnterUsernamePositiveEnterPasswordClickLoginButtonPositiveEnterAgentNa(VerifyRDexpenditureNCTA046inProfitlossAdjustmentsisnoteditableFA7154_DefaultProfile.java:58)
at java.base/java.util.ArrayList.forEach(ArrayList.java:1540)
... Removed 28 stack frames]]>
    </failure>
  </testcase> <!-- GoToUrlAssertUrlPositiveEnterUsernamePositiveEnterPasswordClickLoginButtonPositiveEnterAgentNa -->
</testsuite> <!-- VerifyRDexpenditureNCTA046inProfitlossAdjustmentsisnoteditableFA7154_DefaultProfile -->
