<?xml version="1.0" encoding="UTF-8"?>
<!-- Generated by org.testng.reporters.JUnitXMLReporter -->
<testsuite ignored="0" hostname="DESKTOP-A2R1E8A" failures="1" tests="1" name="Verifydefaultstatusofgeneralinformationonstatementoffinancialpositionpage29_699_DefaultProfile" time="82.054" errors="0" timestamp="2021-08-11T16:47:18 IST">
  <testcase classname="tests.Verifydefaultstatusofgeneralinformationonstatementoffinancialpositionpage29_699_DefaultProfile" name="GoToUrlAssertUrlPositiveEnterUsernamePositiveEnterPasswordClickLoginButtonPositiveEnterctl00cP" time="79.816">
    <failure type="java.lang.AssertionError" message="Unable to locate object: By.xpath: //A[contains(text(),&amp;apos;Note Templates Settings&amp;apos;)]">
      <![CDATA[java.lang.AssertionError: Unable to locate object: By.xpath: //A[contains(text(),'Note Templates Settings')]
at pages.Verify_default_status_of_general_information_on_statement_of_financial_position_page29_699.Click_Note_Templates_Settings(Verify_default_status_of_general_information_on_statement_of_financial_position_page29_699.java:512)
at tests.Verifydefaultstatusofgeneralinformationonstatementoffinancialpositionpage29_699_DefaultProfile.GoToUrlAssertUrlPositiveEnterUsernamePositiveEnterPasswordClickLoginButtonPositiveEnterctl00cP(Verifydefaultstatusofgeneralinformationonstatementoffinancialpositionpage29_699_DefaultProfile.java:98)
at java.base/java.util.ArrayList.forEach(ArrayList.java:1540)
... Removed 28 stack frames]]>
    </failure>
  </testcase> <!-- GoToUrlAssertUrlPositiveEnterUsernamePositiveEnterPasswordClickLoginButtonPositiveEnterctl00cP -->
</testsuite> <!-- Verifydefaultstatusofgeneralinformationonstatementoffinancialpositionpage29_699_DefaultProfile -->
