<?xml version="1.0" encoding="UTF-8"?>
<!-- Generated by org.testng.reporters.JUnitXMLReporter -->
<testsuite ignored="0" hostname="DESKTOP-A2R1E8A" failures="1" tests="1" name="VerifyusercanaddremoveCharitableDonationaspertheirwishFA69433_DefaultProfile" time="35.447" errors="0" timestamp="2021-08-11T00:05:27 IST">
  <testcase classname="tests.VerifyusercanaddremoveCharitableDonationaspertheirwishFA69433_DefaultProfile" name="GoToUrlAssertUrlPositiveEnterUsernamePositiveEnterPasswordClickLoginButtonPositiveEnterAgentNa" time="33.332">
    <failure type="java.lang.AssertionError" message="Unable to locate object: By.xpath: //label[contains(.,&amp;apos;Name:&amp;apos;)]/../input">
      <![CDATA[java.lang.AssertionError: Unable to locate object: By.xpath: //label[contains(.,'Name:')]/../input
at pages.Verify_user_can_add_remove_Charitable_Donation_as_per_their_wishFA69433.Enter_AgentName(Verify_user_can_add_remove_Charitable_Donation_as_per_their_wishFA69433.java:196)
at tests.VerifyusercanaddremoveCharitableDonationaspertheirwishFA69433_DefaultProfile.GoToUrlAssertUrlPositiveEnterUsernamePositiveEnterPasswordClickLoginButtonPositiveEnterAgentNa(VerifyusercanaddremoveCharitableDonationaspertheirwishFA69433_DefaultProfile.java:59)
at java.base/java.util.ArrayList.forEach(ArrayList.java:1540)
... Removed 28 stack frames]]>
    </failure>
  </testcase> <!-- GoToUrlAssertUrlPositiveEnterUsernamePositiveEnterPasswordClickLoginButtonPositiveEnterAgentNa -->
</testsuite> <!-- VerifyusercanaddremoveCharitableDonationaspertheirwishFA69433_DefaultProfile -->
