<?xml version="1.0" encoding="UTF-8"?>
<!-- Generated by org.testng.reporters.JUnitXMLReporter -->
<testsuite ignored="0" hostname="DESKTOP-A2R1E8A" failures="1" tests="1" name="VerifyifuserinsertnotesinNotestotheAccountsandbreakitintotwopagesFA69412_DefaultProfile" time="35.237" errors="0" timestamp="2021-08-11T11:07:21 IST">
  <testcase classname="tests.VerifyifuserinsertnotesinNotestotheAccountsandbreakitintotwopagesFA69412_DefaultProfile" name="GoToUrlAssertUrlPositiveEnterUsernamePositiveEnterPasswordClickLoginButtonPositiveEnterAgentNa" time="30.554">
    <failure type="java.lang.AssertionError" message="Unable to locate object: By.xpath: //label[contains(.,&amp;apos;Name:&amp;apos;)]/../input">
      <![CDATA[java.lang.AssertionError: Unable to locate object: By.xpath: //label[contains(.,'Name:')]/../input
at pages.Verify_if_user_insert_notes_in_Notes_to_the_Accounts_and_break_it_into_two_pagesFA69412.Enter_AgentName(Verify_if_user_insert_notes_in_Notes_to_the_Accounts_and_break_it_into_two_pagesFA69412.java:186)
at tests.VerifyifuserinsertnotesinNotestotheAccountsandbreakitintotwopagesFA69412_DefaultProfile.GoToUrlAssertUrlPositiveEnterUsernamePositiveEnterPasswordClickLoginButtonPositiveEnterAgentNa(VerifyifuserinsertnotesinNotestotheAccountsandbreakitintotwopagesFA69412_DefaultProfile.java:58)
at java.base/java.util.ArrayList.forEach(ArrayList.java:1540)
... Removed 28 stack frames]]>
    </failure>
  </testcase> <!-- GoToUrlAssertUrlPositiveEnterUsernamePositiveEnterPasswordClickLoginButtonPositiveEnterAgentNa -->
</testsuite> <!-- VerifyifuserinsertnotesinNotestotheAccountsandbreakitintotwopagesFA69412_DefaultProfile -->
