<?xml version="1.0" encoding="UTF-8"?>
<!-- Generated by org.testng.reporters.JUnitXMLReporter -->
<testsuite ignored="0" hostname="DESKTOP-A2R1E8A" failures="1" tests="1" name="VerifythereportisacharteredaccountantonechangecontenttoAccountantsreportFA69448_DefaultProfile" time="17.638" errors="0" timestamp="2021-08-11T11:55:56 IST">
  <testcase classname="tests.VerifythereportisacharteredaccountantonechangecontenttoAccountantsreportFA69448_DefaultProfile" name="GoToUrlAssertUrlPositiveEnterUsernamePositiveEnterPasswordClickLoginButtonPositiveEnterAgentNa" time="15.371">
    <failure type="java.lang.AssertionError" message="Unable to locate object: By.xpath: //label[contains(.,&amp;apos;Name:&amp;apos;)]/../input">
      <![CDATA[java.lang.AssertionError: Unable to locate object: By.xpath: //label[contains(.,'Name:')]/../input
at pages.Verify_the_report_is_a_chartered_accountant_one_change_content_to_Accountants_reportFA69448.Enter_AgentName(Verify_the_report_is_a_chartered_accountant_one_change_content_to_Accountants_reportFA69448.java:198)
at tests.VerifythereportisacharteredaccountantonechangecontenttoAccountantsreportFA69448_DefaultProfile.GoToUrlAssertUrlPositiveEnterUsernamePositiveEnterPasswordClickLoginButtonPositiveEnterAgentNa(VerifythereportisacharteredaccountantonechangecontenttoAccountantsreportFA69448_DefaultProfile.java:58)
at java.base/java.util.ArrayList.forEach(ArrayList.java:1540)
... Removed 28 stack frames]]>
    </failure>
  </testcase> <!-- GoToUrlAssertUrlPositiveEnterUsernamePositiveEnterPasswordClickLoginButtonPositiveEnterAgentNa -->
</testsuite> <!-- VerifythereportisacharteredaccountantonechangecontenttoAccountantsreportFA69448_DefaultProfile -->
