<?xml version="1.0" encoding="UTF-8"?>
<!-- Generated by org.testng.reporters.JUnitXMLReporter -->
<testsuite ignored="0" hostname="DESKTOP-A2R1E8A" failures="1" tests="1" name="Verifydefaultstatusofaveragenumberofemployeeson35699_DefaultProfile" time="72.089" errors="0" timestamp="2021-08-11T16:54:46 IST">
  <testcase classname="tests.Verifydefaultstatusofaveragenumberofemployeeson35699_DefaultProfile" name="GoToUrlAssertUrlPositiveEnterUsernamePositiveEnterPasswordClickLoginButtonPositiveEnterctl00cP" time="69.607">
    <failure type="java.lang.AssertionError" message="Unable to locate object: By.xpath: //A[contains(text(),&amp;apos;Note Templates Settings&amp;apos;)]">
      <![CDATA[java.lang.AssertionError: Unable to locate object: By.xpath: //A[contains(text(),'Note Templates Settings')]
at pages.Verify_default_status_of_average_number_of_employees_on35699.Click_Note_Templates_Settings(Verify_default_status_of_average_number_of_employees_on35699.java:484)
at tests.Verifydefaultstatusofaveragenumberofemployeeson35699_DefaultProfile.GoToUrlAssertUrlPositiveEnterUsernamePositiveEnterPasswordClickLoginButtonPositiveEnterctl00cP(Verifydefaultstatusofaveragenumberofemployeeson35699_DefaultProfile.java:98)
at java.base/java.util.ArrayList.forEach(ArrayList.java:1540)
... Removed 28 stack frames]]>
    </failure>
  </testcase> <!-- GoToUrlAssertUrlPositiveEnterUsernamePositiveEnterPasswordClickLoginButtonPositiveEnterctl00cP -->
</testsuite> <!-- Verifydefaultstatusofaveragenumberofemployeeson35699_DefaultProfile -->
