<?xml version="1.0" encoding="UTF-8"?>
<!-- Generated by org.testng.reporters.JUnitXMLReporter -->
<testsuite ignored="0" hostname="DESKTOP-A2R1E8A" failures="1" tests="1" name="VerifyEditbuttonmustnotbeworkingforAboutthisreturnincasereturnislockedFA7157_DefaultProfile" time="17.189" errors="0" timestamp="2021-08-11T17:06:29 IST">
  <testcase classname="tests.VerifyEditbuttonmustnotbeworkingforAboutthisreturnincasereturnislockedFA7157_DefaultProfile" name="GoToUrlAssertUrlPositiveEnterUsernamePositiveEnterPasswordClickLoginButtonPositiveEnterAgentNa" time="14.199">
    <failure type="java.lang.AssertionError" message="Unable to locate object: By.xpath: //label[contains(.,&amp;apos;Name:&amp;apos;)]/../input">
      <![CDATA[java.lang.AssertionError: Unable to locate object: By.xpath: //label[contains(.,'Name:')]/../input
at pages.Verify_Edit_button_must_not_be_working_for_About_this_return_in_case_return_is_lockedFA7157.Enter_AgentName(Verify_Edit_button_must_not_be_working_for_About_this_return_in_case_return_is_lockedFA7157.java:180)
at tests.VerifyEditbuttonmustnotbeworkingforAboutthisreturnincasereturnislockedFA7157_DefaultProfile.GoToUrlAssertUrlPositiveEnterUsernamePositiveEnterPasswordClickLoginButtonPositiveEnterAgentNa(VerifyEditbuttonmustnotbeworkingforAboutthisreturnincasereturnislockedFA7157_DefaultProfile.java:57)
at java.base/java.util.ArrayList.forEach(ArrayList.java:1540)
... Removed 28 stack frames]]>
    </failure>
  </testcase> <!-- GoToUrlAssertUrlPositiveEnterUsernamePositiveEnterPasswordClickLoginButtonPositiveEnterAgentNa -->
</testsuite> <!-- VerifyEditbuttonmustnotbeworkingforAboutthisreturnincasereturnislockedFA7157_DefaultProfile -->
