<?xml version="1.0" encoding="UTF-8"?>
<testng-results ignored="0" total="1" passed="0" failed="1" skipped="0">
  <reporter-output>
  </reporter-output>
  <suite started-at="2022-03-15T12:06:46 IST" name="Default suite" finished-at="2022-03-15T12:08:11 IST" duration-ms="84465">
    <groups>
      <group name="LeaverSubscript - Default Profile">
        <method signature="TC01LedgerCode_7511CharitableDonations.LedgerCode_CTAdjstment_ProfitLoss_CharitableDonations_Debit()[pri:1, instance:NewLedgerCodeCTPftLos.TC01LedgerCode_7511CharitableDonations@7582ff54]" name="LedgerCode_CTAdjstment_ProfitLoss_CharitableDonations_Debit" class="NewLedgerCodeCTPftLos.TC01LedgerCode_7511CharitableDonations"/>
      </group> <!-- LeaverSubscript - Default Profile -->
      <group name="LeaverSubscript">
        <method signature="TC01LedgerCode_7511CharitableDonations.LedgerCode_CTAdjstment_ProfitLoss_CharitableDonations_Debit()[pri:1, instance:NewLedgerCodeCTPftLos.TC01LedgerCode_7511CharitableDonations@7582ff54]" name="LedgerCode_CTAdjstment_ProfitLoss_CharitableDonations_Debit" class="NewLedgerCodeCTPftLos.TC01LedgerCode_7511CharitableDonations"/>
      </group> <!-- LeaverSubscript -->
    </groups>
    <test started-at="2022-03-15T12:06:46 IST" name="Default test" finished-at="2022-03-15T12:08:11 IST" duration-ms="84465">
      <class name="NewLedgerCodeCTPftLos.TC01LedgerCode_7511CharitableDonations">
        <test-method is-config="true" signature="allocateData(org.testng.ITestContext)[pri:0, instance:NewLedgerCodeCTPftLos.TC01LedgerCode_7511CharitableDonations@7582ff54]" started-at="2022-03-15T12:06:46 IST" name="allocateData" finished-at="2022-03-15T12:06:46 IST" duration-ms="8" status="PASS">
          <params>
            <param index="0">
              <value>
                <![CDATA[org.testng.TestRunner@534180a2]]>
              </value>
            </param>
          </params>
          <reporter-output>
          </reporter-output>
        </test-method> <!-- allocateData -->
        <test-method is-config="true" signature="setupReporter()[pri:0, instance:NewLedgerCodeCTPftLos.TC01LedgerCode_7511CharitableDonations@7582ff54]" started-at="2022-03-15T12:06:46 IST" name="setupReporter" finished-at="2022-03-15T12:06:46 IST" duration-ms="64" status="PASS">
          <reporter-output>
          </reporter-output>
        </test-method> <!-- setupReporter -->
        <test-method is-config="true" signature="initDriver(java.lang.reflect.Method)[pri:0, instance:NewLedgerCodeCTPftLos.TC01LedgerCode_7511CharitableDonations@7582ff54]" started-at="2022-03-15T12:06:46 IST" name="initDriver" finished-at="2022-03-15T12:06:48 IST" duration-ms="1812" status="PASS">
          <params>
            <param index="0">
              <value>
                <![CDATA[public void NewLedgerCodeCTPftLos.TC01LedgerCode_7511CharitableDonations.LedgerCode_CTAdjstment_ProfitLoss_CharitableDonations_Debit() throws java.lang.Exception]]>
              </value>
            </param>
          </params>
          <reporter-output>
          </reporter-output>
        </test-method> <!-- initDriver -->
        <test-method signature="LedgerCode_CTAdjstment_ProfitLoss_CharitableDonations_Debit()[pri:1, instance:NewLedgerCodeCTPftLos.TC01LedgerCode_7511CharitableDonations@7582ff54]" started-at="2022-03-15T12:06:48 IST" name="LedgerCode_CTAdjstment_ProfitLoss_CharitableDonations_Debit" finished-at="2022-03-15T12:08:10 IST" duration-ms="81832" status="FAIL">
          <exception class="java.lang.AssertionError">
            <message>
              <![CDATA[Ledger Balance did not match in FA CT_Adjustment expected [1,600.00] but found [1600.00]]]>
            </message>
            <full-stacktrace>
              <![CDATA[java.lang.AssertionError: Ledger Balance did not match in FA CT_Adjustment expected [1,600.00] but found [1600.00]
at org.testng.Assert.fail(Assert.java:110)
at org.testng.Assert.failNotEquals(Assert.java:1413)
at org.testng.Assert.assertEqualsImpl(Assert.java:149)
at org.testng.Assert.assertEquals(Assert.java:131)
at org.testng.Assert.assertEquals(Assert.java:655)
at page.factories.CT_Adjustment_ProfitLossTab.VerifyLedgerValue(CT_Adjustment_ProfitLossTab.java:184)
at NewLedgerCodeCTPftLos.TC01LedgerCode_7511CharitableDonations.LedgerCode_CTAdjstment_ProfitLoss_CharitableDonations_Debit(TC01LedgerCode_7511CharitableDonations.java:155)
at java.base/jdk.internal.reflect.NativeMethodAccessorImpl.invoke0(Native Method)
at java.base/jdk.internal.reflect.NativeMethodAccessorImpl.invoke(NativeMethodAccessorImpl.java:62)
at java.base/jdk.internal.reflect.DelegatingMethodAccessorImpl.invoke(DelegatingMethodAccessorImpl.java:43)
at java.base/java.lang.reflect.Method.invoke(Method.java:567)
at org.testng.internal.invokers.MethodInvocationHelper.invokeMethod(MethodInvocationHelper.java:135)
at org.testng.internal.invokers.TestInvoker.invokeMethod(TestInvoker.java:673)
at org.testng.internal.invokers.TestInvoker.invokeTestMethod(TestInvoker.java:220)
at org.testng.internal.invokers.MethodRunner.runInSequence(MethodRunner.java:50)
at org.testng.internal.invokers.TestInvoker$MethodInvocationAgent.invoke(TestInvoker.java:945)
at org.testng.internal.invokers.TestInvoker.invokeTestMethods(TestInvoker.java:193)
at org.testng.internal.invokers.TestMethodWorker.invokeTestMethods(TestMethodWorker.java:146)
at org.testng.internal.invokers.TestMethodWorker.run(TestMethodWorker.java:128)
at java.base/java.util.ArrayList.forEach(ArrayList.java:1540)
at org.testng.TestRunner.privateRun(TestRunner.java:808)
at org.testng.TestRunner.run(TestRunner.java:603)
at org.testng.SuiteRunner.runTest(SuiteRunner.java:429)
at org.testng.SuiteRunner.runSequentially(SuiteRunner.java:423)
at org.testng.SuiteRunner.privateRun(SuiteRunner.java:383)
at org.testng.SuiteRunner.run(SuiteRunner.java:326)
at org.testng.SuiteRunnerWorker.runSuite(SuiteRunnerWorker.java:52)
at org.testng.SuiteRunnerWorker.run(SuiteRunnerWorker.java:95)
at org.testng.TestNG.runSuitesSequentially(TestNG.java:1249)
at org.testng.TestNG.runSuitesLocally(TestNG.java:1169)
at org.testng.TestNG.runSuites(TestNG.java:1092)
at org.testng.TestNG.run(TestNG.java:1060)
at org.testng.remote.AbstractRemoteTestNG.run(AbstractRemoteTestNG.java:115)
at org.testng.remote.RemoteTestNG.initAndRun(RemoteTestNG.java:251)
at org.testng.remote.RemoteTestNG.main(RemoteTestNG.java:77)
]]>
            </full-stacktrace>
          </exception> <!-- java.lang.AssertionError -->
          <reporter-output>
          </reporter-output>
        </test-method> <!-- LedgerCode_CTAdjstment_ProfitLoss_CharitableDonations_Debit -->
        <test-method is-config="true" signature="closerDriver()[pri:0, instance:NewLedgerCodeCTPftLos.TC01LedgerCode_7511CharitableDonations@7582ff54]" started-at="2022-03-15T12:08:10 IST" name="closerDriver" finished-at="2022-03-15T12:08:11 IST" duration-ms="797" status="PASS">
          <reporter-output>
          </reporter-output>
        </test-method> <!-- closerDriver -->
        <test-method is-config="true" signature="closeReporter()[pri:0, instance:NewLedgerCodeCTPftLos.TC01LedgerCode_7511CharitableDonations@7582ff54]" started-at="2022-03-15T12:08:11 IST" name="closeReporter" finished-at="2022-03-15T12:08:11 IST" duration-ms="184" status="PASS">
          <reporter-output>
          </reporter-output>
        </test-method> <!-- closeReporter -->
      </class> <!-- NewLedgerCodeCTPftLos.TC01LedgerCode_7511CharitableDonations -->
    </test> <!-- Default test -->
  </suite> <!-- Default suite -->
</testng-results>
