<?xml version="1.0" encoding="UTF-8"?>
<!-- Generated by org.testng.reporters.JUnitReportReporter -->
<testsuite hostname="DESKTOP-A2R1E8A" failures="1" tests="1" name="tests.VerifydirectorsofthecompanyappearingondirectorsreportpageFA69636_DefaultProfile" time="5.053" errors="0" timestamp="2021-08-11T03:45:25 IST" skipped="0">
  <testcase classname="tests.VerifydirectorsofthecompanyappearingondirectorsreportpageFA69636_DefaultProfile" name="GoToUrlAssertUrlPositiveEnterUsernamePositiveEnterPasswordClickLoginButtonPositiveEnterAgentNa" time="5.053">
    <failure message="Expecting URL - http://sandbox4.nomismasolution.co.uk/ssoui/Signin.aspx?token=f5b917d4-181c-41a1-8ab7-ae93557a5a58 Found http://sandbox4.nomismasolution.co.uk/ssoui/Signin.aspx?token=f5b917d4-181c-41a1-8ab7-ae93557a5a58" type="java.lang.AssertionError">
      <![CDATA[java.lang.AssertionError: Expecting URL - http://sandbox4.nomismasolution.co.uk/ssoui/Signin.aspx?token=f5b917d4-181c-41a1-8ab7-ae93557a5a58 Found http://sandbox4.nomismasolution.co.uk/ssoui/Signin.aspx?token=f5b917d4-181c-41a1-8ab7-ae93557a5a58
at org.testng.Assert.fail(Assert.java:97)
at pages.Verify_directors_of_the_company_appearing_on_directors_report_pageFA69636.AssertUrl(Verify_directors_of_the_company_appearing_on_directors_report_pageFA69636.java:127)
at tests.VerifydirectorsofthecompanyappearingondirectorsreportpageFA69636_DefaultProfile.GoToUrlAssertUrlPositiveEnterUsernamePositiveEnterPasswordClickLoginButtonPositiveEnterAgentNa(VerifydirectorsofthecompanyappearingondirectorsreportpageFA69636_DefaultProfile.java:41)
at java.base/jdk.internal.reflect.NativeMethodAccessorImpl.invoke0(Native Method)
at java.base/jdk.internal.reflect.NativeMethodAccessorImpl.invoke(NativeMethodAccessorImpl.java:62)
at java.base/jdk.internal.reflect.DelegatingMethodAccessorImpl.invoke(DelegatingMethodAccessorImpl.java:43)
at java.base/java.lang.reflect.Method.invoke(Method.java:566)
at org.testng.internal.MethodInvocationHelper.invokeMethod(MethodInvocationHelper.java:134)
at org.testng.internal.TestInvoker.invokeMethod(TestInvoker.java:597)
at org.testng.internal.TestInvoker.invokeTestMethod(TestInvoker.java:173)
at org.testng.internal.MethodRunner.runInSequence(MethodRunner.java:46)
at org.testng.internal.TestInvoker$MethodInvocationAgent.invoke(TestInvoker.java:816)
at org.testng.internal.TestInvoker.invokeTestMethods(TestInvoker.java:146)
at org.testng.internal.TestMethodWorker.invokeTestMethods(TestMethodWorker.java:146)
at org.testng.internal.TestMethodWorker.run(TestMethodWorker.java:128)
at java.base/java.util.ArrayList.forEach(ArrayList.java:1540)
at org.testng.TestRunner.privateRun(TestRunner.java:766)
at org.testng.TestRunner.run(TestRunner.java:587)
at org.testng.SuiteRunner.runTest(SuiteRunner.java:384)
at org.testng.SuiteRunner.runSequentially(SuiteRunner.java:378)
at org.testng.SuiteRunner.privateRun(SuiteRunner.java:337)
at org.testng.SuiteRunner.run(SuiteRunner.java:286)
at org.testng.SuiteRunnerWorker.runSuite(SuiteRunnerWorker.java:53)
at org.testng.SuiteRunnerWorker.run(SuiteRunnerWorker.java:96)
at org.testng.TestNG.runSuitesSequentially(TestNG.java:1187)
at org.testng.TestNG.runSuitesLocally(TestNG.java:1109)
at org.testng.TestNG.runSuites(TestNG.java:1039)
at org.testng.TestNG.run(TestNG.java:1007)
at org.testng.remote.AbstractRemoteTestNG.run(AbstractRemoteTestNG.java:115)
at org.testng.remote.RemoteTestNG.initAndRun(RemoteTestNG.java:251)
at org.testng.remote.RemoteTestNG.main(RemoteTestNG.java:77)
]]>
    </failure>
  </testcase> <!-- GoToUrlAssertUrlPositiveEnterUsernamePositiveEnterPasswordClickLoginButtonPositiveEnterAgentNa -->
  <system-out/>
</testsuite> <!-- tests.VerifydirectorsofthecompanyappearingondirectorsreportpageFA69636_DefaultProfile -->
