<?xml version="1.0" encoding="UTF-8"?>
<!-- Generated by org.testng.reporters.JUnitReportReporter -->
<testsuite hostname="DESKTOP-A2R1E8A" failures="1" tests="1" name="tests.VerifyrenamehasbeendoneFA6969_DefaultProfile" time="91.793" errors="0" timestamp="2021-08-11T03:45:25 IST" skipped="0">
  <testcase classname="tests.VerifyrenamehasbeendoneFA6969_DefaultProfile" name="GoToUrlAssertUrlPositiveEnterUsernamePositiveEnterPasswordClickLoginButtonPositiveEnterctl00cP" time="91.793">
    <failure message="expected [CONTENTS	PAGE
Company information	3
Directors&#039; report	4
Directors&#039; responsibilities statement	5
Accountant&#039;s Report	6
Income Statement	7
Statement of Financial Position	8
Notes to the Financial Statements	9 - 11
The following do not form part of the statutory financial statements:
Detailed Income Statement	12] but found [ABC LTD
Contents
For the year ended 4 April 2022
CONTENTS PAGE
Company Information 3
Director&#039;s Report 3 - 5
Income Statement 6
Statement of Financial Position 7
Notes to the Financial Statements 8 - 14
Detailed Income Statement 15 - 16


- 2 -]" type="java.lang.AssertionError">
      <![CDATA[java.lang.AssertionError: expected [CONTENTSPAGE
Company information3
Directors' report4
Directors' responsibilities statement5
Accountant's Report6
Income Statement7
Statement of Financial Position8
Notes to the Financial Statements9 - 11
The following do not form part of the statutory financial statements:
Detailed Income Statement12] but found [ABC LTD
Contents
For the year ended 4 April 2022
CONTENTS PAGE
Company Information 3
Director's Report 3 - 5
Income Statement 6
Statement of Financial Position 7
Notes to the Financial Statements 8 - 14
Detailed Income Statement 15 - 16


- 2 -]
at org.testng.Assert.fail(Assert.java:97)
at org.testng.Assert.assertEqualsImpl(Assert.java:136)
at org.testng.Assert.assertEquals(Assert.java:118)
at org.testng.Assert.assertEquals(Assert.java:575)
at org.testng.Assert.assertEquals(Assert.java:585)
at pages.Verify_rename_has_been_doneFA6969.Click_Full_Accounts(Verify_rename_has_been_doneFA6969.java:541)
at tests.VerifyrenamehasbeendoneFA6969_DefaultProfile.GoToUrlAssertUrlPositiveEnterUsernamePositiveEnterPasswordClickLoginButtonPositiveEnterctl00cP(VerifyrenamehasbeendoneFA6969_DefaultProfile.java:97)
at java.base/jdk.internal.reflect.NativeMethodAccessorImpl.invoke0(Native Method)
at java.base/jdk.internal.reflect.NativeMethodAccessorImpl.invoke(NativeMethodAccessorImpl.java:62)
at java.base/jdk.internal.reflect.DelegatingMethodAccessorImpl.invoke(DelegatingMethodAccessorImpl.java:43)
at java.base/java.lang.reflect.Method.invoke(Method.java:566)
at org.testng.internal.MethodInvocationHelper.invokeMethod(MethodInvocationHelper.java:134)
at org.testng.internal.TestInvoker.invokeMethod(TestInvoker.java:597)
at org.testng.internal.TestInvoker.invokeTestMethod(TestInvoker.java:173)
at org.testng.internal.MethodRunner.runInSequence(MethodRunner.java:46)
at org.testng.internal.TestInvoker$MethodInvocationAgent.invoke(TestInvoker.java:816)
at org.testng.internal.TestInvoker.invokeTestMethods(TestInvoker.java:146)
at org.testng.internal.TestMethodWorker.invokeTestMethods(TestMethodWorker.java:146)
at org.testng.internal.TestMethodWorker.run(TestMethodWorker.java:128)
at java.base/java.util.ArrayList.forEach(ArrayList.java:1540)
at org.testng.TestRunner.privateRun(TestRunner.java:766)
at org.testng.TestRunner.run(TestRunner.java:587)
at org.testng.SuiteRunner.runTest(SuiteRunner.java:384)
at org.testng.SuiteRunner.runSequentially(SuiteRunner.java:378)
at org.testng.SuiteRunner.privateRun(SuiteRunner.java:337)
at org.testng.SuiteRunner.run(SuiteRunner.java:286)
at org.testng.SuiteRunnerWorker.runSuite(SuiteRunnerWorker.java:53)
at org.testng.SuiteRunnerWorker.run(SuiteRunnerWorker.java:96)
at org.testng.TestNG.runSuitesSequentially(TestNG.java:1187)
at org.testng.TestNG.runSuitesLocally(TestNG.java:1109)
at org.testng.TestNG.runSuites(TestNG.java:1039)
at org.testng.TestNG.run(TestNG.java:1007)
at org.testng.remote.AbstractRemoteTestNG.run(AbstractRemoteTestNG.java:115)
at org.testng.remote.RemoteTestNG.initAndRun(RemoteTestNG.java:251)
at org.testng.remote.RemoteTestNG.main(RemoteTestNG.java:77)
]]>
    </failure>
  </testcase> <!-- GoToUrlAssertUrlPositiveEnterUsernamePositiveEnterPasswordClickLoginButtonPositiveEnterctl00cP -->
  <system-out/>
</testsuite> <!-- tests.VerifyrenamehasbeendoneFA6969_DefaultProfile -->
